˙žversion =21
versionrequired =20
publishoption =1
checksum =-2120885410
begin report
    layoutforprint = notdefault
    dividinglines = notdefault
    allowdesignchanges = notdefault
    dategrouping =1
    grpkeeptogether =1
    picturealignment =2
    datasheetgridlinesbehavior =3
    gridx =24
    gridy =24
    width =12360
    datasheetfontheight =11
    itemsuffix =8
    right =19035
    bottom =11985
    datasheetgridlinescolor =14211288
    recsrcdt = begin
        0x915d0622937be640
    end
    guid = begin
        0xe0bd088f6fe895459d04f2dc4ff758c8
    end
    recordsource ="SELECT [qry_Capacity_KPIs].[TotalRequests], [qry_Capacity_KPIs].[AvgResponseTime"
        "], [qry_Capacity_KPIs].[OpenRequests], [qry_Capacity_KPIs].[RespondedRequests] F"
        "ROM qry_Capacity_KPIs; "
    caption ="qry_Capacity_KPIs subreport1"
    datasheetfontname ="Yu Gothic UI"
    prtmip = begin
        0xf0000000f0000000f0000000f000000000000000002d0000d101000001000000 ,
        0x010000006801000000000000a10700000100000001000000
    end
    prtdevmode = begin
        0x0000000000000000000000000000000000000000000000000000000000000000 ,
        0x010400209c000c12032f010001000100ea0a6f08640001000f00580202000100 ,
        0x5802020000004c65747465720000000000000000000000000000000000000000 ,
        0x0000000000000000000000000000000000000000000000000000000001000000 ,
        0x0200000000020000010000000000000000000000000000000000000031304452 ,
        0xd6e70a3c1286f756000000004f040000789c7554cb72db300cfc179f7b883b4d ,
        0xdbe467343009496c4082c3871fe9f4dfbba464cb8d9b9b885d2cc005a8dfbb5c ,
        0x28584a36d2c4797021d652125d76af3baa45db67666153765f3e503d5b47e512 ,
        0x19d428e402c0c4e662842dc8c2a5709a99ac57db39c905442c8f54a5c9d91a85 ,
        0xcf2baae38850cd20a8875820cfc3aade1a698a3ab9d018f758cfe0d1855ef497 ,
        0x1ed678d0e4497acd55d7d9ffe7643ab21e39095d2c151a46271ca9cc2002a518 ,
        0xc5192a4ec3bbaa3f92d426b17f7a02c8810ec242694246e49435f48a2e4ced4a ,
        0xa15d524df51c4a76ef2d6f710571537351bf64011a6a7005b80b66069ad856c3 ,
        0x1cba34c2a32b45bb74d7794c170e5399879e8eee96f63e924ece82e33d185ff7 ,
        0xcf2f9fcb2c941f2fdf3e15590bfd7c6e751e8dd95a7d85bf9e296b72981ec9da ,
        0x3f8e30a5dbda56431316cdb54925451473b96e04268a8fcce51659d6e676c4d8 ,
        0xb43674dfd6b275393337a583ea9bdce7253a8d09cd1c14d34fb7784bbb468206 ,
        0xde52877b48231a56e1b1a0598dcd19154d8713b0fed5c79655ea7aa9efdd8929 ,
        0x519c9dc9eb9a1ff1923ab53b442285cf85f241c8bcdd3a5ad60aa2022bb697d3 ,
        0x0b605133ff7b013c4b38b2dda72eb3594e46a3e3dcecc1617467eb976637fcb1 ,
        0x0afcdcfe020fcf36cf30c0d432989a123c01e70afef90b009c87d50000000000 ,
        0x0000000000000000000000000000000000000000000000000000000000000000 ,
        0x0000000000000000000000000000000000000000000000000000000000000000 ,
        0x0000000000000000000000000000000000000000000000000000000000000000 ,
        0x0000000000000000000000000000000000000000000000000000000000000000 ,
        0x0000000000000000000000000000000000000000000000000000000000000000 ,
        0x0000000000000000000000000000000000000000000000000000000000000000 ,
        0x0000000000000000000000000000000000000000000000000000000000000000 ,
        0x0000000000000000000000000000000000000000000000000000000000000000 ,
        0x0000000000000000000000000000000000000000000000000000000000000000 ,
        0x0000000000000000000000000000000000000000000000000000000000000000 ,
        0x0000000000000000000000000000000000000000000000000000000000000000 ,
        0x0000000000000000000000000000000000000000000000000000000000000000 ,
        0x0000000000000000000000000000000000000000000000000000000000000000 ,
        0x0000000000000000000000000000000000000000000000000000000000000000 ,
        0x0000000000000000000000000000000000000000000000000000000000000000 ,
        0x0000000000000000000000000000000000000000000000000000000000000000 ,
        0x0000000000000000000000000000000000000000000000000000000000000000 ,
        0x0000000000000000000000000000000000000000000000000000000000000000 ,
        0x0000000000000000000000000000000000000000000000000000000000000000 ,
        0x0000000000000000000000000000000000000000000000000000000000000000 ,
        0x0000000000000000000000000000000000000000000000000000000000000000 ,
        0x0000000000000000000000000000000000000000000000000000000000000000 ,
        0x0000000000000000000000000000000000000000000000000000000000000000 ,
        0x0000000000000000000000000000000000000000000000000000000000000000 ,
        0x0000000000000000000000000000000000000000000000000000000000000000 ,
        0x0000000000000000000000000000000000000000000000000000000000000000 ,
        0x0000000000000000000000000000000000000000000000000000000000000000 ,
        0x0000000000000000000000000000000000000000000000000000000000000000 ,
        0x0000000000000000000000000000000000000000000000000000000000000000 ,
        0x0000000000000000000000000000000000000000000000000000000000000000 ,
        0x0000000000000000000000000000000000000000000000000000000000000000 ,
        0x0000000000000000000000000000000000000000000000000000000000000000 ,
        0x0000000000000000000000000000000000000000000000000000000000000000 ,
        0x0000000000000000000000000000000000000000000000000000000000000000 ,
        0x0000000000000000000000000000000000000000000000000000000000000000 ,
        0x0000000000000000000000000000000000000000000000000000000000000000 ,
        0x0000000000000000000000000000000000000000000000000000000000000000 ,
        0x0000000000000000000000000000000000000000000000000000000000000000 ,
        0x0000000000000000000000000000000000000000000000000000000000000000 ,
        0x0000000000000000000000000000000000000000000000000000000000000000 ,
        0x0000000000000000000000000000000000000000000000000000000000000000 ,
        0x0000000000000000000000000000000000000000000000000000000000000000 ,
        0x0000000000000000000000000000000000000000000000000000000000000000 ,
        0x0000000000000000000000000000000000000000000000000000000000000000 ,
        0x0000000000000000000000000000000000000000000000000000000000000000 ,
        0x0000000000000000000000000000000000000000000000000000000000000000 ,
        0x0000000000000000000000000000000000000000000000000000000000000000 ,
        0x0000000000000000000000000000000000000000000000000000000000000000 ,
        0x0000000000000000000000000000000000000000000000000000000000000000 ,
        0x0000000000000000000000000000000000000000000000000000000000000000 ,
        0x0000000000000000000000000000000000000000000000000000000000000000 ,
        0x0000000000000000000000000000000000000000000000000000000000000000 ,
        0x0000000000000000000000000000000000000000000000000000000000000000 ,
        0x0000000000000000000000000000000000000000000000000000000000000000 ,
        0x0000000000000000000000000000000000000000000000000000000000000000 ,
        0x0000000000000000000000000000000000000000000000000000000000000000 ,
        0x0000000000000000000000000000000000000000000000000000000000000000 ,
        0x0000000000000000000000000000000000000000000000000000000000000000 ,
        0x0000000000000000000000000000000000000000000000000000000000000000 ,
        0x0000000000000000000000000000000000000000000000000000000000000000 ,
        0x0000000000000000000000000000000000000000000000000000000000000000 ,
        0x0000000000000000000000000000000000000000000000000000000000000000 ,
        0x0000000000000000000000000000000000000000000000000000000000000000 ,
        0x0000000000000000000000000000000000000000000000000000000000000000 ,
        0x0000000000000000000000000000000000000000000000000000000000000000 ,
        0x0000000000000000000000000000000000000000000000000000000000000000 ,
        0x0000000000000000000000000000000000000000000000000000000000000000 ,
        0x0000000000000000000000000000000000000000000000000000000000000000 ,
        0x0000000000000000000000000000000000000000000000000000000000000000 ,
        0x0000000000000000000000000000000000000000000000000000000000000000 ,
        0x0000000000000000000000000000000000000000000000000000000000000000 ,
        0x0000000000000000000000000000000000000000000000000000000000000000 ,
        0x0000000000000000000000000000000000000000000000000000000000000000 ,
        0x0000000000000000000000000000000000000000000000000000000000000000 ,
        0x0000000000000000000000000000000000000000000000000000000000000000 ,
        0x0000000000000000000000000000000000000000000000000000000000000000 ,
        0x0000000000000000000000000000000000000000000000000000000000000000 ,
        0x0000000000000000000000000000000000000000000000000000000000000000 ,
        0x0000000000000000000000000000000000000000000000000000000000000000 ,
        0x0000000000000000000000000000000000000000000000000000000000000000 ,
        0x0000000000000000000000000000000000000000000000000000000000000000 ,
        0x0000000000000000000000000000000000000000000000000000000000000000 ,
        0x0000000000000000000000000000000000000000000000000000000000000000 ,
        0x0000000000000000000000000000000000000000000000000000000000000000 ,
        0x0000000000000000000000000000000000000000000000000000000000000000 ,
        0x0000000000000000000000000000000000000000000000000000000000000000 ,
        0x0000000000000000000000000000000000000000000000000000000000000000 ,
        0x0000000000000000000000000000000000000000000000000000000000000000 ,
        0x0000000000000000000000000000000000000000000000000000000000000000 ,
        0x0000000000000000000000000000000000000000000000000000000000000000 ,
        0x0000000000000000000000000000000000000000000000000000000000000000 ,
        0x0000000000000000000000000000000000000000000000000000000000000000 ,
        0x0000000000000000000000000000000000000000000000000000000000000000 ,
        0x0000000000000000000000000000000000000000000000000000000000000000 ,
        0x0000000000000000000000000000000000000000000000000000000000000000 ,
        0x0000000000000000000000000000000000000000000000000000000000000000 ,
        0x0000000000000000000000000000000000000000000000000000000000000000 ,
        0x0000000000000000000000000000000000000000000000000000000000000000 ,
        0x0000000000000000000000000000000000000000000000000000000000000000 ,
        0x0000000000000000000000000000000000000000000000000000000000000000 ,
        0x0000000000000000000000000000000000000000000000000000000000000000 ,
        0x0000000000000000000000000000000000000000000000000000000000000000 ,
        0x0000000000000000000000000000000000000000000000000000000000000000 ,
        0x0000000000000000000000000000000000000000000000000000000000000000 ,
        0x0000000000000000000000000000000000000000000000000000000000000000 ,
        0x0000000000000000000000000000000000000000000000000000000000000000 ,
        0x0000000000000000000000000000000000000000000000000000000000000000 ,
        0x0000000000000000000000000000000000000000000000000000000000000000 ,
        0x0000000000000000000000000000000000000000000000000000000000000000 ,
        0x0000000000000000000000000000000000000000000000000000000000000000 ,
        0x0000000000000000000000000000000000000000000000000000000000000000 ,
        0x0000000000000000000000000000000000000000000000000000000000000000 ,
        0x0000000000000000000000000000000000000000000000000000000000000000 ,
        0x0000000000000000000000000000000000000000000000000000000000000000 ,
        0x0000000000000000000000000000000000000000000000000000000000000000 ,
        0x0000000000000000000000000000000000000000000000000000000000000000 ,
        0x0000000000000000000000000000000000000000000000000000000000000000 ,
        0x0000000000000000000000000000000000000000000000000000000000000000 ,
        0x0000000000000000000000000000000000000000000000000000000000000000 ,
        0x0000000000000000000000000000000000000000000000000000000000000000 ,
        0x0000000000000000000000000000000000000000000000000000000000000000 ,
        0x0000000000000000000000000000000000000000000000000000000000000000 ,
        0x0000000000000000000000000000000000000000000000000000000000000000 ,
        0x0000000000000000000000000000000000000000000000000000000000000000 ,
        0x0000000000000000000000000000000000000000000000000000000000000000 ,
        0x0000000000000000000000000000000000000000000000000000000000000000 ,
        0x0000000000000000000000000000000000000000000000000000000000000000 ,
        0x0000000000000000000000000000000000000000000000000000000000000000 ,
        0x0000000000000000
    end
    prtdevnames = begin
        0x080029003f000100000000000000000000000000000000000000000000000000 ,
        0x0000000000000000000000000000000000000000000000000000000000000031 ,
        0x302e3130362e3234392e313200
    end
    filteronload =0
    fittopage =1
    displayonsharepointsite =1
    datasheetalternatebackcolor =15921906
    datasheetgridlinescolor12 =0
    fittoscreen =1
    datasheetbackthemecolorindex =1
    borderthemecolorindex =3
    themefontindex =1
    forethemecolorindex =0
    alternatebackthemecolorindex =1
    alternatebackshade =95.0
    prtdevmodew = begin
        0x0000000000000000000000000000000000000000000000000000000000000000 ,
        0x45005300490047004e0000002d0044003300440030002d003400420036000000 ,
        0x01040020dc000c12032f010001000100ea0a6f08640001000f00580202000100 ,
        0x5802020000004c00650074007400650072000000000000000000000000000000 ,
        0x383cecf3f67f0000000000000000000000000000000000000000000000000000 ,
        0x0000000000000000000000000000000000000000000000000000000001000000 ,
        0x0200000000020000010000000000000000000000000000000000000031304452 ,
        0xd6e70a3c1286f756000000004f040000789c7554cb72db300cfc179f7b883b4d ,
        0xdbe467343009496c4082c3871fe9f4dfbba464cb8d9b9b885d2cc005a8dfbb5c ,
        0x28584a36d2c4797021d652125d76af3baa45db67666153765f3e503d5b47e512 ,
        0x19d428e402c0c4e662842dc8c2a5709a99ac57db39c905442c8f54a5c9d91a85 ,
        0xcf2baae38850cd20a8875820cfc3aade1a698a3ab9d018f758cfe0d1855ef497 ,
        0x1ed678d0e4497acd55d7d9ffe7643ab21e39095d2c151a46271ca9cc2002a518 ,
        0xc5192a4ec3bbaa3f92d426b17f7a02c8810ec242694246e49435f48a2e4ced4a ,
        0xa15d524df51c4a76ef2d6f710571537351bf64011a6a7005b80b66069ad856c3 ,
        0x1cba34c2a32b45bb74d7794c170e5399879e8eee96f63e924ece82e33d185ff7 ,
        0xcf2f9fcb2c941f2fdf3e15590bfd7c6e751e8dd95a7d85bf9e296b72981ec9da ,
        0x3f8e30a5dbda56431316cdb54925451473b96e04268a8fcce51659d6e676c4d8 ,
        0xb43674dfd6b275393337a583ea9bdce7253a8d09cd1c14d34fb7784bbb468206 ,
        0xde52877b48231a56e1b1a0598dcd19154d8713b0fed5c79655ea7aa9efdd8929 ,
        0x519c9dc9eb9a1ff1923ab53b442285cf85f241c8bcdd3a5ad60aa2022bb697d3 ,
        0x0b605133ff7b013c4b38b2dda72eb3594e46a3e3dcecc1617467eb976637fcb1 ,
        0x0afcdcfe020fcf36cf30c0d432989a123c01e70afef90b009c87d50000000000 ,
        0x0000000000000000000000000000000000000000000000000000000000000000 ,
        0x0000000000000000000000000000000000000000000000000000000000000000 ,
        0x0000000000000000000000000000000000000000000000000000000000000000 ,
        0x0000000000000000000000000000000000000000000000000000000000000000 ,
        0x0000000000000000000000000000000000000000000000000000000000000000 ,
        0x0000000000000000000000000000000000000000000000000000000000000000 ,
        0x0000000000000000000000000000000000000000000000000000000000000000 ,
        0x0000000000000000000000000000000000000000000000000000000000000000 ,
        0x0000000000000000000000000000000000000000000000000000000000000000 ,
        0x0000000000000000000000000000000000000000000000000000000000000000 ,
        0x0000000000000000000000000000000000000000000000000000000000000000 ,
        0x0000000000000000000000000000000000000000000000000000000000000000 ,
        0x0000000000000000000000000000000000000000000000000000000000000000 ,
        0x0000000000000000000000000000000000000000000000000000000000000000 ,
        0x0000000000000000000000000000000000000000000000000000000000000000 ,
        0x0000000000000000000000000000000000000000000000000000000000000000 ,
        0x0000000000000000000000000000000000000000000000000000000000000000 ,
        0x0000000000000000000000000000000000000000000000000000000000000000 ,
        0x0000000000000000000000000000000000000000000000000000000000000000 ,
        0x0000000000000000000000000000000000000000000000000000000000000000 ,
        0x0000000000000000000000000000000000000000000000000000000000000000 ,
        0x0000000000000000000000000000000000000000000000000000000000000000 ,
        0x0000000000000000000000000000000000000000000000000000000000000000 ,
        0x0000000000000000000000000000000000000000000000000000000000000000 ,
        0x0000000000000000000000000000000000000000000000000000000000000000 ,
        0x0000000000000000000000000000000000000000000000000000000000000000 ,
        0x0000000000000000000000000000000000000000000000000000000000000000 ,
        0x0000000000000000000000000000000000000000000000000000000000000000 ,
        0x0000000000000000000000000000000000000000000000000000000000000000 ,
        0x0000000000000000000000000000000000000000000000000000000000000000 ,
        0x0000000000000000000000000000000000000000000000000000000000000000 ,
        0x0000000000000000000000000000000000000000000000000000000000000000 ,
        0x0000000000000000000000000000000000000000000000000000000000000000 ,
        0x0000000000000000000000000000000000000000000000000000000000000000 ,
        0x0000000000000000000000000000000000000000000000000000000000000000 ,
        0x0000000000000000000000000000000000000000000000000000000000000000 ,
        0x0000000000000000000000000000000000000000000000000000000000000000 ,
        0x0000000000000000000000000000000000000000000000000000000000000000 ,
        0x0000000000000000000000000000000000000000000000000000000000000000 ,
        0x0000000000000000000000000000000000000000000000000000000000000000 ,
        0x0000000000000000000000000000000000000000000000000000000000000000 ,
        0x0000000000000000000000000000000000000000000000000000000000000000 ,
        0x0000000000000000000000000000000000000000000000000000000000000000 ,
        0x0000000000000000000000000000000000000000000000000000000000000000 ,
        0x0000000000000000000000000000000000000000000000000000000000000000 ,
        0x0000000000000000000000000000000000000000000000000000000000000000 ,
        0x0000000000000000000000000000000000000000000000000000000000000000 ,
        0x0000000000000000000000000000000000000000000000000000000000000000 ,
        0x0000000000000000000000000000000000000000000000000000000000000000 ,
        0x0000000000000000000000000000000000000000000000000000000000000000 ,
        0x0000000000000000000000000000000000000000000000000000000000000000 ,
        0x0000000000000000000000000000000000000000000000000000000000000000 ,
        0x0000000000000000000000000000000000000000000000000000000000000000 ,
        0x0000000000000000000000000000000000000000000000000000000000000000 ,
        0x0000000000000000000000000000000000000000000000000000000000000000 ,
        0x0000000000000000000000000000000000000000000000000000000000000000 ,
        0x0000000000000000000000000000000000000000000000000000000000000000 ,
        0x0000000000000000000000000000000000000000000000000000000000000000 ,
        0x0000000000000000000000000000000000000000000000000000000000000000 ,
        0x0000000000000000000000000000000000000000000000000000000000000000 ,
        0x0000000000000000000000000000000000000000000000000000000000000000 ,
        0x0000000000000000000000000000000000000000000000000000000000000000 ,
        0x0000000000000000000000000000000000000000000000000000000000000000 ,
        0x0000000000000000000000000000000000000000000000000000000000000000 ,
        0x0000000000000000000000000000000000000000000000000000000000000000 ,
        0x0000000000000000000000000000000000000000000000000000000000000000 ,
        0x0000000000000000000000000000000000000000000000000000000000000000 ,
        0x0000000000000000000000000000000000000000000000000000000000000000 ,
        0x0000000000000000000000000000000000000000000000000000000000000000 ,
        0x0000000000000000000000000000000000000000000000000000000000000000 ,
        0x0000000000000000000000000000000000000000000000000000000000000000 ,
        0x0000000000000000000000000000000000000000000000000000000000000000 ,
        0x0000000000000000000000000000000000000000000000000000000000000000 ,
        0x0000000000000000000000000000000000000000000000000000000000000000 ,
        0x0000000000000000000000000000000000000000000000000000000000000000 ,
        0x0000000000000000000000000000000000000000000000000000000000000000 ,
        0x0000000000000000000000000000000000000000000000000000000000000000 ,
        0x0000000000000000000000000000000000000000000000000000000000000000 ,
        0x0000000000000000000000000000000000000000000000000000000000000000 ,
        0x0000000000000000000000000000000000000000000000000000000000000000 ,
        0x0000000000000000000000000000000000000000000000000000000000000000 ,
        0x0000000000000000000000000000000000000000000000000000000000000000 ,
        0x0000000000000000000000000000000000000000000000000000000000000000 ,
        0x0000000000000000000000000000000000000000000000000000000000000000 ,
        0x0000000000000000000000000000000000000000000000000000000000000000 ,
        0x0000000000000000000000000000000000000000000000000000000000000000 ,
        0x0000000000000000000000000000000000000000000000000000000000000000 ,
        0x0000000000000000000000000000000000000000000000000000000000000000 ,
        0x0000000000000000000000000000000000000000000000000000000000000000 ,
        0x0000000000000000000000000000000000000000000000000000000000000000 ,
        0x0000000000000000000000000000000000000000000000000000000000000000 ,
        0x0000000000000000000000000000000000000000000000000000000000000000 ,
        0x0000000000000000000000000000000000000000000000000000000000000000 ,
        0x0000000000000000000000000000000000000000000000000000000000000000 ,
        0x0000000000000000000000000000000000000000000000000000000000000000 ,
        0x0000000000000000000000000000000000000000000000000000000000000000 ,
        0x0000000000000000000000000000000000000000000000000000000000000000 ,
        0x0000000000000000000000000000000000000000000000000000000000000000 ,
        0x0000000000000000000000000000000000000000000000000000000000000000 ,
        0x0000000000000000000000000000000000000000000000000000000000000000 ,
        0x0000000000000000000000000000000000000000000000000000000000000000 ,
        0x0000000000000000000000000000000000000000000000000000000000000000 ,
        0x0000000000000000000000000000000000000000000000000000000000000000 ,
        0x0000000000000000000000000000000000000000000000000000000000000000 ,
        0x0000000000000000000000000000000000000000000000000000000000000000 ,
        0x0000000000000000000000000000000000000000000000000000000000000000 ,
        0x0000000000000000000000000000000000000000000000000000000000000000 ,
        0x0000000000000000000000000000000000000000000000000000000000000000 ,
        0x0000000000000000000000000000000000000000000000000000000000000000 ,
        0x0000000000000000000000000000000000000000000000000000000000000000 ,
        0x0000000000000000000000000000000000000000000000000000000000000000 ,
        0x0000000000000000000000000000000000000000000000000000000000000000 ,
        0x0000000000000000000000000000000000000000000000000000000000000000 ,
        0x0000000000000000000000000000000000000000000000000000000000000000 ,
        0x0000000000000000000000000000000000000000000000000000000000000000 ,
        0x0000000000000000000000000000000000000000000000000000000000000000 ,
        0x0000000000000000000000000000000000000000000000000000000000000000 ,
        0x0000000000000000000000000000000000000000000000000000000000000000 ,
        0x0000000000000000000000000000000000000000000000000000000000000000 ,
        0x0000000000000000000000000000000000000000000000000000000000000000 ,
        0x0000000000000000000000000000000000000000000000000000000000000000 ,
        0x0000000000000000000000000000000000000000000000000000000000000000 ,
        0x0000000000000000000000000000000000000000000000000000000000000000 ,
        0x0000000000000000000000000000000000000000000000000000000000000000 ,
        0x0000000000000000000000000000000000000000000000000000000000000000 ,
        0x0000000000000000000000000000000000000000000000000000000000000000 ,
        0x0000000000000000000000000000000000000000000000000000000000000000 ,
        0x0000000000000000000000000000000000000000000000000000000000000000 ,
        0x0000000000000000
    end
    prtdevnamesw = begin
        0x040025003b000100000000000000000000000000000000000000000000000000 ,
        0x0000000000000000000000000000000000000000000000000000000000000000 ,
        0x0000000000000000000000000000000000000000000000000000000000000000 ,
        0x00000000000000000000000000000000000000000000310030002e0031003000 ,
        0x36002e003200340039002e00310032000000
    end
    nosavectiwhendisabled =1
    begin
        begin label
            backstyle =0
            fontsize =11
            bordercolor =8355711
            forecolor =6710886
            fontname ="Yu Gothic UI"
            gridlinecolor =10921638
            themefontindex =1
            backthemecolorindex =1
            borderthemecolorindex =0
            bordertint =50.0
            forethemecolorindex =0
            foretint =60.0
            gridlinethemecolorindex =1
            gridlineshade =65.0
        end
        begin textbox
            addcolon = notdefault
            felinebreak = notdefault
            borderlinestyle =0
            labelx =-1800
            fontsize =11
            bordercolor =10921638
            forecolor =4210752
            fontname ="Yu Gothic UI"
            asianlinebreak =1
            gridlinecolor =10921638
            showdatepicker =0
            backthemecolorindex =1
            borderthemecolorindex =1
            bordershade =65.0
            themefontindex =1
            forethemecolorindex =0
            foretint =75.0
            gridlinethemecolorindex =1
            gridlineshade =65.0
        end
        begin formheader
            keeptogether = notdefault
            height =450
            backcolor =14277081
            name ="ReportHeader"
            guid = begin
                0xa57c308d823dd640b136ff740053ea38
            end
            autoheight =1
            alternatebackthemecolorindex =1
            alternatebackshade =95.0
            backthemecolorindex =2
            backtint =20.0
            begin
                begin label
                    textalign =3
                    left =180
                    top =60
                    width =1560
                    height =330
                    name ="TotalRequests_Label"
                    caption ="Total Requests"
                    tag ="DetachedLabel"
                    guid = begin
                        0xd6bb22b0252f0c45a73dacdd2f6a0181
                    end
                    gridlinestylebottom =1
                    layoutcachedleft =180
                    layoutcachedtop =60
                    layoutcachedwidth =1740
                    layoutcachedheight =390
                end
                begin label
                    textalign =1
                    left =1800
                    top =60
                    width =3240
                    height =330
                    name ="AvgResponseTime_Label"
                    caption ="Avg Response Time"
                    tag ="DetachedLabel"
                    guid = begin
                        0xccaa6ca09e44ee42ba0f742e395134d2
                    end
                    gridlinestylebottom =1
                    layoutcachedleft =1800
                    layoutcachedtop =60
                    layoutcachedwidth =5040
                    layoutcachedheight =390
                end
                begin label
                    textalign =1
                    left =5100
                    top =60
                    width =3240
                    height =330
                    name ="OpenRequests_Label"
                    caption ="Open Requests"
                    tag ="DetachedLabel"
                    guid = begin
                        0x7f84d9a3b339104d8f974b05b582a853
                    end
                    gridlinestylebottom =1
                    layoutcachedleft =5100
                    layoutcachedtop =60
                    layoutcachedwidth =8340
                    layoutcachedheight =390
                end
                begin label
                    textalign =1
                    left =8400
                    top =60
                    width =3060
                    height =330
                    name ="RespondedRequests_Label"
                    caption ="Responded Requests"
                    tag ="DetachedLabel"
                    guid = begin
                        0xb37336ee767b6d44aa809e0cf191d7b1
                    end
                    gridlinestylebottom =1
                    layoutcachedleft =8400
                    layoutcachedtop =60
                    layoutcachedwidth =11460
                    layoutcachedheight =390
                end
            end
        end
        begin pageheader
            height =0
            name ="PageHeaderSection"
            guid = begin
                0xf283e9a80a2b8146a441a055584013af
            end
            alternatebackthemecolorindex =1
            alternatebackshade =95.0
            backthemecolorindex =1
        end
        begin section
            keeptogether = notdefault
            height =405
            name ="Detail"
            guid = begin
                0x4635d6f375513f428d211d8294db7d0e
            end
            alternatebackcolor =15921906
            alternatebackthemecolorindex =1
            alternatebackshade =95.0
            backthemecolorindex =1
            begin
                begin textbox
                    oldborderstyle =0
                    textalign =1
                    imesentencemode =3
                    left =180
                    top =60
                    width =1560
                    height =345
                    name ="TotalRequests"
                    controlsource ="TotalRequests"
                    guid = begin
                        0xa4697635ce75724eb749e8136d4e6ce1
                    end

                    layoutcachedleft =180
                    layoutcachedtop =60
                    layoutcachedwidth =1740
                    layoutcachedheight =405
                end
                begin textbox
                    decimalplaces =0
                    oldborderstyle =0
                    textalign =1
                    imesentencemode =3
                    left =1800
                    top =60
                    width =3240
                    height =345
                    tabindex =1
                    name ="AvgResponseTime"
                    controlsource ="AvgResponseTime"
                    format ="0"
                    guid = begin
                        0xfb2af84ba8fd9c4baebf13d1c64e836c
                    end

                    layoutcachedleft =1800
                    layoutcachedtop =60
                    layoutcachedwidth =5040
                    layoutcachedheight =405
                end
                begin textbox
                    oldborderstyle =0
                    textalign =1
                    imesentencemode =3
                    left =5100
                    top =60
                    width =3240
                    height =345
                    tabindex =2
                    name ="OpenRequests"
                    controlsource ="OpenRequests"
                    guid = begin
                        0x843d602abed8604abbf919cd47ad50c4
                    end

                    layoutcachedleft =5100
                    layoutcachedtop =60
                    layoutcachedwidth =8340
                    layoutcachedheight =405
                end
                begin textbox
                    oldborderstyle =0
                    textalign =1
                    imesentencemode =3
                    left =8400
                    top =60
                    width =3060
                    height =345
                    tabindex =3
                    name ="RespondedRequests"
                    controlsource ="RespondedRequests"
                    guid = begin
                        0xee469d0c4bc4e44fb06a323346ef9ade
                    end

                    layoutcachedleft =8400
                    layoutcachedtop =60
                    layoutcachedwidth =11460
                    layoutcachedheight =405
                end
            end
        end
        begin pagefooter
            height =0
            name ="PageFooterSection"
            guid = begin
                0xe300558a3da3c84294801d54f4a97058
            end
            autoheight =1
            alternatebackthemecolorindex =1
            alternatebackshade =95.0
            backthemecolorindex =1
        end
        begin formfooter
            keeptogether = notdefault
            height =0
            name ="ReportFooter"
            guid = begin
                0xef6b31824806b34b8c26fdaa685cf015
            end
            autoheight =1
            alternatebackthemecolorindex =1
            alternatebackshade =95.0
            backthemecolorindex =1
        end
    end
end
