˙žversion =21
versionrequired =20
publishoption =1
checksum =-1628747522
begin report
    layoutforprint = notdefault
    dividinglines = notdefault
    allowdesignchanges = notdefault
    dategrouping =1
    grpkeeptogether =1
    picturealignment =2
    datasheetgridlinesbehavior =3
    gridx =24
    gridy =24
    width =14940
    datasheetfontheight =11
    itemsuffix =51
    right =19035
    bottom =11985
    datasheetgridlinescolor =14211288
    filter ="[Unit] = 3"
    recsrcdt = begin
        0x2287c35c8b7ce640
    end
    guid = begin
        0x3e15cdd187dca646a4284ddf353afbfb
    end
    recordsource ="qry_PastDueRequests"
    caption ="rpt_PastDue"
    datasheetfontname ="Yu Gothic UI"
    prtmip = begin
        0x6801000068010000680100006801000000000000c07b0000ae01000001000000 ,
        0x010000006801000000000000a10700000100000001000000
    end
    prtdevmode = begin
        0x0000000000000000000000000000000000000000000000000000000000000000 ,
        0x010400209c000c12032f010002000100ea0a6f08640001000f00580202000100 ,
        0x5802020000004c65747465720000000000000000000000000000000000000000 ,
        0x0000000000000000000000000000000000000000000000000000000001000000 ,
        0x0200000000020000010000000000000000000000000000000000000031304452 ,
        0xd6e70a3c1286f756000000004f040000789c7554cb72db300cfc179f7b883b4d ,
        0xdbe467343009496c4082c3871fe9f4dfbba464cb8d9b9b885d2cc005a8dfbb5c ,
        0x28584a36d2c4797021d652125d76af3baa45db67666153765f3e503d5b47e512 ,
        0x19d428e402c0c4e662842dc8c2a5709a99ac57db39c905442c8f54a5c9d91a85 ,
        0xcf2baae38850cd20a8875820cfc3aade1a698a3ab9d018f758cfe0d1855ef497 ,
        0x1ed678d0e4497acd55d7d9ffe7643ab21e39095d2c151a46271ca9cc2002a518 ,
        0xc5192a4ec3bbaa3f92d426b17f7a02c8810ec242694246e49435f48a2e4ced4a ,
        0xa15d524df51c4a76ef2d6f710571537351bf64011a6a7005b80b66069ad856c3 ,
        0x1cba34c2a32b45bb74d7794c170e5399879e8eee96f63e924ece82e33d185ff7 ,
        0xcf2f9fcb2c941f2fdf3e15590bfd7c6e751e8dd95a7d85bf9e296b72981ec9da ,
        0x3f8e30a5dbda56431316cdb54925451473b96e04268a8fcce51659d6e676c4d8 ,
        0xb43674dfd6b275393337a583ea9bdce7253a8d09cd1c14d34fb7784bbb468206 ,
        0xde52877b48231a56e1b1a0598dcd19154d8713b0fed5c79655ea7aa9efdd8929 ,
        0x519c9dc9eb9a1ff1923ab53b442285cf85f241c8bcdd3a5ad60aa2022bb697d3 ,
        0x0b605133ff7b013c4b38b2dda72eb3594e46a3e3dcecc1617467eb976637fcb1 ,
        0x0afcdcfe020fcf36cf30c0d432989a123c01e70afef90b009c87d50000000000 ,
        0x0000000000000000000000000000000000000000000000000000000000000000 ,
        0x0000000000000000000000000000000000000000000000000000000000000000 ,
        0x0000000000000000000000000000000000000000000000000000000000000000 ,
        0x0000000000000000000000000000000000000000000000000000000000000000 ,
        0x0000000000000000000000000000000000000000000000000000000000000000 ,
        0x0000000000000000000000000000000000000000000000000000000000000000 ,
        0x0000000000000000000000000000000000000000000000000000000000000000 ,
        0x0000000000000000000000000000000000000000000000000000000000000000 ,
        0x0000000000000000000000000000000000000000000000000000000000000000 ,
        0x0000000000000000000000000000000000000000000000000000000000000000 ,
        0x0000000000000000000000000000000000000000000000000000000000000000 ,
        0x0000000000000000000000000000000000000000000000000000000000000000 ,
        0x0000000000000000000000000000000000000000000000000000000000000000 ,
        0x0000000000000000000000000000000000000000000000000000000000000000 ,
        0x0000000000000000000000000000000000000000000000000000000000000000 ,
        0x0000000000000000000000000000000000000000000000000000000000000000 ,
        0x0000000000000000000000000000000000000000000000000000000000000000 ,
        0x0000000000000000000000000000000000000000000000000000000000000000 ,
        0x0000000000000000000000000000000000000000000000000000000000000000 ,
        0x0000000000000000000000000000000000000000000000000000000000000000 ,
        0x0000000000000000000000000000000000000000000000000000000000000000 ,
        0x0000000000000000000000000000000000000000000000000000000000000000 ,
        0x0000000000000000000000000000000000000000000000000000000000000000 ,
        0x0000000000000000000000000000000000000000000000000000000000000000 ,
        0x0000000000000000000000000000000000000000000000000000000000000000 ,
        0x0000000000000000000000000000000000000000000000000000000000000000 ,
        0x0000000000000000000000000000000000000000000000000000000000000000 ,
        0x0000000000000000000000000000000000000000000000000000000000000000 ,
        0x0000000000000000000000000000000000000000000000000000000000000000 ,
        0x0000000000000000000000000000000000000000000000000000000000000000 ,
        0x0000000000000000000000000000000000000000000000000000000000000000 ,
        0x0000000000000000000000000000000000000000000000000000000000000000 ,
        0x0000000000000000000000000000000000000000000000000000000000000000 ,
        0x0000000000000000000000000000000000000000000000000000000000000000 ,
        0x0000000000000000000000000000000000000000000000000000000000000000 ,
        0x0000000000000000000000000000000000000000000000000000000000000000 ,
        0x0000000000000000000000000000000000000000000000000000000000000000 ,
        0x0000000000000000000000000000000000000000000000000000000000000000 ,
        0x0000000000000000000000000000000000000000000000000000000000000000 ,
        0x0000000000000000000000000000000000000000000000000000000000000000 ,
        0x0000000000000000000000000000000000000000000000000000000000000000 ,
        0x0000000000000000000000000000000000000000000000000000000000000000 ,
        0x0000000000000000000000000000000000000000000000000000000000000000 ,
        0x0000000000000000000000000000000000000000000000000000000000000000 ,
        0x0000000000000000000000000000000000000000000000000000000000000000 ,
        0x0000000000000000000000000000000000000000000000000000000000000000 ,
        0x0000000000000000000000000000000000000000000000000000000000000000 ,
        0x0000000000000000000000000000000000000000000000000000000000000000 ,
        0x0000000000000000000000000000000000000000000000000000000000000000 ,
        0x0000000000000000000000000000000000000000000000000000000000000000 ,
        0x0000000000000000000000000000000000000000000000000000000000000000 ,
        0x0000000000000000000000000000000000000000000000000000000000000000 ,
        0x0000000000000000000000000000000000000000000000000000000000000000 ,
        0x0000000000000000000000000000000000000000000000000000000000000000 ,
        0x0000000000000000000000000000000000000000000000000000000000000000 ,
        0x0000000000000000000000000000000000000000000000000000000000000000 ,
        0x0000000000000000000000000000000000000000000000000000000000000000 ,
        0x0000000000000000000000000000000000000000000000000000000000000000 ,
        0x0000000000000000000000000000000000000000000000000000000000000000 ,
        0x0000000000000000000000000000000000000000000000000000000000000000 ,
        0x0000000000000000000000000000000000000000000000000000000000000000 ,
        0x0000000000000000000000000000000000000000000000000000000000000000 ,
        0x0000000000000000000000000000000000000000000000000000000000000000 ,
        0x0000000000000000000000000000000000000000000000000000000000000000 ,
        0x0000000000000000000000000000000000000000000000000000000000000000 ,
        0x0000000000000000000000000000000000000000000000000000000000000000 ,
        0x0000000000000000000000000000000000000000000000000000000000000000 ,
        0x0000000000000000000000000000000000000000000000000000000000000000 ,
        0x0000000000000000000000000000000000000000000000000000000000000000 ,
        0x0000000000000000000000000000000000000000000000000000000000000000 ,
        0x0000000000000000000000000000000000000000000000000000000000000000 ,
        0x0000000000000000000000000000000000000000000000000000000000000000 ,
        0x0000000000000000000000000000000000000000000000000000000000000000 ,
        0x0000000000000000000000000000000000000000000000000000000000000000 ,
        0x0000000000000000000000000000000000000000000000000000000000000000 ,
        0x0000000000000000000000000000000000000000000000000000000000000000 ,
        0x0000000000000000000000000000000000000000000000000000000000000000 ,
        0x0000000000000000000000000000000000000000000000000000000000000000 ,
        0x0000000000000000000000000000000000000000000000000000000000000000 ,
        0x0000000000000000000000000000000000000000000000000000000000000000 ,
        0x0000000000000000000000000000000000000000000000000000000000000000 ,
        0x0000000000000000000000000000000000000000000000000000000000000000 ,
        0x0000000000000000000000000000000000000000000000000000000000000000 ,
        0x0000000000000000000000000000000000000000000000000000000000000000 ,
        0x0000000000000000000000000000000000000000000000000000000000000000 ,
        0x0000000000000000000000000000000000000000000000000000000000000000 ,
        0x0000000000000000000000000000000000000000000000000000000000000000 ,
        0x0000000000000000000000000000000000000000000000000000000000000000 ,
        0x0000000000000000000000000000000000000000000000000000000000000000 ,
        0x0000000000000000000000000000000000000000000000000000000000000000 ,
        0x0000000000000000000000000000000000000000000000000000000000000000 ,
        0x0000000000000000000000000000000000000000000000000000000000000000 ,
        0x0000000000000000000000000000000000000000000000000000000000000000 ,
        0x0000000000000000000000000000000000000000000000000000000000000000 ,
        0x0000000000000000000000000000000000000000000000000000000000000000 ,
        0x0000000000000000000000000000000000000000000000000000000000000000 ,
        0x0000000000000000000000000000000000000000000000000000000000000000 ,
        0x0000000000000000000000000000000000000000000000000000000000000000 ,
        0x0000000000000000000000000000000000000000000000000000000000000000 ,
        0x0000000000000000000000000000000000000000000000000000000000000000 ,
        0x0000000000000000000000000000000000000000000000000000000000000000 ,
        0x0000000000000000000000000000000000000000000000000000000000000000 ,
        0x0000000000000000000000000000000000000000000000000000000000000000 ,
        0x0000000000000000000000000000000000000000000000000000000000000000 ,
        0x0000000000000000000000000000000000000000000000000000000000000000 ,
        0x0000000000000000000000000000000000000000000000000000000000000000 ,
        0x0000000000000000000000000000000000000000000000000000000000000000 ,
        0x0000000000000000000000000000000000000000000000000000000000000000 ,
        0x0000000000000000000000000000000000000000000000000000000000000000 ,
        0x0000000000000000000000000000000000000000000000000000000000000000 ,
        0x0000000000000000000000000000000000000000000000000000000000000000 ,
        0x0000000000000000000000000000000000000000000000000000000000000000 ,
        0x0000000000000000000000000000000000000000000000000000000000000000 ,
        0x0000000000000000000000000000000000000000000000000000000000000000 ,
        0x0000000000000000000000000000000000000000000000000000000000000000 ,
        0x0000000000000000000000000000000000000000000000000000000000000000 ,
        0x0000000000000000000000000000000000000000000000000000000000000000 ,
        0x0000000000000000000000000000000000000000000000000000000000000000 ,
        0x0000000000000000000000000000000000000000000000000000000000000000 ,
        0x0000000000000000000000000000000000000000000000000000000000000000 ,
        0x0000000000000000000000000000000000000000000000000000000000000000 ,
        0x0000000000000000000000000000000000000000000000000000000000000000 ,
        0x0000000000000000000000000000000000000000000000000000000000000000 ,
        0x0000000000000000000000000000000000000000000000000000000000000000 ,
        0x0000000000000000000000000000000000000000000000000000000000000000 ,
        0x0000000000000000000000000000000000000000000000000000000000000000 ,
        0x0000000000000000000000000000000000000000000000000000000000000000 ,
        0x0000000000000000000000000000000000000000000000000000000000000000 ,
        0x0000000000000000
    end
    prtdevnames = begin
        0x080029003f000100000000000000000000000000000000000000000000000000 ,
        0x0000000000000000000000000000000000000000000000000000000000000031 ,
        0x302e3130362e3234392e313200
    end
    filteronload =0
    fittopage =1
    displayonsharepointsite =1
    datasheetalternatebackcolor =15921906
    datasheetgridlinescolor12 =0
    fittoscreen =1
    datasheetbackthemecolorindex =1
    borderthemecolorindex =3
    themefontindex =1
    forethemecolorindex =0
    alternatebackthemecolorindex =1
    alternatebackshade =95.0
    prtdevmodew = begin
        0x0000000000000000000000000000000000000000000000000000000000000000 ,
        0x45005300490047004e0000002d0044003300440030002d003400420036000000 ,
        0x01040020dc000c12032f010002000100ea0a6f08640001000f00580202000100 ,
        0x5802020000004c006500740074006500720000002902000000007cf829020000 ,
        0xac027cf829020000000000000000000000000000000000000000000000000000 ,
        0x0000000000000000000000000000000000000000000000000000000001000000 ,
        0x0200000000020000010000000000000000000000000000000000000031304452 ,
        0xd6e70a3c1286f756000000004f040000789c7554cb72db300cfc179f7b883b4d ,
        0xdbe467343009496c4082c3871fe9f4dfbba464cb8d9b9b885d2cc005a8dfbb5c ,
        0x28584a36d2c4797021d652125d76af3baa45db67666153765f3e503d5b47e512 ,
        0x19d428e402c0c4e662842dc8c2a5709a99ac57db39c905442c8f54a5c9d91a85 ,
        0xcf2baae38850cd20a8875820cfc3aade1a698a3ab9d018f758cfe0d1855ef497 ,
        0x1ed678d0e4497acd55d7d9ffe7643ab21e39095d2c151a46271ca9cc2002a518 ,
        0xc5192a4ec3bbaa3f92d426b17f7a02c8810ec242694246e49435f48a2e4ced4a ,
        0xa15d524df51c4a76ef2d6f710571537351bf64011a6a7005b80b66069ad856c3 ,
        0x1cba34c2a32b45bb74d7794c170e5399879e8eee96f63e924ece82e33d185ff7 ,
        0xcf2f9fcb2c941f2fdf3e15590bfd7c6e751e8dd95a7d85bf9e296b72981ec9da ,
        0x3f8e30a5dbda56431316cdb54925451473b96e04268a8fcce51659d6e676c4d8 ,
        0xb43674dfd6b275393337a583ea9bdce7253a8d09cd1c14d34fb7784bbb468206 ,
        0xde52877b48231a56e1b1a0598dcd19154d8713b0fed5c79655ea7aa9efdd8929 ,
        0x519c9dc9eb9a1ff1923ab53b442285cf85f241c8bcdd3a5ad60aa2022bb697d3 ,
        0x0b605133ff7b013c4b38b2dda72eb3594e46a3e3dcecc1617467eb976637fcb1 ,
        0x0afcdcfe020fcf36cf30c0d432989a123c01e70afef90b009c87d50000000000 ,
        0x0000000000000000000000000000000000000000000000000000000000000000 ,
        0x0000000000000000000000000000000000000000000000000000000000000000 ,
        0x0000000000000000000000000000000000000000000000000000000000000000 ,
        0x0000000000000000000000000000000000000000000000000000000000000000 ,
        0x0000000000000000000000000000000000000000000000000000000000000000 ,
        0x0000000000000000000000000000000000000000000000000000000000000000 ,
        0x0000000000000000000000000000000000000000000000000000000000000000 ,
        0x0000000000000000000000000000000000000000000000000000000000000000 ,
        0x0000000000000000000000000000000000000000000000000000000000000000 ,
        0x0000000000000000000000000000000000000000000000000000000000000000 ,
        0x0000000000000000000000000000000000000000000000000000000000000000 ,
        0x0000000000000000000000000000000000000000000000000000000000000000 ,
        0x0000000000000000000000000000000000000000000000000000000000000000 ,
        0x0000000000000000000000000000000000000000000000000000000000000000 ,
        0x0000000000000000000000000000000000000000000000000000000000000000 ,
        0x0000000000000000000000000000000000000000000000000000000000000000 ,
        0x0000000000000000000000000000000000000000000000000000000000000000 ,
        0x0000000000000000000000000000000000000000000000000000000000000000 ,
        0x0000000000000000000000000000000000000000000000000000000000000000 ,
        0x0000000000000000000000000000000000000000000000000000000000000000 ,
        0x0000000000000000000000000000000000000000000000000000000000000000 ,
        0x0000000000000000000000000000000000000000000000000000000000000000 ,
        0x0000000000000000000000000000000000000000000000000000000000000000 ,
        0x0000000000000000000000000000000000000000000000000000000000000000 ,
        0x0000000000000000000000000000000000000000000000000000000000000000 ,
        0x0000000000000000000000000000000000000000000000000000000000000000 ,
        0x0000000000000000000000000000000000000000000000000000000000000000 ,
        0x0000000000000000000000000000000000000000000000000000000000000000 ,
        0x0000000000000000000000000000000000000000000000000000000000000000 ,
        0x0000000000000000000000000000000000000000000000000000000000000000 ,
        0x0000000000000000000000000000000000000000000000000000000000000000 ,
        0x0000000000000000000000000000000000000000000000000000000000000000 ,
        0x0000000000000000000000000000000000000000000000000000000000000000 ,
        0x0000000000000000000000000000000000000000000000000000000000000000 ,
        0x0000000000000000000000000000000000000000000000000000000000000000 ,
        0x0000000000000000000000000000000000000000000000000000000000000000 ,
        0x0000000000000000000000000000000000000000000000000000000000000000 ,
        0x0000000000000000000000000000000000000000000000000000000000000000 ,
        0x0000000000000000000000000000000000000000000000000000000000000000 ,
        0x0000000000000000000000000000000000000000000000000000000000000000 ,
        0x0000000000000000000000000000000000000000000000000000000000000000 ,
        0x0000000000000000000000000000000000000000000000000000000000000000 ,
        0x0000000000000000000000000000000000000000000000000000000000000000 ,
        0x0000000000000000000000000000000000000000000000000000000000000000 ,
        0x0000000000000000000000000000000000000000000000000000000000000000 ,
        0x0000000000000000000000000000000000000000000000000000000000000000 ,
        0x0000000000000000000000000000000000000000000000000000000000000000 ,
        0x0000000000000000000000000000000000000000000000000000000000000000 ,
        0x0000000000000000000000000000000000000000000000000000000000000000 ,
        0x0000000000000000000000000000000000000000000000000000000000000000 ,
        0x0000000000000000000000000000000000000000000000000000000000000000 ,
        0x0000000000000000000000000000000000000000000000000000000000000000 ,
        0x0000000000000000000000000000000000000000000000000000000000000000 ,
        0x0000000000000000000000000000000000000000000000000000000000000000 ,
        0x0000000000000000000000000000000000000000000000000000000000000000 ,
        0x0000000000000000000000000000000000000000000000000000000000000000 ,
        0x0000000000000000000000000000000000000000000000000000000000000000 ,
        0x0000000000000000000000000000000000000000000000000000000000000000 ,
        0x0000000000000000000000000000000000000000000000000000000000000000 ,
        0x0000000000000000000000000000000000000000000000000000000000000000 ,
        0x0000000000000000000000000000000000000000000000000000000000000000 ,
        0x0000000000000000000000000000000000000000000000000000000000000000 ,
        0x0000000000000000000000000000000000000000000000000000000000000000 ,
        0x0000000000000000000000000000000000000000000000000000000000000000 ,
        0x0000000000000000000000000000000000000000000000000000000000000000 ,
        0x0000000000000000000000000000000000000000000000000000000000000000 ,
        0x0000000000000000000000000000000000000000000000000000000000000000 ,
        0x0000000000000000000000000000000000000000000000000000000000000000 ,
        0x0000000000000000000000000000000000000000000000000000000000000000 ,
        0x0000000000000000000000000000000000000000000000000000000000000000 ,
        0x0000000000000000000000000000000000000000000000000000000000000000 ,
        0x0000000000000000000000000000000000000000000000000000000000000000 ,
        0x0000000000000000000000000000000000000000000000000000000000000000 ,
        0x0000000000000000000000000000000000000000000000000000000000000000 ,
        0x0000000000000000000000000000000000000000000000000000000000000000 ,
        0x0000000000000000000000000000000000000000000000000000000000000000 ,
        0x0000000000000000000000000000000000000000000000000000000000000000 ,
        0x0000000000000000000000000000000000000000000000000000000000000000 ,
        0x0000000000000000000000000000000000000000000000000000000000000000 ,
        0x0000000000000000000000000000000000000000000000000000000000000000 ,
        0x0000000000000000000000000000000000000000000000000000000000000000 ,
        0x0000000000000000000000000000000000000000000000000000000000000000 ,
        0x0000000000000000000000000000000000000000000000000000000000000000 ,
        0x0000000000000000000000000000000000000000000000000000000000000000 ,
        0x0000000000000000000000000000000000000000000000000000000000000000 ,
        0x0000000000000000000000000000000000000000000000000000000000000000 ,
        0x0000000000000000000000000000000000000000000000000000000000000000 ,
        0x0000000000000000000000000000000000000000000000000000000000000000 ,
        0x0000000000000000000000000000000000000000000000000000000000000000 ,
        0x0000000000000000000000000000000000000000000000000000000000000000 ,
        0x0000000000000000000000000000000000000000000000000000000000000000 ,
        0x0000000000000000000000000000000000000000000000000000000000000000 ,
        0x0000000000000000000000000000000000000000000000000000000000000000 ,
        0x0000000000000000000000000000000000000000000000000000000000000000 ,
        0x0000000000000000000000000000000000000000000000000000000000000000 ,
        0x0000000000000000000000000000000000000000000000000000000000000000 ,
        0x0000000000000000000000000000000000000000000000000000000000000000 ,
        0x0000000000000000000000000000000000000000000000000000000000000000 ,
        0x0000000000000000000000000000000000000000000000000000000000000000 ,
        0x0000000000000000000000000000000000000000000000000000000000000000 ,
        0x0000000000000000000000000000000000000000000000000000000000000000 ,
        0x0000000000000000000000000000000000000000000000000000000000000000 ,
        0x0000000000000000000000000000000000000000000000000000000000000000 ,
        0x0000000000000000000000000000000000000000000000000000000000000000 ,
        0x0000000000000000000000000000000000000000000000000000000000000000 ,
        0x0000000000000000000000000000000000000000000000000000000000000000 ,
        0x0000000000000000000000000000000000000000000000000000000000000000 ,
        0x0000000000000000000000000000000000000000000000000000000000000000 ,
        0x0000000000000000000000000000000000000000000000000000000000000000 ,
        0x0000000000000000000000000000000000000000000000000000000000000000 ,
        0x0000000000000000000000000000000000000000000000000000000000000000 ,
        0x0000000000000000000000000000000000000000000000000000000000000000 ,
        0x0000000000000000000000000000000000000000000000000000000000000000 ,
        0x0000000000000000000000000000000000000000000000000000000000000000 ,
        0x0000000000000000000000000000000000000000000000000000000000000000 ,
        0x0000000000000000000000000000000000000000000000000000000000000000 ,
        0x0000000000000000000000000000000000000000000000000000000000000000 ,
        0x0000000000000000000000000000000000000000000000000000000000000000 ,
        0x0000000000000000000000000000000000000000000000000000000000000000 ,
        0x0000000000000000000000000000000000000000000000000000000000000000 ,
        0x0000000000000000000000000000000000000000000000000000000000000000 ,
        0x0000000000000000000000000000000000000000000000000000000000000000 ,
        0x0000000000000000000000000000000000000000000000000000000000000000 ,
        0x0000000000000000000000000000000000000000000000000000000000000000 ,
        0x0000000000000000000000000000000000000000000000000000000000000000 ,
        0x0000000000000000000000000000000000000000000000000000000000000000 ,
        0x0000000000000000000000000000000000000000000000000000000000000000 ,
        0x0000000000000000000000000000000000000000000000000000000000000000 ,
        0x0000000000000000
    end
    prtdevnamesw = begin
        0x040025003b000100000000000000000000000000000000000000000000000000 ,
        0x0000000000000000000000000000000000000000000000000000000000000000 ,
        0x0000000000000000000000000000000000000000000000000000000000000000 ,
        0x00000000000000000000000000000000000000000000310030002e0031003000 ,
        0x36002e003200340039002e00310032000000
    end
    nosavectiwhendisabled =1
    begin
        begin label
            backstyle =0
            fontsize =11
            bordercolor =8355711
            forecolor =6710886
            fontname ="Yu Gothic UI"
            gridlinecolor =10921638
            themefontindex =1
            backthemecolorindex =1
            borderthemecolorindex =0
            bordertint =50.0
            forethemecolorindex =0
            foretint =60.0
            gridlinethemecolorindex =1
            gridlineshade =65.0
        end
        begin textbox
            addcolon = notdefault
            felinebreak = notdefault
            borderlinestyle =0
            labelx =-1800
            fontsize =11
            bordercolor =10921638
            forecolor =4210752
            fontname ="Yu Gothic UI"
            asianlinebreak =1
            gridlinecolor =10921638
            showdatepicker =0
            backthemecolorindex =1
            borderthemecolorindex =1
            bordershade =65.0
            themefontindex =1
            forethemecolorindex =0
            foretint =75.0
            gridlinethemecolorindex =1
            gridlineshade =65.0
        end
        begin combobox
            addcolon = notdefault
            borderlinestyle =0
            labelx =-1800
            fontsize =11
            bordercolor =10921638
            forecolor =2039583
            fontname ="Yu Gothic UI"
            gridlinecolor =10921638
            allowvaluelistedits =1
            inheritvaluelist =1
            themefontindex =1
            backthemecolorindex =1
            borderthemecolorindex =1
            bordershade =65.0
            forethemecolorindex =2
            foreshade =50.0
            gridlinethemecolorindex =1
            gridlineshade =65.0
        end
        begin formheader
            keeptogether = notdefault
            height =1125
            backcolor =14277081
            name ="ReportHeader"
            guid = begin
                0x89e22c4cf543774885d086b2d5dddada
            end
            autoheight =1
            alternatebackthemecolorindex =1
            alternatebackshade =95.0
            backthemecolorindex =2
            backtint =20.0
            begin
                begin label
                    left =60
                    top =60
                    width =4380
                    height =520
                    fontsize =20
                    name ="Label44"
                    caption ="Past Due Reports"
                    guid = begin
                        0x2d03937856f8aa4d92b129fac2ed1d0e
                    end
                    layoutcachedleft =60
                    layoutcachedtop =60
                    layoutcachedwidth =4440
                    layoutcachedheight =580
                end
                begin textbox
                    imesentencemode =3
                    left =5280
                    top =420
                    width =2820
                    height =585
                    name ="txtTotalCount"
                    controlsource ="=[txtTotalCount1]"
                    guid = begin
                        0x9ff14181deb06b43b8544f875035cf2b
                    end

                    layoutcachedleft =5280
                    layoutcachedtop =420
                    layoutcachedwidth =8100
                    layoutcachedheight =1005
                    begin
                        begin label
                            left =5280
                            top =60
                            width =1575
                            height =315
                            name ="Label50"
                            caption ="Total Requests"
                            guid = begin
                                0xfa02f966e8a5a3439eafaa46bdd6f112
                            end
                            layoutcachedleft =5280
                            layoutcachedtop =60
                            layoutcachedwidth =6855
                            layoutcachedheight =375
                        end
                    end
                end
            end
        end
        begin pageheader
            height =420
            name ="PageHeaderSection"
            guid = begin
                0x58bcc5f761b99441b51dd51bc3fa3510
            end
            alternatebackthemecolorindex =1
            alternatebackshade =95.0
            backthemecolorindex =1
            begin
                begin label
                    textalign =3
                    left =240
                    top =120
                    width =1440
                    height =300
                    name ="Request Date_Label"
                    caption ="Request Date"
                    tag ="DetachedLabel"
                    eventprocprefix ="Request_Date_Label"
                    guid = begin
                        0x1773dc94970bfc45a249273463b941c8
                    end
                    gridlinestylebottom =1
                    layoutcachedleft =240
                    layoutcachedtop =120
                    layoutcachedwidth =1680
                    layoutcachedheight =420
                end
                begin label
                    textalign =1
                    left =1740
                    top =120
                    width =1800
                    height =300
                    name ="Request Type_Label"
                    caption ="Request Type"
                    tag ="DetachedLabel"
                    eventprocprefix ="Request_Type_Label"
                    guid = begin
                        0xedbaf3b404b10342bfcb915a779b88a3
                    end
                    gridlinestylebottom =1
                    layoutcachedleft =1740
                    layoutcachedtop =120
                    layoutcachedwidth =3540
                    layoutcachedheight =420
                end
                begin label
                    textalign =1
                    left =3600
                    top =120
                    width =660
                    height =300
                    name ="NAM_Label"
                    caption ="NAM"
                    tag ="DetachedLabel"
                    guid = begin
                        0x2b3e708a26feb04aaa41309b9895030d
                    end
                    gridlinestylebottom =1
                    layoutcachedleft =3600
                    layoutcachedtop =120
                    layoutcachedwidth =4260
                    layoutcachedheight =420
                end
                begin label
                    textalign =1
                    left =4320
                    top =120
                    width =480
                    height =300
                    name ="Unit_Label"
                    caption ="Unit"
                    tag ="DetachedLabel"
                    guid = begin
                        0x46cc042db6aabb489436fb8771d66bc5
                    end
                    gridlinestylebottom =1
                    layoutcachedleft =4320
                    layoutcachedtop =120
                    layoutcachedwidth =4800
                    layoutcachedheight =420
                end
                begin label
                    textalign =3
                    left =4860
                    top =120
                    width =960
                    height =300
                    name ="Tonnage_Label"
                    caption ="Tonnage"
                    tag ="DetachedLabel"
                    guid = begin
                        0x666542be1a56ec4ea8a542586e97770e
                    end
                    gridlinestylebottom =1
                    layoutcachedleft =4860
                    layoutcachedtop =120
                    layoutcachedwidth =5820
                    layoutcachedheight =420
                end
                begin label
                    textalign =1
                    left =5880
                    top =120
                    width =1680
                    height =300
                    name ="Production Type_Label"
                    caption ="Production Type"
                    tag ="DetachedLabel"
                    eventprocprefix ="Production_Type_Label"
                    guid = begin
                        0x8c8dd6de22ca51469f261c3e300e0105
                    end
                    gridlinestylebottom =1
                    layoutcachedleft =5880
                    layoutcachedtop =120
                    layoutcachedwidth =7560
                    layoutcachedheight =420
                end
                begin label
                    textalign =1
                    left =7620
                    top =120
                    width =1320
                    height =300
                    name ="Customer_Label"
                    caption ="Customer"
                    tag ="DetachedLabel"
                    guid = begin
                        0x5c79efc766ffbd4499bf48e1f832b3c1
                    end
                    gridlinestylebottom =1
                    layoutcachedleft =7620
                    layoutcachedtop =120
                    layoutcachedwidth =8940
                    layoutcachedheight =420
                end
                begin label
                    textalign =1
                    left =9060
                    top =120
                    width =1800
                    height =300
                    name ="Volume Type_Label"
                    caption ="Volume Type"
                    tag ="DetachedLabel"
                    eventprocprefix ="Volume_Type_Label"
                    guid = begin
                        0x31bf69a140f4cc4ebe6206741fa12d55
                    end
                    gridlinestylebottom =1
                    layoutcachedleft =9060
                    layoutcachedtop =120
                    layoutcachedwidth =10860
                    layoutcachedheight =420
                end
                begin label
                    textalign =1
                    left =10920
                    top =120
                    width =1320
                    height =300
                    name ="Volume_Label"
                    caption ="Volume"
                    tag ="DetachedLabel"
                    guid = begin
                        0x32eef7b8d2f81940ab8f7b34fba042e9
                    end
                    gridlinestylebottom =1
                    layoutcachedleft =10920
                    layoutcachedtop =120
                    layoutcachedwidth =12240
                    layoutcachedheight =420
                end
                begin label
                    textalign =1
                    left =12300
                    top =120
                    width =1980
                    height =300
                    name ="Volume Timing_Label"
                    caption ="Volume Timing"
                    tag ="DetachedLabel"
                    eventprocprefix ="Volume_Timing_Label"
                    guid = begin
                        0x9462b91e2cb7a344acb22d5cae14f397
                    end
                    gridlinestylebottom =1
                    layoutcachedleft =12300
                    layoutcachedtop =120
                    layoutcachedwidth =14280
                    layoutcachedheight =420
                end
            end
        end
        begin section
            keeptogether = notdefault
            cangrow = notdefault
            height =2220
            name ="Detail"
            guid = begin
                0x1b5e8733ae463849a1db2d6f2e60e6ae
            end
            alternatebackcolor =15921906
            alternatebackthemecolorindex =1
            alternatebackshade =95.0
            backthemecolorindex =1
            begin
                begin textbox
                    cangrow = notdefault
                    canshrink = notdefault
                    oldborderstyle =0
                    textalign =1
                    imesentencemode =3
                    left =240
                    top =60
                    height =310
                    columnwidth =1755
                    name ="Request Date"
                    controlsource ="RequestDate"
                    eventprocprefix ="Request_Date"
                    guid = begin
                        0x26c1dce37a2eee4cbe6fa64863b43081
                    end
                    showdatepicker =1

                    layoutcachedleft =240
                    layoutcachedtop =60
                    layoutcachedwidth =1680
                    layoutcachedheight =370
                end
                begin textbox
                    cangrow = notdefault
                    canshrink = notdefault
                    oldborderstyle =0
                    imesentencemode =3
                    left =3600
                    top =60
                    width =660
                    height =310
                    tabindex =1
                    name ="NAM"
                    controlsource ="partNumber"
                    guid = begin
                        0xe6654931dc4ad94cac0a6088ea7adb08
                    end

                    layoutcachedleft =3600
                    layoutcachedtop =60
                    layoutcachedwidth =4260
                    layoutcachedheight =370
                end
                begin combobox
                    limittolist = notdefault
                    imesentencemode =3
                    columncount =2
                    listwidth =1440
                    left =1740
                    top =60
                    width =1800
                    height =310
                    columnwidth =3645
                    tabindex =2
                    columninfo ="\"\";\"\";\"\";\"\";\"10\";\"50\""
                    guid = begin
                        0xca51850d6e26b74492eaa42105cadf1b
                    end
                    name ="Request Type"
                    controlsource ="RequestType"
                    rowsourcetype ="Table/Query"
                    rowsource ="SELECT tblDropDowns_StrategicPlanning.recordId, tblDropDowns_StrategicPlanning.r"
                        "equestType FROM tblDropDowns_StrategicPlanning WHERE (((tblDropDowns_StrategicPl"
                        "anning.requestType) Is Not Null)); "
                    columnwidths ="0;1440"
                    eventprocprefix ="Request_Type"
                    cangrow =255
                    canshrink =255

                    layoutcachedleft =1740
                    layoutcachedtop =60
                    layoutcachedwidth =3540
                    layoutcachedheight =370
                end
                begin combobox
                    limittolist = notdefault
                    textalign =1
                    imesentencemode =3
                    columncount =2
                    listwidth =1440
                    left =4320
                    top =60
                    width =480
                    height =310
                    tabindex =3
                    columninfo ="\"\";\"\";\"\";\"\";\"10\";\"510\""
                    guid = begin
                        0x7d579a4d2a903341a4b078449568e4ea
                    end
                    name ="Unit"
                    controlsource ="Unit"
                    rowsourcetype ="Table/Query"
                    rowsource ="SELECT tblUnits.recordID, tblUnits.unitName FROM tblUnits ORDER BY tblUnits.unit"
                        "Number; "
                    columnwidths ="0;1440"
                    baseinfo ="\"select tblunits.recordid, tblunits.unitname from tblunits order by tblunits.un"
                        "itNumber; \";\"tblUnits\";\"\";\"recordID\";\"unitName\";\"PrimaryKey\""
                    cangrow =255
                    canshrink =255

                    layoutcachedleft =4320
                    layoutcachedtop =60
                    layoutcachedwidth =4800
                    layoutcachedheight =370
                end
                begin textbox
                    cangrow = notdefault
                    canshrink = notdefault
                    oldborderstyle =0
                    imesentencemode =3
                    left =4860
                    top =60
                    width =960
                    height =310
                    tabindex =4
                    name ="Tonnage"
                    controlsource ="Tonnage"
                    guid = begin
                        0x422aeb803fbadc4c8540fa87a41d46d0
                    end

                    layoutcachedleft =4860
                    layoutcachedtop =60
                    layoutcachedwidth =5820
                    layoutcachedheight =370
                end
                begin combobox
                    limittolist = notdefault
                    imesentencemode =3
                    columncount =2
                    listwidth =1440
                    left =5880
                    top =60
                    width =1680
                    height =310
                    tabindex =5
                    columninfo ="\"\";\"\";\"\";\"\";\"10\";\"110\""
                    guid = begin
                        0xa3efa866ace93b4f996fa650f7c9943b
                    end
                    name ="Production Type"
                    controlsource ="ProductionType"
                    rowsourcetype ="Table/Query"
                    rowsource ="SELECT tblDropDowns_StrategicPlanning.recordId, tblDropDowns_StrategicPlanning.p"
                        "roductionType FROM tblDropDowns_StrategicPlanning WHERE (((tblDropDowns_Strategi"
                        "cPlanning.productionType) Is Not Null)); "
                    columnwidths ="0;1440"
                    eventprocprefix ="Production_Type"
                    cangrow =255
                    canshrink =255

                    layoutcachedleft =5880
                    layoutcachedtop =60
                    layoutcachedwidth =7560
                    layoutcachedheight =370
                end
                begin textbox
                    cangrow = notdefault
                    canshrink = notdefault
                    oldborderstyle =0
                    textalign =1
                    imesentencemode =3
                    left =7140
                    top =480
                    width =1320
                    height =310
                    tabindex =6
                    name ="SOP"
                    controlsource ="SOP"
                    guid = begin
                        0x732d391934b86840af0e6aafc4291045
                    end
                    showdatepicker =1

                    layoutcachedleft =7140
                    layoutcachedtop =480
                    layoutcachedwidth =8460
                    layoutcachedheight =790
                end
                begin textbox
                    cangrow = notdefault
                    canshrink = notdefault
                    oldborderstyle =0
                    textalign =1
                    imesentencemode =3
                    left =9900
                    top =480
                    width =1320
                    height =310
                    tabindex =7
                    name ="EOP"
                    controlsource ="EOP"
                    guid = begin
                        0xfa6dbf06e0c00844be7c46b59cb89fca
                    end
                    showdatepicker =1

                    layoutcachedleft =9900
                    layoutcachedtop =480
                    layoutcachedwidth =11220
                    layoutcachedheight =790
                end
                begin combobox
                    limittolist = notdefault
                    imesentencemode =3
                    columncount =2
                    listwidth =1440
                    left =7620
                    top =60
                    width =1320
                    height =310
                    columnwidth =4065
                    tabindex =8
                    columninfo ="\"\";\"\";\"\";\"\";\"10\";\"510\""
                    guid = begin
                        0x7c1fcc148ea89549b7bdb837247d41fd
                    end
                    name ="Customer"
                    controlsource ="Customer"
                    rowsourcetype ="Table/Query"
                    rowsource ="SELECT ID, customerName FROM tblCustomers; "
                    columnwidths ="0;1440"
                    baseinfo ="\"select id, customername from tblcustomers; \";\"tblcustomers\";\"\";\"id\";\"c"
                        "ustomerName\";\"tblCustomers$ID\""
                    cangrow =255
                    canshrink =255

                    layoutcachedleft =7620
                    layoutcachedtop =60
                    layoutcachedwidth =8940
                    layoutcachedheight =370
                end
                begin textbox
                    cangrow = notdefault
                    canshrink = notdefault
                    oldborderstyle =0
                    imesentencemode =3
                    left =1620
                    top =960
                    width =1320
                    height =310
                    tabindex =9
                    name ="Program"
                    controlsource ="Program"
                    guid = begin
                        0xc7973a3aba0d9947af0cdbb27dd46d65
                    end

                    layoutcachedleft =1620
                    layoutcachedtop =960
                    layoutcachedwidth =2940
                    layoutcachedheight =1270
                end
                begin textbox
                    cangrow = notdefault
                    canshrink = notdefault
                    oldborderstyle =0
                    imesentencemode =3
                    left =4560
                    top =960
                    width =1500
                    height =310
                    tabindex =10
                    name ="Vehicle Model"
                    controlsource ="VehicleModel"
                    eventprocprefix ="Vehicle_Model"
                    guid = begin
                        0x9fbba4e53de9e0459d572cff607e357e
                    end

                    layoutcachedleft =4560
                    layoutcachedtop =960
                    layoutcachedwidth =6060
                    layoutcachedheight =1270
                end
                begin textbox
                    cangrow = notdefault
                    canshrink = notdefault
                    oldborderstyle =0
                    imesentencemode =3
                    left =6720
                    top =960
                    width =540
                    height =310
                    tabindex =11
                    name ="PPV"
                    controlsource ="PPV"
                    guid = begin
                        0x03021bc7f0b26546a5de77bde86f20c0
                    end

                    layoutcachedleft =6720
                    layoutcachedtop =960
                    layoutcachedwidth =7260
                    layoutcachedheight =1270
                end
                begin combobox
                    limittolist = notdefault
                    imesentencemode =3
                    columncount =2
                    listwidth =1440
                    left =9060
                    top =60
                    width =1800
                    height =310
                    tabindex =12
                    columninfo ="\"\";\"\";\"\";\"\";\"10\";\"110\""
                    guid = begin
                        0xa9928e1ef3f1ff42b01c16129b65b248
                    end
                    name ="Volume Type"
                    controlsource ="VolumeType"
                    rowsourcetype ="Table/Query"
                    rowsource ="SELECT tblDropDowns_StrategicPlanning.recordId, tblDropDowns_StrategicPlanning.v"
                        "olumeType FROM tblDropDowns_StrategicPlanning WHERE (((tblDropDowns_StrategicPla"
                        "nning.volumeType) Is Not Null)); "
                    columnwidths ="0;1440"
                    eventprocprefix ="Volume_Type"
                    cangrow =255
                    canshrink =255

                    layoutcachedleft =9060
                    layoutcachedtop =60
                    layoutcachedwidth =10860
                    layoutcachedheight =370
                end
                begin textbox
                    cangrow = notdefault
                    canshrink = notdefault
                    decimalplaces =0
                    oldborderstyle =0
                    imesentencemode =3
                    left =10920
                    top =60
                    width =1320
                    height =310
                    tabindex =13
                    name ="Volume"
                    controlsource ="Volume"
                    format ="Standard"
                    guid = begin
                        0x56e25c9e190fa0419d0a9ae22d4536ca
                    end

                    layoutcachedleft =10920
                    layoutcachedtop =60
                    layoutcachedwidth =12240
                    layoutcachedheight =370
                end
                begin combobox
                    limittolist = notdefault
                    imesentencemode =3
                    columncount =2
                    listwidth =1440
                    left =12300
                    top =60
                    width =1320
                    height =310
                    columnwidth =1830
                    tabindex =14
                    columninfo ="\"\";\"\";\"\";\"\";\"10\";\"50\""
                    guid = begin
                        0xa66eccf0472a2f44af1ddab354d38efa
                    end
                    name ="Volume Timing"
                    controlsource ="VolumeTiming"
                    rowsourcetype ="Table/Query"
                    rowsource ="SELECT tblDropDowns_StrategicPlanning.recordId, tblDropDowns_StrategicPlanning.v"
                        "olumeTiming FROM tblDropDowns_StrategicPlanning WHERE (((tblDropDowns_StrategicP"
                        "lanning.volumeTiming) Is Not Null)); "
                    columnwidths ="0;1440"
                    eventprocprefix ="Volume_Timing"
                    cangrow =255
                    canshrink =255

                    layoutcachedleft =12300
                    layoutcachedtop =60
                    layoutcachedwidth =13620
                    layoutcachedheight =370
                end
                begin combobox
                    limittolist = notdefault
                    imesentencemode =3
                    columncount =2
                    listwidth =1440
                    left =1620
                    top =480
                    width =1320
                    height =310
                    tabindex =15
                    columninfo ="\"\";\"\";\"\";\"\";\"10\";\"50\""
                    guid = begin
                        0x80fd1ff93a576443b185767d1cd6f20f
                    end
                    name ="Quote"
                    controlsource ="Quote"
                    rowsourcetype ="Table/Query"
                    rowsource ="SELECT tblDropDowns_StrategicPlanning.recordId, tblDropDowns_StrategicPlanning.q"
                        "uoteAward FROM tblDropDowns_StrategicPlanning WHERE (((tblDropDowns_StrategicPla"
                        "nning.quoteAward) Is Not Null)); "
                    columnwidths ="0;1440"
                    cangrow =255
                    canshrink =255

                    layoutcachedleft =1620
                    layoutcachedtop =480
                    layoutcachedwidth =2940
                    layoutcachedheight =790
                end
                begin combobox
                    limittolist = notdefault
                    imesentencemode =3
                    columncount =2
                    listwidth =1440
                    left =4380
                    top =480
                    width =1320
                    height =310
                    tabindex =16
                    columninfo ="\"\";\"\";\"\";\"\";\"10\";\"0\""
                    guid = begin
                        0x132677aff9a73f41ae84e8243131a4a0
                    end
                    name ="Requestor"
                    controlsource ="Requestor"
                    rowsourcetype ="Table/Query"
                    rowsource ="SELECT tblPermissions.ID, [firstName] & \" \" & [lastName] AS Name FROM tblPermi"
                        "ssions WHERE (((tblPermissions.Dept)=\"sales\")); "
                    columnwidths ="0;1440"
                    cangrow =255
                    canshrink =255

                    layoutcachedleft =4380
                    layoutcachedtop =480
                    layoutcachedwidth =5700
                    layoutcachedheight =790
                end
                begin textbox
                    cangrow = notdefault
                    canshrink = notdefault
                    oldborderstyle =0
                    imesentencemode =3
                    left =9060
                    top =960
                    width =1140
                    height =310
                    columnwidth =2340
                    tabindex =17
                    name ="Response Date"
                    controlsource ="ResponseDate"
                    eventprocprefix ="Response_Date"
                    guid = begin
                        0x9cc18d8544f37942bda5fba7983c3447
                    end
                    showdatepicker =1

                    layoutcachedleft =9060
                    layoutcachedtop =960
                    layoutcachedwidth =10200
                    layoutcachedheight =1270
                end
                begin combobox
                    limittolist = notdefault
                    imesentencemode =3
                    columncount =2
                    listwidth =1440
                    left =11160
                    top =960
                    width =1320
                    height =310
                    tabindex =18
                    columninfo ="\"\";\"\";\"\";\"\";\"10\";\"0\""
                    guid = begin
                        0xc1b3d9429a8f1c4194ea3b5cbd4a92d6
                    end
                    name ="Planner"
                    controlsource ="Planner"
                    rowsourcetype ="Table/Query"
                    rowsource ="SELECT tblPermissions.ID, [firstName] & \" \" & [lastName] AS Name FROM tblPermi"
                        "ssions; "
                    columnwidths ="0;1440"
                    baseinfo ="\"select tblpermissions.id, [firstname] & \"\" \"\" & [lastname] as name from tb"
                        "lPermissions; \";\"tblPermissions\";\"\";\"ID\";\"firstName] & \"\" \"\" & [last"
                        "Name\";\"PrimaryKey\""
                    cangrow =255
                    canshrink =255

                    layoutcachedleft =11160
                    layoutcachedtop =960
                    layoutcachedwidth =12480
                    layoutcachedheight =1270
                end
                begin combobox
                    limittolist = notdefault
                    imesentencemode =3
                    columncount =2
                    listwidth =2490
                    left =2040
                    top =1440
                    width =1740
                    height =310
                    columnwidth =3435
                    tabindex =19
                    columninfo ="\"\";\"\";\"\";\"\";\"10\";\"200\""
                    guid = begin
                        0x1cb030cf359feb4b84b362b1b94e6bc8
                    end
                    name ="Capacity Results"
                    controlsource ="CapacityResults"
                    rowsourcetype ="Table/Query"
                    rowsource ="SELECT tblDropDowns_StrategicPlanning.recordId, tblDropDowns_StrategicPlanning.r"
                        "esults FROM tblDropDowns_StrategicPlanning WHERE (((tblDropDowns_StrategicPlanni"
                        "ng.results) Is Not Null)); "
                    columnwidths ="0;2490"
                    eventprocprefix ="Capacity_Results"
                    cangrow =255
                    canshrink =255

                    layoutcachedleft =2040
                    layoutcachedtop =1440
                    layoutcachedwidth =3780
                    layoutcachedheight =1750
                end
                begin textbox
                    cangrow = notdefault
                    canshrink = notdefault
                    oldborderstyle =0
                    imesentencemode =3
                    left =1020
                    top =1800
                    width =13620
                    height =310
                    tabindex =20
                    name ="Notes"
                    controlsource ="Notes"
                    guid = begin
                        0x1fe2045624c346459f817adc886ce79f
                    end

                    layoutcachedleft =1020
                    layoutcachedtop =1800
                    layoutcachedwidth =14640
                    layoutcachedheight =2110
                end
                begin textbox
                    cangrow = notdefault
                    canshrink = notdefault
                    oldborderstyle =0
                    imesentencemode =3
                    left =5640
                    top =1440
                    width =840
                    height =310
                    columnwidth =2310
                    tabindex =21
                    name ="Response Time"
                    controlsource ="ResponseTime"
                    eventprocprefix ="Response_Time"
                    guid = begin
                        0x39e6972c66854f4e8e2b8fe202cc1d07
                    end

                    layoutcachedleft =5640
                    layoutcachedtop =1440
                    layoutcachedwidth =6480
                    layoutcachedheight =1750
                end
                begin label
                    textalign =1
                    left =5760
                    top =480
                    width =1320
                    height =300
                    name ="SOP_Label"
                    caption ="SOP"
                    tag ="DetachedLabel"
                    guid = begin
                        0x5f4e603a104f954e84a14769826aaf56
                    end
                    gridlinestylebottom =1
                    layoutcachedleft =5760
                    layoutcachedtop =480
                    layoutcachedwidth =7080
                    layoutcachedheight =780
                end
                begin label
                    textalign =1
                    left =8520
                    top =480
                    width =1320
                    height =300
                    name ="EOP_Label"
                    caption ="EOP"
                    tag ="DetachedLabel"
                    guid = begin
                        0xfc2173f580e4514197434d8ee85fb0f3
                    end
                    gridlinestylebottom =1
                    layoutcachedleft =8520
                    layoutcachedtop =480
                    layoutcachedwidth =9840
                    layoutcachedheight =780
                end
                begin label
                    textalign =1
                    left =240
                    top =480
                    width =1320
                    height =300
                    name ="Quote_Label"
                    caption ="Quote"
                    tag ="DetachedLabel"
                    guid = begin
                        0xd9f8d8b373a8e54ba3d7047c5bed1e66
                    end
                    gridlinestylebottom =1
                    layoutcachedleft =240
                    layoutcachedtop =480
                    layoutcachedwidth =1560
                    layoutcachedheight =780
                end
                begin label
                    textalign =1
                    left =3000
                    top =480
                    width =1320
                    height =300
                    name ="Requestor_Label"
                    caption ="Requestor"
                    tag ="DetachedLabel"
                    guid = begin
                        0xe4a3eed7a494784d9f129ebf989d40d6
                    end
                    gridlinestylebottom =1
                    layoutcachedleft =3000
                    layoutcachedtop =480
                    layoutcachedwidth =4320
                    layoutcachedheight =780
                end
                begin label
                    textalign =1
                    left =240
                    top =960
                    width =1320
                    height =300
                    name ="Program_Label"
                    caption ="Program"
                    tag ="DetachedLabel"
                    guid = begin
                        0x748506eb75a24843b9e3100a78553ebd
                    end
                    gridlinestylebottom =1
                    layoutcachedleft =240
                    layoutcachedtop =960
                    layoutcachedwidth =1560
                    layoutcachedheight =1260
                end
                begin label
                    textalign =1
                    left =3000
                    top =960
                    width =1500
                    height =300
                    name ="Vehicle Model_Label"
                    caption ="Vehicle Model"
                    tag ="DetachedLabel"
                    eventprocprefix ="Vehicle_Model_Label"
                    guid = begin
                        0x5974ad959fd6394ba1e654819202d6f7
                    end
                    gridlinestylebottom =1
                    layoutcachedleft =3000
                    layoutcachedtop =960
                    layoutcachedwidth =4500
                    layoutcachedheight =1260
                end
                begin label
                    textalign =3
                    left =6120
                    top =960
                    width =540
                    height =300
                    name ="PPV_Label"
                    caption ="PPV"
                    tag ="DetachedLabel"
                    guid = begin
                        0xc115b81ed2baaa4eb76bfc997e204709
                    end
                    gridlinestylebottom =1
                    layoutcachedleft =6120
                    layoutcachedtop =960
                    layoutcachedwidth =6660
                    layoutcachedheight =1260
                end
                begin label
                    textalign =1
                    left =7320
                    top =960
                    width =1620
                    height =360
                    name ="Response Date_Label"
                    caption ="Response Date"
                    tag ="DetachedLabel"
                    eventprocprefix ="Response_Date_Label"
                    guid = begin
                        0x07185f17142bef4382bb961a42adfbcc
                    end
                    gridlinestylebottom =1
                    layoutcachedleft =7320
                    layoutcachedtop =960
                    layoutcachedwidth =8940
                    layoutcachedheight =1320
                end
                begin label
                    textalign =1
                    left =10260
                    top =960
                    width =840
                    height =300
                    name ="Planner_Label"
                    caption ="Planner"
                    tag ="DetachedLabel"
                    guid = begin
                        0x1a10698fd4b2464d89261834cb8f5e18
                    end
                    gridlinestylebottom =1
                    layoutcachedleft =10260
                    layoutcachedtop =960
                    layoutcachedwidth =11100
                    layoutcachedheight =1260
                end
                begin label
                    textalign =1
                    left =300
                    top =1440
                    width =1680
                    height =300
                    name ="Capacity Results_Label"
                    caption ="Capacity Results"
                    tag ="DetachedLabel"
                    eventprocprefix ="Capacity_Results_Label"
                    guid = begin
                        0xd4430bde829d494d8f7c03c24fa0731f
                    end
                    gridlinestylebottom =1
                    layoutcachedleft =300
                    layoutcachedtop =1440
                    layoutcachedwidth =1980
                    layoutcachedheight =1740
                end
                begin label
                    textalign =1
                    left =300
                    top =1800
                    width =660
                    height =300
                    name ="Notes_Label"
                    caption ="Notes"
                    tag ="DetachedLabel"
                    guid = begin
                        0x0b87d2bc44f48f4889270cbadfb0fba5
                    end
                    gridlinestylebottom =1
                    layoutcachedleft =300
                    layoutcachedtop =1800
                    layoutcachedwidth =960
                    layoutcachedheight =2100
                end
                begin label
                    textalign =1
                    left =3900
                    top =1440
                    width =1680
                    height =300
                    name ="Response Time_Label"
                    caption ="Response Time"
                    tag ="DetachedLabel"
                    eventprocprefix ="Response_Time_Label"
                    guid = begin
                        0x80d6246b1a8a69488e0e7bf4d32ff814
                    end
                    gridlinestylebottom =1
                    layoutcachedleft =3900
                    layoutcachedtop =1440
                    layoutcachedwidth =5580
                    layoutcachedheight =1740
                end
            end
        end
        begin pagefooter
            height =310
            name ="PageFooterSection"
            guid = begin
                0xc0e016573773f445b58cd1479a5db7ab
            end
            alternatebackthemecolorindex =1
            alternatebackshade =95.0
            backthemecolorindex =1
            begin
                begin textbox
                    oldborderstyle =0
                    textalign =1
                    imesentencemode =3
                    left =60
                    width =5040
                    height =310
                    name ="Text45"
                    controlsource ="=Now()"
                    format ="Long Date"
                    guid = begin
                        0x4ffa1918dcd9e147bdef257e6fa97458
                    end

                    layoutcachedleft =60
                    layoutcachedwidth =5100
                    layoutcachedheight =310
                end
                begin textbox
                    oldborderstyle =0
                    textalign =3
                    imesentencemode =3
                    left =9540
                    width =5040
                    height =310
                    tabindex =1
                    name ="Text46"
                    controlsource ="=\"page \" & [Page] & \" of \" & [Pages]"
                    guid = begin
                        0xabfe562d5f921d408a465694f911e523
                    end

                    layoutcachedleft =9540
                    layoutcachedwidth =14580
                    layoutcachedheight =310
                end
            end
        end
        begin formfooter
            keeptogether = notdefault
            height =375
            name ="ReportFooter"
            guid = begin
                0x36710f8ded95004aaca7075064390976
            end
            alternatebackthemecolorindex =1
            alternatebackshade =95.0
            backthemecolorindex =1
            begin
                begin textbox
                    visible = notdefault
                    imesentencemode =3
                    left =1680
                    top =60
                    width =2700
                    height =300
                    name ="txtTotalCount1"
                    controlsource ="=Count(*)"
                    guid = begin
                        0x483851de6efe134aa48b301f63ec7563
                    end

                    layoutcachedleft =1680
                    layoutcachedtop =60
                    layoutcachedwidth =4380
                    layoutcachedheight =360
                    begin
                        begin label
                            visible = notdefault
                            left =120
                            top =60
                            width =1470
                            height =315
                            name ="Label48"
                            caption ="txtTotalCount"
                            guid = begin
                                0x752fe5937bc8a5408d67a0fa73cf39d6
                            end
                            layoutcachedleft =120
                            layoutcachedtop =60
                            layoutcachedwidth =1590
                            layoutcachedheight =375
                        end
                    end
                end
            end
        end
    end
end
