˙žversion =21
versionrequired =20
publishoption =1
checksum =-2056297143
begin report
    layoutforprint = notdefault
    dividinglines = notdefault
    allowdesignchanges = notdefault
    dategrouping =1
    grpkeeptogether =1
    picturealignment =2
    datasheetgridlinesbehavior =3
    gridx =24
    gridy =24
    width =14700
    datasheetfontheight =11
    itemsuffix =29
    right =19380
    bottom =13485
    datasheetgridlinescolor =14211288
    recsrcdt = begin
        0x2399e88ef384e640
    end
    guid = begin
        0xfac18e400bdc244685cbf1123482ea93
    end
    recordsource ="tblCapacityRequests"
    caption ="tblCapacityRequests"
    datasheetfontname ="Yu Gothic UI"
    prtmip = begin
        0x6801000068010000680100006801000000000000002d0000e001000001000000 ,
        0x010000006801000000000000a10700000100000001000000
    end
    prtdevmode = begin
        0x0000000000000000000000000000000000000000000000000000000000000000 ,
        0x010400209c000c120fff800301000100ea0a6f08640001000700580202000100 ,
        0x5802020000000000000000000000000000000000000000000000000000000000 ,
        0x0000000000000000000000000000000000000000000000000000000001000000 ,
        0x0200000000020000010000000000000000000000000000000000000031304452 ,
        0xd6e70a3c1286f756000000004f040000789c7554cb72db300cfc179f7b883b4d ,
        0xdbe467343009496c4082c3871fe9f4dfbba464cb8d9b9b885d2cc005a8dfbb5c ,
        0x28584a36d2c4797021d652125d76af3baa45db67666153765f3e503d5b47e512 ,
        0x19d428e402c0c4e662842dc8c2a5709a99ac57db39c905442c8f54a5c9d91a85 ,
        0xcf2baae38850cd20a8875820cfc3aade1a698a3ab9d018f758cfe0d1855ef497 ,
        0x1ed678d0e4497acd55d7d9ffe7643ab21e39095d2c151a46271ca9cc2002a518 ,
        0xc5192a4ec3bbaa3f92d426b17f7a02c8810ec242694246e49435f48a2e4ced4a ,
        0xa15d524df51c4a76ef2d6f710571537351bf64011a6a7005b80b66069ad856c3 ,
        0x1cba34c2a32b45bb74d7794c170e5399879e8eee96f63e924ece82e33d185ff7 ,
        0xcf2f9fcb2c941f2fdf3e15590bfd7c6e751e8dd95a7d85bf9e296b72981ec9da ,
        0x3f8e30a5dbda56431316cdb54925451473b96e04268a8fcce51659d6e676c4d8 ,
        0xb43674dfd6b275393337a583ea9bdce7253a8d09cd1c14d34fb7784bbb468206 ,
        0xde52877b48231a56e1b1a0598dcd19154d8713b0fed5c79655ea7aa9efdd8929 ,
        0x519c9dc9eb9a1ff1923ab53b442285cf85f241c8bcdd3a5ad60aa2022bb697d3 ,
        0x0b605133ff7b013c4b38b2dda72eb3594e46a3e3dcecc1617467eb976637fcb1 ,
        0x0afcdcfe020fcf36cf30c0d432989a123c01e70afef90b009c87d50000000000 ,
        0x0000000000000000000000000000000000000000000000000000000000000000 ,
        0x0000000000000000000000000000000000000000000000000000000000000000 ,
        0x0000000000000000000000000000000000000000000000000000000000000000 ,
        0x0000000000000000000000000000000000000000000000000000000000000000 ,
        0x0000000000000000000000000000000000000000000000000000000000000000 ,
        0x0000000000000000000000000000000000000000000000000000000000000000 ,
        0x0000000000000000000000000000000000000000000000000000000000000000 ,
        0x0000000000000000000000000000000000000000000000000000000000000000 ,
        0x0000000000000000000000000000000000000000000000000000000000000000 ,
        0x0000000000000000000000000000000000000000000000000000000000000000 ,
        0x0000000000000000000000000000000000000000000000000000000000000000 ,
        0x0000000000000000000000000000000000000000000000000000000000000000 ,
        0x0000000000000000000000000000000000000000000000000000000000000000 ,
        0x0000000000000000000000000000000000000000000000000000000000000000 ,
        0x0000000000000000000000000000000000000000000000000000000000000000 ,
        0x0000000000000000000000000000000000000000000000000000000000000000 ,
        0x0000000000000000000000000000000000000000000000000000000000000000 ,
        0x0000000000000000000000000000000000000000000000000000000000000000 ,
        0x0000000000000000000000000000000000000000000000000000000000000000 ,
        0x0000000000000000000000000000000000000000000000000000000000000000 ,
        0x0000000000000000000000000000000000000000000000000000000000000000 ,
        0x0000000000000000000000000000000000000000000000000000000000000000 ,
        0x0000000000000000000000000000000000000000000000000000000000000000 ,
        0x0000000000000000000000000000000000000000000000000000000000000000 ,
        0x0000000000000000000000000000000000000000000000000000000000000000 ,
        0x0000000000000000000000000000000000000000000000000000000000000000 ,
        0x0000000000000000000000000000000000000000000000000000000000000000 ,
        0x0000000000000000000000000000000000000000000000000000000000000000 ,
        0x0000000000000000000000000000000000000000000000000000000000000000 ,
        0x0000000000000000000000000000000000000000000000000000000000000000 ,
        0x0000000000000000000000000000000000000000000000000000000000000000 ,
        0x0000000000000000000000000000000000000000000000000000000000000000 ,
        0x0000000000000000000000000000000000000000000000000000000000000000 ,
        0x0000000000000000000000000000000000000000000000000000000000000000 ,
        0x0000000000000000000000000000000000000000000000000000000000000000 ,
        0x0000000000000000000000000000000000000000000000000000000000000000 ,
        0x0000000000000000000000000000000000000000000000000000000000000000 ,
        0x0000000000000000000000000000000000000000000000000000000000000000 ,
        0x0000000000000000000000000000000000000000000000000000000000000000 ,
        0x0000000000000000000000000000000000000000000000000000000000000000 ,
        0x0000000000000000000000000000000000000000000000000000000000000000 ,
        0x0000000000000000000000000000000000000000000000000000000000000000 ,
        0x0000000000000000000000000000000000000000000000000000000000000000 ,
        0x0000000000000000000000000000000000000000000000000000000000000000 ,
        0x0000000000000000000000000000000000000000000000000000000000000000 ,
        0x0000000000000000000000000000000000000000000000000000000000000000 ,
        0x0000000000000000000000000000000000000000000000000000000000000000 ,
        0x0000000000000000000000000000000000000000000000000000000000000000 ,
        0x0000000000000000000000000000000000000000000000000000000000000000 ,
        0x0000000000000000000000000000000000000000000000000000000000000000 ,
        0x0000000000000000000000000000000000000000000000000000000000000000 ,
        0x0000000000000000000000000000000000000000000000000000000000000000 ,
        0x0000000000000000000000000000000000000000000000000000000000000000 ,
        0x0000000000000000000000000000000000000000000000000000000000000000 ,
        0x0000000000000000000000000000000000000000000000000000000000000000 ,
        0x0000000000000000000000000000000000000000000000000000000000000000 ,
        0x0000000000000000000000000000000000000000000000000000000000000000 ,
        0x0000000000000000000000000000000000000000000000000000000000000000 ,
        0x0000000000000000000000000000000000000000000000000000000000000000 ,
        0x0000000000000000000000000000000000000000000000000000000000000000 ,
        0x0000000000000000000000000000000000000000000000000000000000000000 ,
        0x0000000000000000000000000000000000000000000000000000000000000000 ,
        0x0000000000000000000000000000000000000000000000000000000000000000 ,
        0x0000000000000000000000000000000000000000000000000000000000000000 ,
        0x0000000000000000000000000000000000000000000000000000000000000000 ,
        0x0000000000000000000000000000000000000000000000000000000000000000 ,
        0x0000000000000000000000000000000000000000000000000000000000000000 ,
        0x0000000000000000000000000000000000000000000000000000000000000000 ,
        0x0000000000000000000000000000000000000000000000000000000000000000 ,
        0x0000000000000000000000000000000000000000000000000000000000000000 ,
        0x0000000000000000000000000000000000000000000000000000000000000000 ,
        0x0000000000000000000000000000000000000000000000000000000000000000 ,
        0x0000000000000000000000000000000000000000000000000000000000000000 ,
        0x0000000000000000000000000000000000000000000000000000000000000000 ,
        0x0000000000000000000000000000000000000000000000000000000000000000 ,
        0x0000000000000000000000000000000000000000000000000000000000000000 ,
        0x0000000000000000000000000000000000000000000000000000000000000000 ,
        0x0000000000000000000000000000000000000000000000000000000000000000 ,
        0x0000000000000000000000000000000000000000000000000000000000000000 ,
        0x0000000000000000000000000000000000000000000000000000000000000000 ,
        0x0000000000000000000000000000000000000000000000000000000000000000 ,
        0x0000000000000000000000000000000000000000000000000000000000000000 ,
        0x0000000000000000000000000000000000000000000000000000000000000000 ,
        0x0000000000000000000000000000000000000000000000000000000000000000 ,
        0x0000000000000000000000000000000000000000000000000000000000000000 ,
        0x0000000000000000000000000000000000000000000000000000000000000000 ,
        0x0000000000000000000000000000000000000000000000000000000000000000 ,
        0x0000000000000000000000000000000000000000000000000000000000000000 ,
        0x0000000000000000000000000000000000000000000000000000000000000000 ,
        0x0000000000000000000000000000000000000000000000000000000000000000 ,
        0x0000000000000000000000000000000000000000000000000000000000000000 ,
        0x0000000000000000000000000000000000000000000000000000000000000000 ,
        0x0000000000000000000000000000000000000000000000000000000000000000 ,
        0x0000000000000000000000000000000000000000000000000000000000000000 ,
        0x0000000000000000000000000000000000000000000000000000000000000000 ,
        0x0000000000000000000000000000000000000000000000000000000000000000 ,
        0x0000000000000000000000000000000000000000000000000000000000000000 ,
        0x0000000000000000000000000000000000000000000000000000000000000000 ,
        0x0000000000000000000000000000000000000000000000000000000000000000 ,
        0x0000000000000000000000000000000000000000000000000000000000000000 ,
        0x0000000000000000000000000000000000000000000000000000000000000000 ,
        0x0000000000000000000000000000000000000000000000000000000000000000 ,
        0x0000000000000000000000000000000000000000000000000000000000000000 ,
        0x0000000000000000000000000000000000000000000000000000000000000000 ,
        0x0000000000000000000000000000000000000000000000000000000000000000 ,
        0x0000000000000000000000000000000000000000000000000000000000000000 ,
        0x0000000000000000000000000000000000000000000000000000000000000000 ,
        0x0000000000000000000000000000000000000000000000000000000000000000 ,
        0x0000000000000000000000000000000000000000000000000000000000000000 ,
        0x0000000000000000000000000000000000000000000000000000000000000000 ,
        0x0000000000000000000000000000000000000000000000000000000000000000 ,
        0x0000000000000000000000000000000000000000000000000000000000000000 ,
        0x0000000000000000000000000000000000000000000000000000000000000000 ,
        0x0000000000000000000000000000000000000000000000000000000000000000 ,
        0x0000000000000000000000000000000000000000000000000000000000000000 ,
        0x0000000000000000000000000000000000000000000000000000000000000000 ,
        0x0000000000000000000000000000000000000000000000000000000000000000 ,
        0x0000000000000000000000000000000000000000000000000000000000000000 ,
        0x0000000000000000000000000000000000000000000000000000000000000000 ,
        0x0000000000000000000000000000000000000000000000000000000000000000 ,
        0x0000000000000000000000000000000000000000000000000000000000000000 ,
        0x0000000000000000000000000000000000000000000000000000000000000000 ,
        0x0000000000000000000000000000000000000000000000000000000000000000 ,
        0x0000000000000000000000000000000000000000000000000000000000000000 ,
        0x0000000000000000000000000000000000000000000000000000000000000000 ,
        0x0000000000000000000000000000000000000000000000000000000000000000 ,
        0x0000000000000000000000000000000000000000000000000000000000000000 ,
        0x0000000000000000000000000000000000000000000000000000000000000000 ,
        0x0000000000000000
    end
    prtdevnames = begin
        0x080029003f000100000000000000000000000000000000000000000000000000 ,
        0x0000000000000000000000000000000000000000000000000000000000000031 ,
        0x302e3130362e3234392e313200
    end
    filteronload =0
    fittopage =1
    displayonsharepointsite =1
    datasheetalternatebackcolor =15921906
    datasheetgridlinescolor12 =0
    fittoscreen =1
    datasheetbackthemecolorindex =1
    borderthemecolorindex =3
    themefontindex =1
    forethemecolorindex =0
    alternatebackthemecolorindex =1
    alternatebackshade =95.0
    prtdevmodew = begin
        0x0000000000000000000000000000000000000000000000000000000000000000 ,
        0x45005300490047004e0000002d0034003400450033002d003400360035000000 ,
        0x01040020dc000c120fff800301000100ea0a6f08640001000700580202000100 ,
        0x5802020000000000000000000000000000000000000000000000000000000000 ,
        0x0000000000000000000000000000000000000000000000000000000000000000 ,
        0x0000000000000000000000000000000000000000000000000000000001000000 ,
        0x0200000000020000010000000000000000000000000000000000000031304452 ,
        0xd6e70a3c1286f756000000004f040000789c7554cb72db300cfc179f7b883b4d ,
        0xdbe467343009496c4082c3871fe9f4dfbba464cb8d9b9b885d2cc005a8dfbb5c ,
        0x28584a36d2c4797021d652125d76af3baa45db67666153765f3e503d5b47e512 ,
        0x19d428e402c0c4e662842dc8c2a5709a99ac57db39c905442c8f54a5c9d91a85 ,
        0xcf2baae38850cd20a8875820cfc3aade1a698a3ab9d018f758cfe0d1855ef497 ,
        0x1ed678d0e4497acd55d7d9ffe7643ab21e39095d2c151a46271ca9cc2002a518 ,
        0xc5192a4ec3bbaa3f92d426b17f7a02c8810ec242694246e49435f48a2e4ced4a ,
        0xa15d524df51c4a76ef2d6f710571537351bf64011a6a7005b80b66069ad856c3 ,
        0x1cba34c2a32b45bb74d7794c170e5399879e8eee96f63e924ece82e33d185ff7 ,
        0xcf2f9fcb2c941f2fdf3e15590bfd7c6e751e8dd95a7d85bf9e296b72981ec9da ,
        0x3f8e30a5dbda56431316cdb54925451473b96e04268a8fcce51659d6e676c4d8 ,
        0xb43674dfd6b275393337a583ea9bdce7253a8d09cd1c14d34fb7784bbb468206 ,
        0xde52877b48231a56e1b1a0598dcd19154d8713b0fed5c79655ea7aa9efdd8929 ,
        0x519c9dc9eb9a1ff1923ab53b442285cf85f241c8bcdd3a5ad60aa2022bb697d3 ,
        0x0b605133ff7b013c4b38b2dda72eb3594e46a3e3dcecc1617467eb976637fcb1 ,
        0x0afcdcfe020fcf36cf30c0d432989a123c01e70afef90b009c87d50000000000 ,
        0x0000000000000000000000000000000000000000000000000000000000000000 ,
        0x0000000000000000000000000000000000000000000000000000000000000000 ,
        0x0000000000000000000000000000000000000000000000000000000000000000 ,
        0x0000000000000000000000000000000000000000000000000000000000000000 ,
        0x0000000000000000000000000000000000000000000000000000000000000000 ,
        0x0000000000000000000000000000000000000000000000000000000000000000 ,
        0x0000000000000000000000000000000000000000000000000000000000000000 ,
        0x0000000000000000000000000000000000000000000000000000000000000000 ,
        0x0000000000000000000000000000000000000000000000000000000000000000 ,
        0x0000000000000000000000000000000000000000000000000000000000000000 ,
        0x0000000000000000000000000000000000000000000000000000000000000000 ,
        0x0000000000000000000000000000000000000000000000000000000000000000 ,
        0x0000000000000000000000000000000000000000000000000000000000000000 ,
        0x0000000000000000000000000000000000000000000000000000000000000000 ,
        0x0000000000000000000000000000000000000000000000000000000000000000 ,
        0x0000000000000000000000000000000000000000000000000000000000000000 ,
        0x0000000000000000000000000000000000000000000000000000000000000000 ,
        0x0000000000000000000000000000000000000000000000000000000000000000 ,
        0x0000000000000000000000000000000000000000000000000000000000000000 ,
        0x0000000000000000000000000000000000000000000000000000000000000000 ,
        0x0000000000000000000000000000000000000000000000000000000000000000 ,
        0x0000000000000000000000000000000000000000000000000000000000000000 ,
        0x0000000000000000000000000000000000000000000000000000000000000000 ,
        0x0000000000000000000000000000000000000000000000000000000000000000 ,
        0x0000000000000000000000000000000000000000000000000000000000000000 ,
        0x0000000000000000000000000000000000000000000000000000000000000000 ,
        0x0000000000000000000000000000000000000000000000000000000000000000 ,
        0x0000000000000000000000000000000000000000000000000000000000000000 ,
        0x0000000000000000000000000000000000000000000000000000000000000000 ,
        0x0000000000000000000000000000000000000000000000000000000000000000 ,
        0x0000000000000000000000000000000000000000000000000000000000000000 ,
        0x0000000000000000000000000000000000000000000000000000000000000000 ,
        0x0000000000000000000000000000000000000000000000000000000000000000 ,
        0x0000000000000000000000000000000000000000000000000000000000000000 ,
        0x0000000000000000000000000000000000000000000000000000000000000000 ,
        0x0000000000000000000000000000000000000000000000000000000000000000 ,
        0x0000000000000000000000000000000000000000000000000000000000000000 ,
        0x0000000000000000000000000000000000000000000000000000000000000000 ,
        0x0000000000000000000000000000000000000000000000000000000000000000 ,
        0x0000000000000000000000000000000000000000000000000000000000000000 ,
        0x0000000000000000000000000000000000000000000000000000000000000000 ,
        0x0000000000000000000000000000000000000000000000000000000000000000 ,
        0x0000000000000000000000000000000000000000000000000000000000000000 ,
        0x0000000000000000000000000000000000000000000000000000000000000000 ,
        0x0000000000000000000000000000000000000000000000000000000000000000 ,
        0x0000000000000000000000000000000000000000000000000000000000000000 ,
        0x0000000000000000000000000000000000000000000000000000000000000000 ,
        0x0000000000000000000000000000000000000000000000000000000000000000 ,
        0x0000000000000000000000000000000000000000000000000000000000000000 ,
        0x0000000000000000000000000000000000000000000000000000000000000000 ,
        0x0000000000000000000000000000000000000000000000000000000000000000 ,
        0x0000000000000000000000000000000000000000000000000000000000000000 ,
        0x0000000000000000000000000000000000000000000000000000000000000000 ,
        0x0000000000000000000000000000000000000000000000000000000000000000 ,
        0x0000000000000000000000000000000000000000000000000000000000000000 ,
        0x0000000000000000000000000000000000000000000000000000000000000000 ,
        0x0000000000000000000000000000000000000000000000000000000000000000 ,
        0x0000000000000000000000000000000000000000000000000000000000000000 ,
        0x0000000000000000000000000000000000000000000000000000000000000000 ,
        0x0000000000000000000000000000000000000000000000000000000000000000 ,
        0x0000000000000000000000000000000000000000000000000000000000000000 ,
        0x0000000000000000000000000000000000000000000000000000000000000000 ,
        0x0000000000000000000000000000000000000000000000000000000000000000 ,
        0x0000000000000000000000000000000000000000000000000000000000000000 ,
        0x0000000000000000000000000000000000000000000000000000000000000000 ,
        0x0000000000000000000000000000000000000000000000000000000000000000 ,
        0x0000000000000000000000000000000000000000000000000000000000000000 ,
        0x0000000000000000000000000000000000000000000000000000000000000000 ,
        0x0000000000000000000000000000000000000000000000000000000000000000 ,
        0x0000000000000000000000000000000000000000000000000000000000000000 ,
        0x0000000000000000000000000000000000000000000000000000000000000000 ,
        0x0000000000000000000000000000000000000000000000000000000000000000 ,
        0x0000000000000000000000000000000000000000000000000000000000000000 ,
        0x0000000000000000000000000000000000000000000000000000000000000000 ,
        0x0000000000000000000000000000000000000000000000000000000000000000 ,
        0x0000000000000000000000000000000000000000000000000000000000000000 ,
        0x0000000000000000000000000000000000000000000000000000000000000000 ,
        0x0000000000000000000000000000000000000000000000000000000000000000 ,
        0x0000000000000000000000000000000000000000000000000000000000000000 ,
        0x0000000000000000000000000000000000000000000000000000000000000000 ,
        0x0000000000000000000000000000000000000000000000000000000000000000 ,
        0x0000000000000000000000000000000000000000000000000000000000000000 ,
        0x0000000000000000000000000000000000000000000000000000000000000000 ,
        0x0000000000000000000000000000000000000000000000000000000000000000 ,
        0x0000000000000000000000000000000000000000000000000000000000000000 ,
        0x0000000000000000000000000000000000000000000000000000000000000000 ,
        0x0000000000000000000000000000000000000000000000000000000000000000 ,
        0x0000000000000000000000000000000000000000000000000000000000000000 ,
        0x0000000000000000000000000000000000000000000000000000000000000000 ,
        0x0000000000000000000000000000000000000000000000000000000000000000 ,
        0x0000000000000000000000000000000000000000000000000000000000000000 ,
        0x0000000000000000000000000000000000000000000000000000000000000000 ,
        0x0000000000000000000000000000000000000000000000000000000000000000 ,
        0x0000000000000000000000000000000000000000000000000000000000000000 ,
        0x0000000000000000000000000000000000000000000000000000000000000000 ,
        0x0000000000000000000000000000000000000000000000000000000000000000 ,
        0x0000000000000000000000000000000000000000000000000000000000000000 ,
        0x0000000000000000000000000000000000000000000000000000000000000000 ,
        0x0000000000000000000000000000000000000000000000000000000000000000 ,
        0x0000000000000000000000000000000000000000000000000000000000000000 ,
        0x0000000000000000000000000000000000000000000000000000000000000000 ,
        0x0000000000000000000000000000000000000000000000000000000000000000 ,
        0x0000000000000000000000000000000000000000000000000000000000000000 ,
        0x0000000000000000000000000000000000000000000000000000000000000000 ,
        0x0000000000000000000000000000000000000000000000000000000000000000 ,
        0x0000000000000000000000000000000000000000000000000000000000000000 ,
        0x0000000000000000000000000000000000000000000000000000000000000000 ,
        0x0000000000000000000000000000000000000000000000000000000000000000 ,
        0x0000000000000000000000000000000000000000000000000000000000000000 ,
        0x0000000000000000000000000000000000000000000000000000000000000000 ,
        0x0000000000000000000000000000000000000000000000000000000000000000 ,
        0x0000000000000000000000000000000000000000000000000000000000000000 ,
        0x0000000000000000000000000000000000000000000000000000000000000000 ,
        0x0000000000000000000000000000000000000000000000000000000000000000 ,
        0x0000000000000000000000000000000000000000000000000000000000000000 ,
        0x0000000000000000000000000000000000000000000000000000000000000000 ,
        0x0000000000000000000000000000000000000000000000000000000000000000 ,
        0x0000000000000000000000000000000000000000000000000000000000000000 ,
        0x0000000000000000000000000000000000000000000000000000000000000000 ,
        0x0000000000000000000000000000000000000000000000000000000000000000 ,
        0x0000000000000000000000000000000000000000000000000000000000000000 ,
        0x0000000000000000000000000000000000000000000000000000000000000000 ,
        0x0000000000000000000000000000000000000000000000000000000000000000 ,
        0x0000000000000000000000000000000000000000000000000000000000000000 ,
        0x0000000000000000000000000000000000000000000000000000000000000000 ,
        0x0000000000000000000000000000000000000000000000000000000000000000 ,
        0x0000000000000000000000000000000000000000000000000000000000000000 ,
        0x0000000000000000000000000000000000000000000000000000000000000000 ,
        0x0000000000000000
    end
    prtdevnamesw = begin
        0x040025003b000100000000000000000000000000000000000000000000000000 ,
        0x0000000000000000000000000000000000000000000000000000000000000000 ,
        0x0000000000000000000000000000000000000000000000000000000000000000 ,
        0x00000000000000000000000000000000000000000000310030002e0031003000 ,
        0x36002e003200340039002e00310032000000
    end
    nosavectiwhendisabled =1
    begin
        begin label
            backstyle =0
            fontsize =11
            bordercolor =8355711
            forecolor =6710886
            fontname ="Yu Gothic UI"
            gridlinecolor =10921638
            themefontindex =1
            backthemecolorindex =1
            borderthemecolorindex =0
            bordertint =50.0
            forethemecolorindex =0
            foretint =60.0
            gridlinethemecolorindex =1
            gridlineshade =65.0
        end
        begin textbox
            addcolon = notdefault
            felinebreak = notdefault
            borderlinestyle =0
            labelx =-1800
            fontsize =11
            bordercolor =10921638
            forecolor =4210752
            fontname ="Yu Gothic UI"
            asianlinebreak =1
            gridlinecolor =10921638
            showdatepicker =0
            backthemecolorindex =1
            borderthemecolorindex =1
            bordershade =65.0
            themefontindex =1
            forethemecolorindex =0
            foretint =75.0
            gridlinethemecolorindex =1
            gridlineshade =65.0
        end
        begin formheader
            keeptogether = notdefault
            height =420
            backcolor =14277081
            name ="ReportHeader"
            guid = begin
                0x5e9e4e208d112d4c8cf2921be3e4f443
            end
            alternatebackthemecolorindex =1
            alternatebackshade =95.0
            backthemecolorindex =2
            backtint =20.0
            begin
                begin label
                    textalign =3
                    left =360
                    width =780
                    height =345
                    name ="RecordID_Label"
                    caption ="RecordID"
                    tag ="DetachedLabel"
                    guid = begin
                        0x2e2fbd867cedc147b931ef14a6af15a6
                    end
                    gridlinestylebottom =1
                    layoutcachedleft =360
                    layoutcachedwidth =1140
                    layoutcachedheight =345
                end
                begin label
                    textalign =1
                    left =1320
                    width =1680
                    height =345
                    name ="requestDate_Label"
                    caption ="requestDate"
                    tag ="DetachedLabel"
                    guid = begin
                        0xc912086e3f931b4bbf59d5016d939812
                    end
                    gridlinestylebottom =1
                    layoutcachedleft =1320
                    layoutcachedwidth =3000
                    layoutcachedheight =345
                end
                begin label
                    textalign =3
                    left =3120
                    width =1560
                    height =345
                    name ="requestType_Label"
                    caption ="requestType"
                    tag ="DetachedLabel"
                    guid = begin
                        0x0dfbc84620d03a478fc06f4f9930e5f3
                    end
                    gridlinestylebottom =1
                    layoutcachedleft =3120
                    layoutcachedwidth =4680
                    layoutcachedheight =345
                end
                begin label
                    textalign =1
                    left =4980
                    width =720
                    height =345
                    name ="SOP_Label"
                    caption ="SOP"
                    tag ="DetachedLabel"
                    guid = begin
                        0x84639d824fc8cd48bfcbc3a245129d35
                    end
                    gridlinestylebottom =1
                    layoutcachedleft =4980
                    layoutcachedwidth =5700
                    layoutcachedheight =345
                end
                begin label
                    textalign =1
                    left =5880
                    width =900
                    height =345
                    name ="EOP_Label"
                    caption ="EOP"
                    tag ="DetachedLabel"
                    guid = begin
                        0xc2e3319ea8a4824299fe641cd7acd3c0
                    end
                    gridlinestylebottom =1
                    layoutcachedleft =5880
                    layoutcachedwidth =6780
                    layoutcachedheight =345
                end
                begin label
                    textalign =3
                    left =6960
                    width =1320
                    height =345
                    name ="Requestor_Label"
                    caption ="Requestor"
                    tag ="DetachedLabel"
                    guid = begin
                        0xfbb1861003cf4b499582981091db5812
                    end
                    gridlinestylebottom =1
                    layoutcachedleft =6960
                    layoutcachedwidth =8280
                    layoutcachedheight =345
                end
                begin label
                    textalign =3
                    left =8400
                    width =1200
                    height =345
                    name ="responseTime_Label"
                    caption ="responseTime"
                    tag ="DetachedLabel"
                    guid = begin
                        0x85381b82a3b7b943a0f118a72e90cbb9
                    end
                    gridlinestylebottom =1
                    layoutcachedleft =8400
                    layoutcachedwidth =9600
                    layoutcachedheight =345
                end
                begin label
                    textalign =1
                    left =9660
                    width =1260
                    height =345
                    name ="SSMA_TimeStamp_Label"
                    caption ="SSMA_TimeStamp"
                    tag ="DetachedLabel"
                    guid = begin
                        0x730f0da3153cc849bdebd4bcf9cb9faf
                    end
                    gridlinestylebottom =1
                    layoutcachedleft =9660
                    layoutcachedwidth =10920
                    layoutcachedheight =345
                end
                begin label
                    textalign =3
                    left =11100
                    width =2340
                    height =345
                    name ="surveyPartCount_Label"
                    caption ="surveyPartCount"
                    tag ="DetachedLabel"
                    guid = begin
                        0xc4f559e289333d4f8da6a966a3daea9f
                    end
                    gridlinestylebottom =1
                    layoutcachedleft =11100
                    layoutcachedwidth =13440
                    layoutcachedheight =345
                end
            end
        end
        begin section
            keeptogether = notdefault
            cangrow = notdefault
            height =1200
            name ="Detail"
            guid = begin
                0xfa153e76cb45e64aba04b6dd2e824756
            end
            alternatebackcolor =15921906
            alternatebackthemecolorindex =1
            alternatebackshade =95.0
            backthemecolorindex =1
            begin
                begin textbox
                    oldborderstyle =0
                    imesentencemode =3
                    left =360
                    top =60
                    width =780
                    height =345
                    name ="RecordID"
                    controlsource ="RecordID"
                    guid = begin
                        0x582ef988e4201b42a54bb64078a90269
                    end

                    layoutcachedleft =360
                    layoutcachedtop =60
                    layoutcachedwidth =1140
                    layoutcachedheight =405
                end
                begin textbox
                    oldborderstyle =0
                    imesentencemode =3
                    left =1320
                    top =60
                    width =1680
                    height =360
                    tabindex =1
                    name ="requestDate"
                    controlsource ="requestDate"
                    guid = begin
                        0x5245d5a5f298044d97e60a1e008e5dc8
                    end

                    layoutcachedleft =1320
                    layoutcachedtop =60
                    layoutcachedwidth =3000
                    layoutcachedheight =420
                end
                begin textbox
                    oldborderstyle =0
                    imesentencemode =3
                    left =3120
                    top =60
                    width =1560
                    height =360
                    tabindex =2
                    name ="requestType"
                    controlsource ="requestType"
                    guid = begin
                        0x5b278e641181cc45a0541279038c42a0
                    end

                    layoutcachedleft =3120
                    layoutcachedtop =60
                    layoutcachedwidth =4680
                    layoutcachedheight =420
                end
                begin textbox
                    oldborderstyle =0
                    imesentencemode =3
                    left =4980
                    top =60
                    width =720
                    height =360
                    tabindex =3
                    name ="SOP"
                    controlsource ="SOP"
                    guid = begin
                        0x6ae3025df0a6fd4198a149d076835b1a
                    end

                    layoutcachedleft =4980
                    layoutcachedtop =60
                    layoutcachedwidth =5700
                    layoutcachedheight =420
                end
                begin textbox
                    oldborderstyle =0
                    imesentencemode =3
                    left =5880
                    top =60
                    width =900
                    height =360
                    tabindex =4
                    name ="EOP"
                    controlsource ="EOP"
                    guid = begin
                        0x91c671851c66674a85b57fd156a0c3bf
                    end

                    layoutcachedleft =5880
                    layoutcachedtop =60
                    layoutcachedwidth =6780
                    layoutcachedheight =420
                end
                begin textbox
                    oldborderstyle =0
                    imesentencemode =3
                    left =2520
                    top =420
                    width =2100
                    height =360
                    tabindex =5
                    name ="Customer"
                    controlsource ="Customer"
                    guid = begin
                        0x54c1bf976aead94ba92a13e462955c10
                    end

                    layoutcachedleft =2520
                    layoutcachedtop =420
                    layoutcachedwidth =4620
                    layoutcachedheight =780
                end
                begin textbox
                    oldborderstyle =0
                    imesentencemode =3
                    left =6360
                    top =420
                    width =1560
                    height =360
                    tabindex =6
                    name ="Program"
                    controlsource ="Program"
                    guid = begin
                        0x3d5982c9f528664d92f2efb633f32606
                    end

                    layoutcachedleft =6360
                    layoutcachedtop =420
                    layoutcachedwidth =7920
                    layoutcachedheight =780
                end
                begin textbox
                    oldborderstyle =0
                    imesentencemode =3
                    left =9840
                    top =420
                    width =1740
                    height =360
                    tabindex =7
                    name ="vehicleModel"
                    controlsource ="vehicleModel"
                    guid = begin
                        0x1e1bf695a6f6694299cc92fb223da0c7
                    end

                    layoutcachedleft =9840
                    layoutcachedtop =420
                    layoutcachedwidth =11580
                    layoutcachedheight =780
                end
                begin textbox
                    oldborderstyle =0
                    imesentencemode =3
                    left =6960
                    top =60
                    width =1320
                    height =360
                    tabindex =8
                    name ="Requestor"
                    controlsource ="Requestor"
                    guid = begin
                        0x9f53ab0c738d8e48b1e3ab35537392a7
                    end

                    layoutcachedleft =6960
                    layoutcachedtop =60
                    layoutcachedwidth =8280
                    layoutcachedheight =420
                end
                begin textbox
                    cangrow = notdefault
                    oldborderstyle =0
                    imesentencemode =3
                    left =1080
                    top =840
                    width =13500
                    height =360
                    tabindex =9
                    name ="Notes"
                    controlsource ="Notes"
                    guid = begin
                        0xc45359fdfa0b964ba888c067305633f2
                    end

                    layoutcachedleft =1080
                    layoutcachedtop =840
                    layoutcachedwidth =14580
                    layoutcachedheight =1200
                end
                begin textbox
                    oldborderstyle =0
                    imesentencemode =3
                    left =8400
                    top =60
                    width =1200
                    height =360
                    tabindex =10
                    name ="responseTime"
                    controlsource ="responseTime"
                    guid = begin
                        0x1eecc6f90e62d6438211d156e7340143
                    end

                    layoutcachedleft =8400
                    layoutcachedtop =60
                    layoutcachedwidth =9600
                    layoutcachedheight =420
                end
                begin textbox
                    oldborderstyle =0
                    imesentencemode =3
                    left =9660
                    top =60
                    width =1260
                    height =360
                    tabindex =11
                    name ="SSMA_TimeStamp"
                    controlsource ="SSMA_TimeStamp"
                    guid = begin
                        0xca15037d3e0ddf4289d26dcbea7ba96a
                    end

                    layoutcachedleft =9660
                    layoutcachedtop =60
                    layoutcachedwidth =10920
                    layoutcachedheight =420
                end
                begin textbox
                    oldborderstyle =0
                    imesentencemode =3
                    left =11100
                    top =60
                    width =2340
                    height =360
                    tabindex =12
                    name ="surveyPartCount"
                    controlsource ="surveyPartCount"
                    guid = begin
                        0x1bbcdb5c7ae0a645ae43c68e81250a4c
                    end

                    layoutcachedleft =11100
                    layoutcachedtop =60
                    layoutcachedwidth =13440
                    layoutcachedheight =420
                end
                begin label
                    textalign =1
                    left =360
                    top =840
                    width =660
                    height =345
                    name ="Notes_Label"
                    caption ="Notes"
                    tag ="DetachedLabel"
                    guid = begin
                        0x24fb1a4d99153e4c8a7c9e29c1cc9c3b
                    end
                    gridlinestylebottom =1
                    layoutcachedleft =360
                    layoutcachedtop =840
                    layoutcachedwidth =1020
                    layoutcachedheight =1185
                end
                begin label
                    textalign =3
                    left =360
                    top =420
                    width =2100
                    height =345
                    name ="Customer_Label"
                    caption ="Customer"
                    tag ="DetachedLabel"
                    guid = begin
                        0xebefc295bb0574489c7cb520e32ee9c7
                    end
                    gridlinestylebottom =1
                    layoutcachedleft =360
                    layoutcachedtop =420
                    layoutcachedwidth =2460
                    layoutcachedheight =765
                end
                begin label
                    textalign =1
                    left =4740
                    top =420
                    width =1560
                    height =345
                    name ="Program_Label"
                    caption ="Program"
                    tag ="DetachedLabel"
                    guid = begin
                        0x6a8bf1746bb30a4692b62cd2e19d6574
                    end
                    gridlinestylebottom =1
                    layoutcachedleft =4740
                    layoutcachedtop =420
                    layoutcachedwidth =6300
                    layoutcachedheight =765
                end
                begin label
                    textalign =1
                    left =7980
                    top =420
                    width =1740
                    height =345
                    name ="vehicleModel_Label"
                    caption ="vehicleModel"
                    tag ="DetachedLabel"
                    guid = begin
                        0xa9959fae8adf2640b64e64094ca128f0
                    end
                    gridlinestylebottom =1
                    layoutcachedleft =7980
                    layoutcachedtop =420
                    layoutcachedwidth =9720
                    layoutcachedheight =765
                end
            end
        end
        begin formfooter
            keeptogether = notdefault
            height =0
            name ="ReportFooter"
            guid = begin
                0x66e90028ba7a52498c2fc37384041e45
            end
            autoheight =1
            alternatebackthemecolorindex =1
            alternatebackshade =95.0
            backthemecolorindex =1
        end
    end
end
