˙žversion =21
versionrequired =20
publishoption =1
checksum =-1656249987
begin report
    layoutforprint = notdefault
    dividinglines = notdefault
    allowdesignchanges = notdefault
    dategrouping =1
    grpkeeptogether =1
    picturealignment =2
    datasheetgridlinesbehavior =3
    gridx =24
    gridy =24
    width =15115
    datasheetfontheight =11
    itemsuffix =9
    right =19035
    bottom =11985
    datasheetgridlinescolor =14211288
    recsrcdt = begin
        0x04221332f184e640
    end
    guid = begin
        0x04ca0f3069175a48bcfcdb65a791f74a
    end
    recordsource ="tblCapacityRequest_partnumbers"
    datasheetfontname ="Yu Gothic UI"
    prtmip = begin
        0xf0000000f0000000f0000000f000000000000000e8530000fc03000001000000 ,
        0x010000006801000000000000a10700000100000001000000
    end
    prtdevmode = begin
        0x0000000000000000000000000000000000000000000000000000000000000000 ,
        0x010400209c000c120fff800301000100ea0a6f08640001000700580202000100 ,
        0x5802020000000000000000000000000000000000000000000000000000000000 ,
        0x0000000000000000000000000000000000000000000000000000000001000000 ,
        0x0200000000020000010000000000000000000000000000000000000031304452 ,
        0xd6e70a3c1286f756000000004f040000789c7554cb72db300cfc179f7b883b4d ,
        0xdbe467343009496c4082c3871fe9f4dfbba464cb8d9b9b885d2cc005a8dfbb5c ,
        0x28584a36d2c4797021d652125d76af3baa45db67666153765f3e503d5b47e512 ,
        0x19d428e402c0c4e662842dc8c2a5709a99ac57db39c905442c8f54a5c9d91a85 ,
        0xcf2baae38850cd20a8875820cfc3aade1a698a3ab9d018f758cfe0d1855ef497 ,
        0x1ed678d0e4497acd55d7d9ffe7643ab21e39095d2c151a46271ca9cc2002a518 ,
        0xc5192a4ec3bbaa3f92d426b17f7a02c8810ec242694246e49435f48a2e4ced4a ,
        0xa15d524df51c4a76ef2d6f710571537351bf64011a6a7005b80b66069ad856c3 ,
        0x1cba34c2a32b45bb74d7794c170e5399879e8eee96f63e924ece82e33d185ff7 ,
        0xcf2f9fcb2c941f2fdf3e15590bfd7c6e751e8dd95a7d85bf9e296b72981ec9da ,
        0x3f8e30a5dbda56431316cdb54925451473b96e04268a8fcce51659d6e676c4d8 ,
        0xb43674dfd6b275393337a583ea9bdce7253a8d09cd1c14d34fb7784bbb468206 ,
        0xde52877b48231a56e1b1a0598dcd19154d8713b0fed5c79655ea7aa9efdd8929 ,
        0x519c9dc9eb9a1ff1923ab53b442285cf85f241c8bcdd3a5ad60aa2022bb697d3 ,
        0x0b605133ff7b013c4b38b2dda72eb3594e46a3e3dcecc1617467eb976637fcb1 ,
        0x0afcdcfe020fcf36cf30c0d432989a123c01e70afef90b009c87d50000000000 ,
        0x0000000000000000000000000000000000000000000000000000000000000000 ,
        0x0000000000000000000000000000000000000000000000000000000000000000 ,
        0x0000000000000000000000000000000000000000000000000000000000000000 ,
        0x0000000000000000000000000000000000000000000000000000000000000000 ,
        0x0000000000000000000000000000000000000000000000000000000000000000 ,
        0x0000000000000000000000000000000000000000000000000000000000000000 ,
        0x0000000000000000000000000000000000000000000000000000000000000000 ,
        0x0000000000000000000000000000000000000000000000000000000000000000 ,
        0x0000000000000000000000000000000000000000000000000000000000000000 ,
        0x0000000000000000000000000000000000000000000000000000000000000000 ,
        0x0000000000000000000000000000000000000000000000000000000000000000 ,
        0x0000000000000000000000000000000000000000000000000000000000000000 ,
        0x0000000000000000000000000000000000000000000000000000000000000000 ,
        0x0000000000000000000000000000000000000000000000000000000000000000 ,
        0x0000000000000000000000000000000000000000000000000000000000000000 ,
        0x0000000000000000000000000000000000000000000000000000000000000000 ,
        0x0000000000000000000000000000000000000000000000000000000000000000 ,
        0x0000000000000000000000000000000000000000000000000000000000000000 ,
        0x0000000000000000000000000000000000000000000000000000000000000000 ,
        0x0000000000000000000000000000000000000000000000000000000000000000 ,
        0x0000000000000000000000000000000000000000000000000000000000000000 ,
        0x0000000000000000000000000000000000000000000000000000000000000000 ,
        0x0000000000000000000000000000000000000000000000000000000000000000 ,
        0x0000000000000000000000000000000000000000000000000000000000000000 ,
        0x0000000000000000000000000000000000000000000000000000000000000000 ,
        0x0000000000000000000000000000000000000000000000000000000000000000 ,
        0x0000000000000000000000000000000000000000000000000000000000000000 ,
        0x0000000000000000000000000000000000000000000000000000000000000000 ,
        0x0000000000000000000000000000000000000000000000000000000000000000 ,
        0x0000000000000000000000000000000000000000000000000000000000000000 ,
        0x0000000000000000000000000000000000000000000000000000000000000000 ,
        0x0000000000000000000000000000000000000000000000000000000000000000 ,
        0x0000000000000000000000000000000000000000000000000000000000000000 ,
        0x0000000000000000000000000000000000000000000000000000000000000000 ,
        0x0000000000000000000000000000000000000000000000000000000000000000 ,
        0x0000000000000000000000000000000000000000000000000000000000000000 ,
        0x0000000000000000000000000000000000000000000000000000000000000000 ,
        0x0000000000000000000000000000000000000000000000000000000000000000 ,
        0x0000000000000000000000000000000000000000000000000000000000000000 ,
        0x0000000000000000000000000000000000000000000000000000000000000000 ,
        0x0000000000000000000000000000000000000000000000000000000000000000 ,
        0x0000000000000000000000000000000000000000000000000000000000000000 ,
        0x0000000000000000000000000000000000000000000000000000000000000000 ,
        0x0000000000000000000000000000000000000000000000000000000000000000 ,
        0x0000000000000000000000000000000000000000000000000000000000000000 ,
        0x0000000000000000000000000000000000000000000000000000000000000000 ,
        0x0000000000000000000000000000000000000000000000000000000000000000 ,
        0x0000000000000000000000000000000000000000000000000000000000000000 ,
        0x0000000000000000000000000000000000000000000000000000000000000000 ,
        0x0000000000000000000000000000000000000000000000000000000000000000 ,
        0x0000000000000000000000000000000000000000000000000000000000000000 ,
        0x0000000000000000000000000000000000000000000000000000000000000000 ,
        0x0000000000000000000000000000000000000000000000000000000000000000 ,
        0x0000000000000000000000000000000000000000000000000000000000000000 ,
        0x0000000000000000000000000000000000000000000000000000000000000000 ,
        0x0000000000000000000000000000000000000000000000000000000000000000 ,
        0x0000000000000000000000000000000000000000000000000000000000000000 ,
        0x0000000000000000000000000000000000000000000000000000000000000000 ,
        0x0000000000000000000000000000000000000000000000000000000000000000 ,
        0x0000000000000000000000000000000000000000000000000000000000000000 ,
        0x0000000000000000000000000000000000000000000000000000000000000000 ,
        0x0000000000000000000000000000000000000000000000000000000000000000 ,
        0x0000000000000000000000000000000000000000000000000000000000000000 ,
        0x0000000000000000000000000000000000000000000000000000000000000000 ,
        0x0000000000000000000000000000000000000000000000000000000000000000 ,
        0x0000000000000000000000000000000000000000000000000000000000000000 ,
        0x0000000000000000000000000000000000000000000000000000000000000000 ,
        0x0000000000000000000000000000000000000000000000000000000000000000 ,
        0x0000000000000000000000000000000000000000000000000000000000000000 ,
        0x0000000000000000000000000000000000000000000000000000000000000000 ,
        0x0000000000000000000000000000000000000000000000000000000000000000 ,
        0x0000000000000000000000000000000000000000000000000000000000000000 ,
        0x0000000000000000000000000000000000000000000000000000000000000000 ,
        0x0000000000000000000000000000000000000000000000000000000000000000 ,
        0x0000000000000000000000000000000000000000000000000000000000000000 ,
        0x0000000000000000000000000000000000000000000000000000000000000000 ,
        0x0000000000000000000000000000000000000000000000000000000000000000 ,
        0x0000000000000000000000000000000000000000000000000000000000000000 ,
        0x0000000000000000000000000000000000000000000000000000000000000000 ,
        0x0000000000000000000000000000000000000000000000000000000000000000 ,
        0x0000000000000000000000000000000000000000000000000000000000000000 ,
        0x0000000000000000000000000000000000000000000000000000000000000000 ,
        0x0000000000000000000000000000000000000000000000000000000000000000 ,
        0x0000000000000000000000000000000000000000000000000000000000000000 ,
        0x0000000000000000000000000000000000000000000000000000000000000000 ,
        0x0000000000000000000000000000000000000000000000000000000000000000 ,
        0x0000000000000000000000000000000000000000000000000000000000000000 ,
        0x0000000000000000000000000000000000000000000000000000000000000000 ,
        0x0000000000000000000000000000000000000000000000000000000000000000 ,
        0x0000000000000000000000000000000000000000000000000000000000000000 ,
        0x0000000000000000000000000000000000000000000000000000000000000000 ,
        0x0000000000000000000000000000000000000000000000000000000000000000 ,
        0x0000000000000000000000000000000000000000000000000000000000000000 ,
        0x0000000000000000000000000000000000000000000000000000000000000000 ,
        0x0000000000000000000000000000000000000000000000000000000000000000 ,
        0x0000000000000000000000000000000000000000000000000000000000000000 ,
        0x0000000000000000000000000000000000000000000000000000000000000000 ,
        0x0000000000000000000000000000000000000000000000000000000000000000 ,
        0x0000000000000000000000000000000000000000000000000000000000000000 ,
        0x0000000000000000000000000000000000000000000000000000000000000000 ,
        0x0000000000000000000000000000000000000000000000000000000000000000 ,
        0x0000000000000000000000000000000000000000000000000000000000000000 ,
        0x0000000000000000000000000000000000000000000000000000000000000000 ,
        0x0000000000000000000000000000000000000000000000000000000000000000 ,
        0x0000000000000000000000000000000000000000000000000000000000000000 ,
        0x0000000000000000000000000000000000000000000000000000000000000000 ,
        0x0000000000000000000000000000000000000000000000000000000000000000 ,
        0x0000000000000000000000000000000000000000000000000000000000000000 ,
        0x0000000000000000000000000000000000000000000000000000000000000000 ,
        0x0000000000000000000000000000000000000000000000000000000000000000 ,
        0x0000000000000000000000000000000000000000000000000000000000000000 ,
        0x0000000000000000000000000000000000000000000000000000000000000000 ,
        0x0000000000000000000000000000000000000000000000000000000000000000 ,
        0x0000000000000000000000000000000000000000000000000000000000000000 ,
        0x0000000000000000000000000000000000000000000000000000000000000000 ,
        0x0000000000000000000000000000000000000000000000000000000000000000 ,
        0x0000000000000000000000000000000000000000000000000000000000000000 ,
        0x0000000000000000000000000000000000000000000000000000000000000000 ,
        0x0000000000000000000000000000000000000000000000000000000000000000 ,
        0x0000000000000000000000000000000000000000000000000000000000000000 ,
        0x0000000000000000000000000000000000000000000000000000000000000000 ,
        0x0000000000000000000000000000000000000000000000000000000000000000 ,
        0x0000000000000000000000000000000000000000000000000000000000000000 ,
        0x0000000000000000000000000000000000000000000000000000000000000000 ,
        0x0000000000000000000000000000000000000000000000000000000000000000 ,
        0x0000000000000000000000000000000000000000000000000000000000000000 ,
        0x0000000000000000000000000000000000000000000000000000000000000000 ,
        0x0000000000000000000000000000000000000000000000000000000000000000 ,
        0x0000000000000000
    end
    prtdevnames = begin
        0x080029003f000100000000000000000000000000000000000000000000000000 ,
        0x0000000000000000000000000000000000000000000000000000000000000031 ,
        0x302e3130362e3234392e313200
    end
    filteronload =0
    fittopage =1
    displayonsharepointsite =1
    datasheetalternatebackcolor =15921906
    datasheetgridlinescolor12 =0
    fittoscreen =1
    datasheetbackthemecolorindex =1
    borderthemecolorindex =3
    themefontindex =1
    forethemecolorindex =0
    alternatebackthemecolorindex =1
    alternatebackshade =95.0
    prtdevmodew = begin
        0x0000000000000000000000000000000000000000000000000000000000000000 ,
        0x45005300490047004e0000002d0044003300440030002d003400420036000000 ,
        0x01040020dc000c120fff800301000100ea0a6f08640001000700580202000100 ,
        0x5802020000000000000000000000000000000000000000000000000000000000 ,
        0x0000000000000000000000000000000000000000000000000000000000000000 ,
        0x0000000000000000000000000000000000000000000000000000000001000000 ,
        0x0200000000020000010000000000000000000000000000000000000031304452 ,
        0xd6e70a3c1286f756000000004f040000789c7554cb72db300cfc179f7b883b4d ,
        0xdbe467343009496c4082c3871fe9f4dfbba464cb8d9b9b885d2cc005a8dfbb5c ,
        0x28584a36d2c4797021d652125d76af3baa45db67666153765f3e503d5b47e512 ,
        0x19d428e402c0c4e662842dc8c2a5709a99ac57db39c905442c8f54a5c9d91a85 ,
        0xcf2baae38850cd20a8875820cfc3aade1a698a3ab9d018f758cfe0d1855ef497 ,
        0x1ed678d0e4497acd55d7d9ffe7643ab21e39095d2c151a46271ca9cc2002a518 ,
        0xc5192a4ec3bbaa3f92d426b17f7a02c8810ec242694246e49435f48a2e4ced4a ,
        0xa15d524df51c4a76ef2d6f710571537351bf64011a6a7005b80b66069ad856c3 ,
        0x1cba34c2a32b45bb74d7794c170e5399879e8eee96f63e924ece82e33d185ff7 ,
        0xcf2f9fcb2c941f2fdf3e15590bfd7c6e751e8dd95a7d85bf9e296b72981ec9da ,
        0x3f8e30a5dbda56431316cdb54925451473b96e04268a8fcce51659d6e676c4d8 ,
        0xb43674dfd6b275393337a583ea9bdce7253a8d09cd1c14d34fb7784bbb468206 ,
        0xde52877b48231a56e1b1a0598dcd19154d8713b0fed5c79655ea7aa9efdd8929 ,
        0x519c9dc9eb9a1ff1923ab53b442285cf85f241c8bcdd3a5ad60aa2022bb697d3 ,
        0x0b605133ff7b013c4b38b2dda72eb3594e46a3e3dcecc1617467eb976637fcb1 ,
        0x0afcdcfe020fcf36cf30c0d432989a123c01e70afef90b009c87d50000000000 ,
        0x0000000000000000000000000000000000000000000000000000000000000000 ,
        0x0000000000000000000000000000000000000000000000000000000000000000 ,
        0x0000000000000000000000000000000000000000000000000000000000000000 ,
        0x0000000000000000000000000000000000000000000000000000000000000000 ,
        0x0000000000000000000000000000000000000000000000000000000000000000 ,
        0x0000000000000000000000000000000000000000000000000000000000000000 ,
        0x0000000000000000000000000000000000000000000000000000000000000000 ,
        0x0000000000000000000000000000000000000000000000000000000000000000 ,
        0x0000000000000000000000000000000000000000000000000000000000000000 ,
        0x0000000000000000000000000000000000000000000000000000000000000000 ,
        0x0000000000000000000000000000000000000000000000000000000000000000 ,
        0x0000000000000000000000000000000000000000000000000000000000000000 ,
        0x0000000000000000000000000000000000000000000000000000000000000000 ,
        0x0000000000000000000000000000000000000000000000000000000000000000 ,
        0x0000000000000000000000000000000000000000000000000000000000000000 ,
        0x0000000000000000000000000000000000000000000000000000000000000000 ,
        0x0000000000000000000000000000000000000000000000000000000000000000 ,
        0x0000000000000000000000000000000000000000000000000000000000000000 ,
        0x0000000000000000000000000000000000000000000000000000000000000000 ,
        0x0000000000000000000000000000000000000000000000000000000000000000 ,
        0x0000000000000000000000000000000000000000000000000000000000000000 ,
        0x0000000000000000000000000000000000000000000000000000000000000000 ,
        0x0000000000000000000000000000000000000000000000000000000000000000 ,
        0x0000000000000000000000000000000000000000000000000000000000000000 ,
        0x0000000000000000000000000000000000000000000000000000000000000000 ,
        0x0000000000000000000000000000000000000000000000000000000000000000 ,
        0x0000000000000000000000000000000000000000000000000000000000000000 ,
        0x0000000000000000000000000000000000000000000000000000000000000000 ,
        0x0000000000000000000000000000000000000000000000000000000000000000 ,
        0x0000000000000000000000000000000000000000000000000000000000000000 ,
        0x0000000000000000000000000000000000000000000000000000000000000000 ,
        0x0000000000000000000000000000000000000000000000000000000000000000 ,
        0x0000000000000000000000000000000000000000000000000000000000000000 ,
        0x0000000000000000000000000000000000000000000000000000000000000000 ,
        0x0000000000000000000000000000000000000000000000000000000000000000 ,
        0x0000000000000000000000000000000000000000000000000000000000000000 ,
        0x0000000000000000000000000000000000000000000000000000000000000000 ,
        0x0000000000000000000000000000000000000000000000000000000000000000 ,
        0x0000000000000000000000000000000000000000000000000000000000000000 ,
        0x0000000000000000000000000000000000000000000000000000000000000000 ,
        0x0000000000000000000000000000000000000000000000000000000000000000 ,
        0x0000000000000000000000000000000000000000000000000000000000000000 ,
        0x0000000000000000000000000000000000000000000000000000000000000000 ,
        0x0000000000000000000000000000000000000000000000000000000000000000 ,
        0x0000000000000000000000000000000000000000000000000000000000000000 ,
        0x0000000000000000000000000000000000000000000000000000000000000000 ,
        0x0000000000000000000000000000000000000000000000000000000000000000 ,
        0x0000000000000000000000000000000000000000000000000000000000000000 ,
        0x0000000000000000000000000000000000000000000000000000000000000000 ,
        0x0000000000000000000000000000000000000000000000000000000000000000 ,
        0x0000000000000000000000000000000000000000000000000000000000000000 ,
        0x0000000000000000000000000000000000000000000000000000000000000000 ,
        0x0000000000000000000000000000000000000000000000000000000000000000 ,
        0x0000000000000000000000000000000000000000000000000000000000000000 ,
        0x0000000000000000000000000000000000000000000000000000000000000000 ,
        0x0000000000000000000000000000000000000000000000000000000000000000 ,
        0x0000000000000000000000000000000000000000000000000000000000000000 ,
        0x0000000000000000000000000000000000000000000000000000000000000000 ,
        0x0000000000000000000000000000000000000000000000000000000000000000 ,
        0x0000000000000000000000000000000000000000000000000000000000000000 ,
        0x0000000000000000000000000000000000000000000000000000000000000000 ,
        0x0000000000000000000000000000000000000000000000000000000000000000 ,
        0x0000000000000000000000000000000000000000000000000000000000000000 ,
        0x0000000000000000000000000000000000000000000000000000000000000000 ,
        0x0000000000000000000000000000000000000000000000000000000000000000 ,
        0x0000000000000000000000000000000000000000000000000000000000000000 ,
        0x0000000000000000000000000000000000000000000000000000000000000000 ,
        0x0000000000000000000000000000000000000000000000000000000000000000 ,
        0x0000000000000000000000000000000000000000000000000000000000000000 ,
        0x0000000000000000000000000000000000000000000000000000000000000000 ,
        0x0000000000000000000000000000000000000000000000000000000000000000 ,
        0x0000000000000000000000000000000000000000000000000000000000000000 ,
        0x0000000000000000000000000000000000000000000000000000000000000000 ,
        0x0000000000000000000000000000000000000000000000000000000000000000 ,
        0x0000000000000000000000000000000000000000000000000000000000000000 ,
        0x0000000000000000000000000000000000000000000000000000000000000000 ,
        0x0000000000000000000000000000000000000000000000000000000000000000 ,
        0x0000000000000000000000000000000000000000000000000000000000000000 ,
        0x0000000000000000000000000000000000000000000000000000000000000000 ,
        0x0000000000000000000000000000000000000000000000000000000000000000 ,
        0x0000000000000000000000000000000000000000000000000000000000000000 ,
        0x0000000000000000000000000000000000000000000000000000000000000000 ,
        0x0000000000000000000000000000000000000000000000000000000000000000 ,
        0x0000000000000000000000000000000000000000000000000000000000000000 ,
        0x0000000000000000000000000000000000000000000000000000000000000000 ,
        0x0000000000000000000000000000000000000000000000000000000000000000 ,
        0x0000000000000000000000000000000000000000000000000000000000000000 ,
        0x0000000000000000000000000000000000000000000000000000000000000000 ,
        0x0000000000000000000000000000000000000000000000000000000000000000 ,
        0x0000000000000000000000000000000000000000000000000000000000000000 ,
        0x0000000000000000000000000000000000000000000000000000000000000000 ,
        0x0000000000000000000000000000000000000000000000000000000000000000 ,
        0x0000000000000000000000000000000000000000000000000000000000000000 ,
        0x0000000000000000000000000000000000000000000000000000000000000000 ,
        0x0000000000000000000000000000000000000000000000000000000000000000 ,
        0x0000000000000000000000000000000000000000000000000000000000000000 ,
        0x0000000000000000000000000000000000000000000000000000000000000000 ,
        0x0000000000000000000000000000000000000000000000000000000000000000 ,
        0x0000000000000000000000000000000000000000000000000000000000000000 ,
        0x0000000000000000000000000000000000000000000000000000000000000000 ,
        0x0000000000000000000000000000000000000000000000000000000000000000 ,
        0x0000000000000000000000000000000000000000000000000000000000000000 ,
        0x0000000000000000000000000000000000000000000000000000000000000000 ,
        0x0000000000000000000000000000000000000000000000000000000000000000 ,
        0x0000000000000000000000000000000000000000000000000000000000000000 ,
        0x0000000000000000000000000000000000000000000000000000000000000000 ,
        0x0000000000000000000000000000000000000000000000000000000000000000 ,
        0x0000000000000000000000000000000000000000000000000000000000000000 ,
        0x0000000000000000000000000000000000000000000000000000000000000000 ,
        0x0000000000000000000000000000000000000000000000000000000000000000 ,
        0x0000000000000000000000000000000000000000000000000000000000000000 ,
        0x0000000000000000000000000000000000000000000000000000000000000000 ,
        0x0000000000000000000000000000000000000000000000000000000000000000 ,
        0x0000000000000000000000000000000000000000000000000000000000000000 ,
        0x0000000000000000000000000000000000000000000000000000000000000000 ,
        0x0000000000000000000000000000000000000000000000000000000000000000 ,
        0x0000000000000000000000000000000000000000000000000000000000000000 ,
        0x0000000000000000000000000000000000000000000000000000000000000000 ,
        0x0000000000000000000000000000000000000000000000000000000000000000 ,
        0x0000000000000000000000000000000000000000000000000000000000000000 ,
        0x0000000000000000000000000000000000000000000000000000000000000000 ,
        0x0000000000000000000000000000000000000000000000000000000000000000 ,
        0x0000000000000000000000000000000000000000000000000000000000000000 ,
        0x0000000000000000000000000000000000000000000000000000000000000000 ,
        0x0000000000000000000000000000000000000000000000000000000000000000 ,
        0x0000000000000000000000000000000000000000000000000000000000000000 ,
        0x0000000000000000000000000000000000000000000000000000000000000000 ,
        0x0000000000000000000000000000000000000000000000000000000000000000 ,
        0x0000000000000000
    end
    prtdevnamesw = begin
        0x040025003b000100000000000000000000000000000000000000000000000000 ,
        0x0000000000000000000000000000000000000000000000000000000000000000 ,
        0x0000000000000000000000000000000000000000000000000000000000000000 ,
        0x00000000000000000000000000000000000000000000310030002e0031003000 ,
        0x36002e003200340039002e00310032000000
    end
    nosavectiwhendisabled =1
    begin
        begin label
            backstyle =0
            fontsize =11
            bordercolor =8355711
            forecolor =6710886
            fontname ="Yu Gothic UI"
            gridlinecolor =10921638
            themefontindex =1
            backthemecolorindex =1
            borderthemecolorindex =0
            bordertint =50.0
            forethemecolorindex =0
            foretint =60.0
            gridlinethemecolorindex =1
            gridlineshade =65.0
        end
        begin commandbutton
            fontsize =11
            fontweight =400
            forecolor =4210752
            fontname ="Yu Gothic UI"
            gridlinecolor =10921638
            forethemecolorindex =0
            foretint =75.0
            gridlinethemecolorindex =1
            gridlineshade =65.0
            usetheme =1
            shape =1
            gradient =12
            backcolor =6750034
            backthemecolorindex =4
            backtint =60.0
            borderlinestyle =0
            bordercolor =6750034
            borderthemecolorindex =4
            bordertint =60.0
            themefontindex =1
            hovercolor =10092428
            hoverthemecolorindex =4
            hovertint =40.0
            pressedcolor =1287680
            pressedthemecolorindex =4
            pressedshade =75.0
            hoverforecolor =4210752
            hoverforethemecolorindex =0
            hoverforetint =75.0
            pressedforecolor =4210752
            pressedforethemecolorindex =0
            pressedforetint =75.0
        end
        begin textbox
            addcolon = notdefault
            felinebreak = notdefault
            borderlinestyle =0
            labelx =-1800
            fontsize =11
            bordercolor =10921638
            forecolor =4210752
            fontname ="Yu Gothic UI"
            asianlinebreak =1
            gridlinecolor =10921638
            showdatepicker =0
            backthemecolorindex =1
            borderthemecolorindex =1
            bordershade =65.0
            themefontindex =1
            forethemecolorindex =0
            foretint =75.0
            gridlinethemecolorindex =1
            gridlineshade =65.0
        end
        begin combobox
            addcolon = notdefault
            borderlinestyle =0
            labelx =-1800
            fontsize =11
            bordercolor =10921638
            forecolor =2039583
            fontname ="Yu Gothic UI"
            gridlinecolor =10921638
            allowvaluelistedits =1
            inheritvaluelist =1
            themefontindex =1
            backthemecolorindex =1
            borderthemecolorindex =1
            bordershade =65.0
            forethemecolorindex =2
            foreshade =50.0
            gridlinethemecolorindex =1
            gridlineshade =65.0
        end
        begin subform
            borderlinestyle =0
            gridlinecolor =10921638
            gridlinethemecolorindex =1
            gridlineshade =65.0
        end
        begin formheader
            keeptogether = notdefault
            height =420
            backcolor =14277081
            name ="ReportHeader"
            guid = begin
                0x34d99650cf6f8d44a3d3989610c5234b
            end
            alternatebackthemecolorindex =1
            alternatebackshade =95.0
            backthemecolorindex =2
            backtint =20.0
            begin
                begin label
                    left =660
                    width =1200
                    height =345
                    fontweight =700
                    bordercolor =4342338
                    forecolor =0
                    name ="Label69"
                    caption ="Req ID"
                    fontname ="Segoe UI"
                    tag ="lbl.L1"
                    guid = begin
                        0x91814f34d47b0647bb709240bc8996f9
                    end
                    layoutcachedleft =660
                    layoutcachedwidth =1860
                    layoutcachedheight =345
                    themefontindex =-1
                    borderthemecolorindex =-1
                    foretint =100.0
                end
                begin label
                    left =1920
                    width =1080
                    height =345
                    fontweight =700
                    bordercolor =4342338
                    forecolor =0
                    name ="Label70"
                    caption ="PN"
                    fontname ="Segoe UI"
                    tag ="lbl.L1"
                    guid = begin
                        0x28099f37a80c1f458001b8ef9246650c
                    end
                    layoutcachedleft =1920
                    layoutcachedwidth =3000
                    layoutcachedheight =345
                    themefontindex =-1
                    borderthemecolorindex =-1
                    foretint =100.0
                end
                begin label
                    left =6960
                    width =585
                    height =345
                    fontweight =700
                    bordercolor =4342338
                    forecolor =0
                    name ="Label74"
                    caption ="PPV"
                    fontname ="Segoe UI"
                    tag ="lbl.L1"
                    guid = begin
                        0xe2d4982860d83c4cb2808b0910e4278f
                    end
                    layoutcachedleft =6960
                    layoutcachedwidth =7545
                    layoutcachedheight =345
                    themefontindex =-1
                    borderthemecolorindex =-1
                    foretint =100.0
                end
                begin label
                    left =9180
                    width =1020
                    height =345
                    fontweight =700
                    bordercolor =4342338
                    forecolor =0
                    name ="Label76"
                    caption ="Volume"
                    fontname ="Segoe UI"
                    tag ="lbl.L1"
                    guid = begin
                        0x70eca09c5e541141afd8009f83952444
                    end
                    layoutcachedleft =9180
                    layoutcachedwidth =10200
                    layoutcachedheight =345
                    themefontindex =-1
                    borderthemecolorindex =-1
                    foretint =100.0
                end
                begin label
                    left =3060
                    width =840
                    height =345
                    fontweight =700
                    bordercolor =4342338
                    forecolor =0
                    name ="Label71"
                    caption ="Unit"
                    fontname ="Segoe UI"
                    tag ="lbl.L1"
                    guid = begin
                        0xf28acd26b91ee54e8e463ed38eb6cd25
                    end
                    layoutcachedleft =3060
                    layoutcachedwidth =3900
                    layoutcachedheight =345
                    themefontindex =-1
                    borderthemecolorindex =-1
                    foretint =100.0
                end
                begin label
                    left =3960
                    width =1800
                    height =345
                    fontweight =700
                    bordercolor =4342338
                    forecolor =0
                    name ="Label72"
                    caption ="Production Type"
                    fontname ="Segoe UI"
                    tag ="lbl.L1"
                    guid = begin
                        0xcc685c092c4f45449b31b0d1eb17a455
                    end
                    layoutcachedleft =3960
                    layoutcachedwidth =5760
                    layoutcachedheight =345
                    themefontindex =-1
                    borderthemecolorindex =-1
                    foretint =100.0
                end
                begin label
                    left =5820
                    width =1080
                    height =345
                    fontweight =700
                    bordercolor =4342338
                    forecolor =0
                    name ="Label73"
                    caption ="Tonnage"
                    fontname ="Segoe UI"
                    tag ="lbl.L1"
                    guid = begin
                        0x032f0755dc4b004d847821544dfc3780
                    end
                    layoutcachedleft =5820
                    layoutcachedwidth =6900
                    layoutcachedheight =345
                    themefontindex =-1
                    borderthemecolorindex =-1
                    foretint =100.0
                end
                begin label
                    left =7620
                    width =1515
                    height =345
                    fontweight =700
                    bordercolor =4342338
                    forecolor =0
                    name ="Label75"
                    caption ="Volume Type"
                    fontname ="Segoe UI"
                    tag ="lbl.L1"
                    guid = begin
                        0xb3677ec571785042935eda5bd6768283
                    end
                    layoutcachedleft =7620
                    layoutcachedwidth =9135
                    layoutcachedheight =345
                    themefontindex =-1
                    borderthemecolorindex =-1
                    foretint =100.0
                end
                begin label
                    left =10260
                    width =1680
                    height =345
                    fontweight =700
                    bordercolor =4342338
                    forecolor =0
                    name ="Label77"
                    caption ="Volume Timing"
                    fontname ="Segoe UI"
                    tag ="lbl.L1"
                    guid = begin
                        0x16e5299986f67b4a82dfd237b50f580f
                    end
                    layoutcachedleft =10260
                    layoutcachedwidth =11940
                    layoutcachedheight =345
                    themefontindex =-1
                    borderthemecolorindex =-1
                    foretint =100.0
                end
                begin label
                    left =12000
                    width =1845
                    height =345
                    fontweight =700
                    bordercolor =4342338
                    forecolor =0
                    name ="Label78"
                    caption ="Capacity Results"
                    fontname ="Segoe UI"
                    tag ="lbl.L1"
                    guid = begin
                        0xef30b4e22db58f489acab1ade1277a31
                    end
                    layoutcachedleft =12000
                    layoutcachedwidth =13845
                    layoutcachedheight =345
                    themefontindex =-1
                    borderthemecolorindex =-1
                    foretint =100.0
                end
                begin label
                    left =13860
                    width =1195
                    height =360
                    fontweight =700
                    bordercolor =4342338
                    forecolor =0
                    name ="Quote_Label"
                    caption ="Quote"
                    fontname ="Segoe UI"
                    tag ="lbl.L1"
                    guid = begin
                        0xdc5be59442b6114bba88a09c0dd0ea06
                    end
                    layoutcachedleft =13860
                    layoutcachedwidth =15055
                    layoutcachedheight =360
                    themefontindex =-1
                    borderthemecolorindex =-1
                    foretint =100.0
                end
            end
        end
        begin section
            keeptogether = notdefault
            cangrow = notdefault
            height =420
            name ="Detail"
            guid = begin
                0xc1f9344a0aed2946a1d79f5cf7838aa3
            end
            alternatebackcolor =15921906
            alternatebackthemecolorindex =1
            alternatebackshade =95.0
            backthemecolorindex =1
            begin
                begin textbox
                    locked = notdefault
                    imesentencemode =3
                    left =660
                    width =1200
                    height =345
                    bordercolor =6381921
                    forecolor =0
                    name ="requestId"
                    controlsource ="requestId"
                    tag ="txt.L2"
                    guid = begin
                        0x26689bde3a6b4647ac0414f8b2e830cf
                    end
                    showdatepicker =1

                    layoutcachedleft =660
                    layoutcachedwidth =1860
                    layoutcachedheight =345
                    borderthemecolorindex =-1
                    foretint =100.0
                end
                begin textbox
                    imesentencemode =3
                    left =1920
                    width =1020
                    height =345
                    tabindex =1
                    bordercolor =6381921
                    forecolor =0
                    name ="partNumber"
                    controlsource ="partNumber"
                    tag ="txtContrastBorder.L2"
                    guid = begin
                        0x16ac0442b3618b4d9462aa5f71373a27
                    end
                    showdatepicker =1

                    layoutcachedleft =1920
                    layoutcachedwidth =2940
                    layoutcachedheight =345
                    borderthemecolorindex =-1
                    foretint =100.0
                end
                begin textbox
                    imesentencemode =3
                    left =6960
                    width =600
                    height =345
                    tabindex =2
                    bordercolor =6381921
                    forecolor =0
                    name ="ppv"
                    controlsource ="ppv"
                    afterupdate ="=trackUpdate()"
                    tag ="txtContrastBorder.L2"
                    guid = begin
                        0x73ee1f513b08364b9bed860d936764c4
                    end
                    showdatepicker =1

                    layoutcachedleft =6960
                    layoutcachedwidth =7560
                    layoutcachedheight =345
                    borderthemecolorindex =-1
                    foretint =100.0
                end
                begin textbox
                    imesentencemode =3
                    left =9180
                    width =1020
                    height =345
                    tabindex =3
                    bordercolor =6381921
                    forecolor =0
                    name ="volume"
                    controlsource ="volume"
                    afterupdate ="=trackUpdate()"
                    tag ="txtContrastBorder.L2"
                    guid = begin
                        0x5e186fd45d257440ac43fcb9bf70e7b9
                    end
                    showdatepicker =1

                    layoutcachedleft =9180
                    layoutcachedwidth =10200
                    layoutcachedheight =345
                    borderthemecolorindex =-1
                    foretint =100.0
                end
                begin combobox
                    limittolist = notdefault
                    imesentencemode =3
                    columncount =2
                    left =3000
                    width =900
                    height =345
                    tabindex =4
                    bordercolor =6381921
                    forecolor =0
                    columninfo ="\"\";\"\";\"\";\"\";\"10\";\"510\""
                    guid = begin
                        0x1d4d45b5c448804689b55d6d97a2f74c
                    end
                    name ="unitId"
                    controlsource ="unitId"
                    rowsourcetype ="Table/Query"
                    rowsource ="SELECT tblUnits.recordID, tblUnits.unitName FROM tblUnits ORDER BY tblUnits.unit"
                        "Number;"
                    columnwidths ="0;1440"
                    afterupdate ="=trackUpdate()"
                    tag ="txtContrastBorder.L2"
                    baseinfo ="\"select tblunits.recordid, tblunits.unitname from tblunits order by tblunits.un"
                        "itNumber;\";\"tblUnits\";\"\";\"recordID\";\"unitName\";\"PrimaryKey\""
                    allowvaluelistedits =0

                    layoutcachedleft =3000
                    layoutcachedwidth =3900
                    layoutcachedheight =345
                    borderthemecolorindex =-1
                    forethemecolorindex =0
                    foreshade =100.0
                end
                begin combobox
                    limittolist = notdefault
                    imesentencemode =3
                    columncount =2
                    left =3960
                    width =1785
                    height =345
                    tabindex =5
                    bordercolor =6381921
                    forecolor =0
                    columninfo ="\"\";\"\";\"\";\"\";\"10\";\"110\""
                    guid = begin
                        0x10f448b57f93744d8f1bc1b1386dfac9
                    end
                    name ="productionType"
                    controlsource ="productionType"
                    rowsourcetype ="Table/Query"
                    rowsource ="SELECT tblDropDowns_StrategicPlanning.recordId, tblDropDowns_StrategicPlanning.p"
                        "roductionType FROM tblDropDowns_StrategicPlanning WHERE (((tblDropDowns_Strategi"
                        "cPlanning.productionType) Is Not Null)) ORDER BY tblDropDowns_StrategicPlanning."
                        "productionType;"
                    columnwidths ="0;1440"
                    afterupdate ="=trackUpdate()"
                    tag ="txtContrastBorder.L2"
                    allowvaluelistedits =0

                    layoutcachedleft =3960
                    layoutcachedwidth =5745
                    layoutcachedheight =345
                    borderthemecolorindex =-1
                    forethemecolorindex =0
                    foreshade =100.0
                end
                begin combobox
                    limittolist = notdefault
                    imesentencemode =3
                    left =5820
                    width =1080
                    height =345
                    tabindex =6
                    bordercolor =6381921
                    forecolor =0
                    columninfo ="\"\";\"\";\"10\";\"50\""
                    guid = begin
                        0x475305f907214e46b44462105286b0f4
                    end
                    name ="tonnage"
                    controlsource ="tonnage"
                    rowsourcetype ="Table/Query"
                    rowsource ="SELECT tblDropDownsSP.presssizeall FROM tblDropDownsSP WHERE (((tblDropDownsSP.p"
                        "resssizeall) Is Not Null));"
                    columnwidths ="1440"
                    afterupdate ="=trackUpdate()"
                    tag ="txtContrastBorder.L2"
                    allowvaluelistedits =0

                    layoutcachedleft =5820
                    layoutcachedwidth =6900
                    layoutcachedheight =345
                    borderthemecolorindex =-1
                    forethemecolorindex =0
                    foreshade =100.0
                end
                begin combobox
                    limittolist = notdefault
                    imesentencemode =3
                    columncount =2
                    left =7620
                    width =1500
                    height =345
                    tabindex =7
                    bordercolor =6381921
                    forecolor =0
                    columninfo ="\"\";\"\";\"\";\"\";\"10\";\"110\""
                    guid = begin
                        0x5bcf2db1282e4a4382ddf5ea237f1b49
                    end
                    name ="volumeType"
                    controlsource ="volumeType"
                    rowsourcetype ="Table/Query"
                    rowsource ="SELECT tblDropDowns_StrategicPlanning.recordId, tblDropDowns_StrategicPlanning.v"
                        "olumeType FROM tblDropDowns_StrategicPlanning WHERE (((tblDropDowns_StrategicPla"
                        "nning.volumeType) Is Not Null)) ORDER BY tblDropDowns_StrategicPlanning.volumeTy"
                        "pe;"
                    columnwidths ="0;1440"
                    afterupdate ="=trackUpdate()"
                    tag ="txtContrastBorder.L2"
                    allowvaluelistedits =0

                    layoutcachedleft =7620
                    layoutcachedwidth =9120
                    layoutcachedheight =345
                    borderthemecolorindex =-1
                    forethemecolorindex =0
                    foreshade =100.0
                end
                begin combobox
                    limittolist = notdefault
                    imesentencemode =3
                    columncount =2
                    left =10260
                    width =1680
                    height =345
                    tabindex =8
                    bordercolor =6381921
                    forecolor =0
                    columninfo ="\"\";\"\";\"\";\"\";\"10\";\"50\""
                    guid = begin
                        0xd5a12b1174c895418f3c87164b3db147
                    end
                    name ="volumeTiming"
                    controlsource ="volumeTiming"
                    rowsourcetype ="Table/Query"
                    rowsource ="SELECT tblDropDowns_StrategicPlanning.recordId, tblDropDowns_StrategicPlanning.v"
                        "olumeTiming FROM tblDropDowns_StrategicPlanning WHERE (((tblDropDowns_StrategicP"
                        "lanning.volumeTiming) Is Not Null)) ORDER BY tblDropDowns_StrategicPlanning.volu"
                        "meTiming;"
                    columnwidths ="0;1440"
                    afterupdate ="=trackUpdate()"
                    tag ="txtContrastBorder.L2"
                    allowvaluelistedits =0

                    layoutcachedleft =10260
                    layoutcachedwidth =11940
                    layoutcachedheight =345
                    borderthemecolorindex =-1
                    forethemecolorindex =0
                    foreshade =100.0
                end
                begin combobox
                    limittolist = notdefault
                    imesentencemode =3
                    columncount =2
                    left =12000
                    width =1860
                    height =345
                    tabindex =9
                    bordercolor =6381921
                    forecolor =0
                    columninfo ="\"\";\"\";\"\";\"\";\"10\";\"200\""
                    guid = begin
                        0x145ada16b62ceb48a64c476f79fc2552
                    end
                    name ="capacityResults"
                    controlsource ="capacityResults"
                    rowsourcetype ="Table/Query"
                    rowsource ="SELECT tblDropDowns_StrategicPlanning.recordId, tblDropDowns_StrategicPlanning.r"
                        "esults FROM tblDropDowns_StrategicPlanning WHERE (((tblDropDowns_StrategicPlanni"
                        "ng.results) Is Not Null)) ORDER BY tblDropDowns_StrategicPlanning.results;"
                    columnwidths ="0;1440"
                    afterupdate ="=trackUpdate()"
                    tag ="txtContrastBorder.L2"
                    allowvaluelistedits =0

                    layoutcachedleft =12000
                    layoutcachedwidth =13860
                    layoutcachedheight =345
                    borderthemecolorindex =-1
                    forethemecolorindex =0
                    foreshade =100.0
                end
                begin commandbutton
                    picturetype =1
                    left =120
                    width =360
                    tabindex =10
                    name ="Command2"
                    caption ="Command2"
                    tag ="btnContrastBorder.L3"
                    picture ="\\\\data\\mdbdata\\WorkingDB\\Pictures\\Core\\customerXref.ico"
                    guid = begin
                        0x432c92d95e17ba45b88c64d8786242d4
                    end

                    cursoronhover =1
                    layoutcachedleft =120
                    layoutcachedwidth =480
                    layoutcachedheight =360
                    webimagepaddingleft =2
                    webimagepaddingtop =2
                    webimagepaddingright =1
                    webimagepaddingbottom =1
                    overlaps =1
                end
                begin combobox
                    limittolist = notdefault
                    imesentencemode =3
                    columncount =2
                    listwidth =1440
                    left =13920
                    width =1195
                    height =345
                    tabindex =11
                    bordercolor =6381921
                    forecolor =0
                    columninfo ="\"\";\"\";\"\";\"\";\"10\";\"50\""
                    guid = begin
                        0x70f210424329ce499ee6e95392045ca1
                    end
                    name ="quoteStatus"
                    controlsource ="quoteStatus"
                    rowsourcetype ="Table/Query"
                    rowsource ="SELECT tblDropDowns_StrategicPlanning.recordId, tblDropDowns_StrategicPlanning.q"
                        "uoteAward FROM tblDropDowns_StrategicPlanning WHERE (((tblDropDowns_StrategicPla"
                        "nning.quoteAward) Is Not Null)) ORDER BY tblDropDowns_StrategicPlanning.quoteAwa"
                        "rd; "
                    columnwidths ="0;1440"
                    afterupdate ="=trackUpdate()"
                    fontname ="Segoe UI"
                    tag ="txtContrastBorder.L2"
                    allowvaluelistedits =0

                    layoutcachedleft =13920
                    layoutcachedwidth =15115
                    layoutcachedheight =345
                    themefontindex =-1
                    borderthemecolorindex =-1
                    bordertint =75.0
                    bordershade =100.0
                    forethemecolorindex =0
                    foreshade =100.0
                end
            end
        end
        begin formfooter
            keeptogether = notdefault
            height =0
            name ="ReportFooter"
            guid = begin
                0x7084aaa89ea6c14da15842bf5ec95030
            end
            alternatebackthemecolorindex =1
            alternatebackshade =95.0
            backthemecolorindex =1
        end
    end
end
codebehindform
attribute vb_globalnamespace = false
attribute vb_creatable = true
attribute vb_predeclaredid = true
attribute vb_exposed = false



private sub command2_click()
on error goto errhandler
 
    if isnull(me.requestid) then exit sub
 
    docmd.openform "frmCapacityRequestDetails", acnormal, , "recordId = " & me.requestid
 
exit sub
errhandler:
    msgbox "Open Details error " & err.number & ":" & vbcrlf & err.description, vbexclamation

end sub
