˙žversion =21
versionrequired =20
publishoption =1
checksum =-1435923967
begin report
    layoutforprint = notdefault
    dividinglines = notdefault
    allowdesignchanges = notdefault
    dategrouping =1
    grpkeeptogether =1
    picturealignment =2
    datasheetgridlinesbehavior =3
    gridx =24
    gridy =24
    width =14455
    datasheetfontheight =11
    right =19035
    bottom =11985
    datasheetgridlinescolor =14211288
    recsrcdt = begin
        0x2e885bf80984e640
    end
    guid = begin
        0x41d3fb35c7cc1a42b60316299b1db1a9
    end
    recordsource ="tblCapacityRequest_partnumbers"
    datasheetfontname ="Yu Gothic UI"
    prtmip = begin
        0x6801000068010000680100006801000000000000763800005901000001000000 ,
        0x010000006801000000000000a10700000100000001000000
    end
    prtdevmode = begin
        0x0000000000000000000000000000000000000000000000000000000000000000 ,
        0x010400209c000c1203ff800302000100ea0a6f08640001000700580202000100 ,
        0x5802020000000000000000000000000000000000000000000000000000000000 ,
        0x0000000000000000000000000000000000000000000000000000000001000000 ,
        0x0200000000020000010000000000000000000000000000000000000031304452 ,
        0xd6e70a3c1286f756000000004f040000789c7554cb72db300cfc179f7b883b4d ,
        0xdbe467343009496c4082c3871fe9f4dfbba464cb8d9b9b885d2cc005a8dfbb5c ,
        0x28584a36d2c4797021d652125d76af3baa45db67666153765f3e503d5b47e512 ,
        0x19d428e402c0c4e662842dc8c2a5709a99ac57db39c905442c8f54a5c9d91a85 ,
        0xcf2baae38850cd20a8875820cfc3aade1a698a3ab9d018f758cfe0d1855ef497 ,
        0x1ed678d0e4497acd55d7d9ffe7643ab21e39095d2c151a46271ca9cc2002a518 ,
        0xc5192a4ec3bbaa3f92d426b17f7a02c8810ec242694246e49435f48a2e4ced4a ,
        0xa15d524df51c4a76ef2d6f710571537351bf64011a6a7005b80b66069ad856c3 ,
        0x1cba34c2a32b45bb74d7794c170e5399879e8eee96f63e924ece82e33d185ff7 ,
        0xcf2f9fcb2c941f2fdf3e15590bfd7c6e751e8dd95a7d85bf9e296b72981ec9da ,
        0x3f8e30a5dbda56431316cdb54925451473b96e04268a8fcce51659d6e676c4d8 ,
        0xb43674dfd6b275393337a583ea9bdce7253a8d09cd1c14d34fb7784bbb468206 ,
        0xde52877b48231a56e1b1a0598dcd19154d8713b0fed5c79655ea7aa9efdd8929 ,
        0x519c9dc9eb9a1ff1923ab53b442285cf85f241c8bcdd3a5ad60aa2022bb697d3 ,
        0x0b605133ff7b013c4b38b2dda72eb3594e46a3e3dcecc1617467eb976637fcb1 ,
        0x0afcdcfe020fcf36cf30c0d432989a123c01e70afef90b009c87d50000000000 ,
        0x0000000000000000000000000000000000000000000000000000000000000000 ,
        0x0000000000000000000000000000000000000000000000000000000000000000 ,
        0x0000000000000000000000000000000000000000000000000000000000000000 ,
        0x0000000000000000000000000000000000000000000000000000000000000000 ,
        0x0000000000000000000000000000000000000000000000000000000000000000 ,
        0x0000000000000000000000000000000000000000000000000000000000000000 ,
        0x0000000000000000000000000000000000000000000000000000000000000000 ,
        0x0000000000000000000000000000000000000000000000000000000000000000 ,
        0x0000000000000000000000000000000000000000000000000000000000000000 ,
        0x0000000000000000000000000000000000000000000000000000000000000000 ,
        0x0000000000000000000000000000000000000000000000000000000000000000 ,
        0x0000000000000000000000000000000000000000000000000000000000000000 ,
        0x0000000000000000000000000000000000000000000000000000000000000000 ,
        0x0000000000000000000000000000000000000000000000000000000000000000 ,
        0x0000000000000000000000000000000000000000000000000000000000000000 ,
        0x0000000000000000000000000000000000000000000000000000000000000000 ,
        0x0000000000000000000000000000000000000000000000000000000000000000 ,
        0x0000000000000000000000000000000000000000000000000000000000000000 ,
        0x0000000000000000000000000000000000000000000000000000000000000000 ,
        0x0000000000000000000000000000000000000000000000000000000000000000 ,
        0x0000000000000000000000000000000000000000000000000000000000000000 ,
        0x0000000000000000000000000000000000000000000000000000000000000000 ,
        0x0000000000000000000000000000000000000000000000000000000000000000 ,
        0x0000000000000000000000000000000000000000000000000000000000000000 ,
        0x0000000000000000000000000000000000000000000000000000000000000000 ,
        0x0000000000000000000000000000000000000000000000000000000000000000 ,
        0x0000000000000000000000000000000000000000000000000000000000000000 ,
        0x0000000000000000000000000000000000000000000000000000000000000000 ,
        0x0000000000000000000000000000000000000000000000000000000000000000 ,
        0x0000000000000000000000000000000000000000000000000000000000000000 ,
        0x0000000000000000000000000000000000000000000000000000000000000000 ,
        0x0000000000000000000000000000000000000000000000000000000000000000 ,
        0x0000000000000000000000000000000000000000000000000000000000000000 ,
        0x0000000000000000000000000000000000000000000000000000000000000000 ,
        0x0000000000000000000000000000000000000000000000000000000000000000 ,
        0x0000000000000000000000000000000000000000000000000000000000000000 ,
        0x0000000000000000000000000000000000000000000000000000000000000000 ,
        0x0000000000000000000000000000000000000000000000000000000000000000 ,
        0x0000000000000000000000000000000000000000000000000000000000000000 ,
        0x0000000000000000000000000000000000000000000000000000000000000000 ,
        0x0000000000000000000000000000000000000000000000000000000000000000 ,
        0x0000000000000000000000000000000000000000000000000000000000000000 ,
        0x0000000000000000000000000000000000000000000000000000000000000000 ,
        0x0000000000000000000000000000000000000000000000000000000000000000 ,
        0x0000000000000000000000000000000000000000000000000000000000000000 ,
        0x0000000000000000000000000000000000000000000000000000000000000000 ,
        0x0000000000000000000000000000000000000000000000000000000000000000 ,
        0x0000000000000000000000000000000000000000000000000000000000000000 ,
        0x0000000000000000000000000000000000000000000000000000000000000000 ,
        0x0000000000000000000000000000000000000000000000000000000000000000 ,
        0x0000000000000000000000000000000000000000000000000000000000000000 ,
        0x0000000000000000000000000000000000000000000000000000000000000000 ,
        0x0000000000000000000000000000000000000000000000000000000000000000 ,
        0x0000000000000000000000000000000000000000000000000000000000000000 ,
        0x0000000000000000000000000000000000000000000000000000000000000000 ,
        0x0000000000000000000000000000000000000000000000000000000000000000 ,
        0x0000000000000000000000000000000000000000000000000000000000000000 ,
        0x0000000000000000000000000000000000000000000000000000000000000000 ,
        0x0000000000000000000000000000000000000000000000000000000000000000 ,
        0x0000000000000000000000000000000000000000000000000000000000000000 ,
        0x0000000000000000000000000000000000000000000000000000000000000000 ,
        0x0000000000000000000000000000000000000000000000000000000000000000 ,
        0x0000000000000000000000000000000000000000000000000000000000000000 ,
        0x0000000000000000000000000000000000000000000000000000000000000000 ,
        0x0000000000000000000000000000000000000000000000000000000000000000 ,
        0x0000000000000000000000000000000000000000000000000000000000000000 ,
        0x0000000000000000000000000000000000000000000000000000000000000000 ,
        0x0000000000000000000000000000000000000000000000000000000000000000 ,
        0x0000000000000000000000000000000000000000000000000000000000000000 ,
        0x0000000000000000000000000000000000000000000000000000000000000000 ,
        0x0000000000000000000000000000000000000000000000000000000000000000 ,
        0x0000000000000000000000000000000000000000000000000000000000000000 ,
        0x0000000000000000000000000000000000000000000000000000000000000000 ,
        0x0000000000000000000000000000000000000000000000000000000000000000 ,
        0x0000000000000000000000000000000000000000000000000000000000000000 ,
        0x0000000000000000000000000000000000000000000000000000000000000000 ,
        0x0000000000000000000000000000000000000000000000000000000000000000 ,
        0x0000000000000000000000000000000000000000000000000000000000000000 ,
        0x0000000000000000000000000000000000000000000000000000000000000000 ,
        0x0000000000000000000000000000000000000000000000000000000000000000 ,
        0x0000000000000000000000000000000000000000000000000000000000000000 ,
        0x0000000000000000000000000000000000000000000000000000000000000000 ,
        0x0000000000000000000000000000000000000000000000000000000000000000 ,
        0x0000000000000000000000000000000000000000000000000000000000000000 ,
        0x0000000000000000000000000000000000000000000000000000000000000000 ,
        0x0000000000000000000000000000000000000000000000000000000000000000 ,
        0x0000000000000000000000000000000000000000000000000000000000000000 ,
        0x0000000000000000000000000000000000000000000000000000000000000000 ,
        0x0000000000000000000000000000000000000000000000000000000000000000 ,
        0x0000000000000000000000000000000000000000000000000000000000000000 ,
        0x0000000000000000000000000000000000000000000000000000000000000000 ,
        0x0000000000000000000000000000000000000000000000000000000000000000 ,
        0x0000000000000000000000000000000000000000000000000000000000000000 ,
        0x0000000000000000000000000000000000000000000000000000000000000000 ,
        0x0000000000000000000000000000000000000000000000000000000000000000 ,
        0x0000000000000000000000000000000000000000000000000000000000000000 ,
        0x0000000000000000000000000000000000000000000000000000000000000000 ,
        0x0000000000000000000000000000000000000000000000000000000000000000 ,
        0x0000000000000000000000000000000000000000000000000000000000000000 ,
        0x0000000000000000000000000000000000000000000000000000000000000000 ,
        0x0000000000000000000000000000000000000000000000000000000000000000 ,
        0x0000000000000000000000000000000000000000000000000000000000000000 ,
        0x0000000000000000000000000000000000000000000000000000000000000000 ,
        0x0000000000000000000000000000000000000000000000000000000000000000 ,
        0x0000000000000000000000000000000000000000000000000000000000000000 ,
        0x0000000000000000000000000000000000000000000000000000000000000000 ,
        0x0000000000000000000000000000000000000000000000000000000000000000 ,
        0x0000000000000000000000000000000000000000000000000000000000000000 ,
        0x0000000000000000000000000000000000000000000000000000000000000000 ,
        0x0000000000000000000000000000000000000000000000000000000000000000 ,
        0x0000000000000000000000000000000000000000000000000000000000000000 ,
        0x0000000000000000000000000000000000000000000000000000000000000000 ,
        0x0000000000000000000000000000000000000000000000000000000000000000 ,
        0x0000000000000000000000000000000000000000000000000000000000000000 ,
        0x0000000000000000000000000000000000000000000000000000000000000000 ,
        0x0000000000000000000000000000000000000000000000000000000000000000 ,
        0x0000000000000000000000000000000000000000000000000000000000000000 ,
        0x0000000000000000000000000000000000000000000000000000000000000000 ,
        0x0000000000000000000000000000000000000000000000000000000000000000 ,
        0x0000000000000000000000000000000000000000000000000000000000000000 ,
        0x0000000000000000000000000000000000000000000000000000000000000000 ,
        0x0000000000000000000000000000000000000000000000000000000000000000 ,
        0x0000000000000000000000000000000000000000000000000000000000000000 ,
        0x0000000000000000000000000000000000000000000000000000000000000000 ,
        0x0000000000000000000000000000000000000000000000000000000000000000 ,
        0x0000000000000000000000000000000000000000000000000000000000000000 ,
        0x0000000000000000000000000000000000000000000000000000000000000000 ,
        0x0000000000000000000000000000000000000000000000000000000000000000 ,
        0x0000000000000000
    end
    prtdevnames = begin
        0x080029003f000100000000000000000000000000000000000000000000000000 ,
        0x0000000000000000000000000000000000000000000000000000000000000031 ,
        0x302e3130362e3234392e313200
    end
    filteronload =0
    fittopage =1
    displayonsharepointsite =1
    datasheetalternatebackcolor =15921906
    datasheetgridlinescolor12 =0
    fittoscreen =1
    datasheetbackthemecolorindex =1
    borderthemecolorindex =3
    themefontindex =1
    forethemecolorindex =0
    alternatebackthemecolorindex =1
    alternatebackshade =95.0
    prtdevmodew = begin
        0x0000000000000000000000000000000000000000000000000000000000000000 ,
        0x45005300490047004e0000002d0044003300440030002d003400420036000000 ,
        0x01040020dc000c1203ff800302000100ea0a6f08640001000700580202000100 ,
        0x5802020000000000000000000000000000000000000000000000000000000000 ,
        0x0000000000000000000000000000000000000000000000000000000000000000 ,
        0x0000000000000000000000000000000000000000000000000000000001000000 ,
        0x0200000000020000010000000000000000000000000000000000000031304452 ,
        0xd6e70a3c1286f756000000004f040000789c7554cb72db300cfc179f7b883b4d ,
        0xdbe467343009496c4082c3871fe9f4dfbba464cb8d9b9b885d2cc005a8dfbb5c ,
        0x28584a36d2c4797021d652125d76af3baa45db67666153765f3e503d5b47e512 ,
        0x19d428e402c0c4e662842dc8c2a5709a99ac57db39c905442c8f54a5c9d91a85 ,
        0xcf2baae38850cd20a8875820cfc3aade1a698a3ab9d018f758cfe0d1855ef497 ,
        0x1ed678d0e4497acd55d7d9ffe7643ab21e39095d2c151a46271ca9cc2002a518 ,
        0xc5192a4ec3bbaa3f92d426b17f7a02c8810ec242694246e49435f48a2e4ced4a ,
        0xa15d524df51c4a76ef2d6f710571537351bf64011a6a7005b80b66069ad856c3 ,
        0x1cba34c2a32b45bb74d7794c170e5399879e8eee96f63e924ece82e33d185ff7 ,
        0xcf2f9fcb2c941f2fdf3e15590bfd7c6e751e8dd95a7d85bf9e296b72981ec9da ,
        0x3f8e30a5dbda56431316cdb54925451473b96e04268a8fcce51659d6e676c4d8 ,
        0xb43674dfd6b275393337a583ea9bdce7253a8d09cd1c14d34fb7784bbb468206 ,
        0xde52877b48231a56e1b1a0598dcd19154d8713b0fed5c79655ea7aa9efdd8929 ,
        0x519c9dc9eb9a1ff1923ab53b442285cf85f241c8bcdd3a5ad60aa2022bb697d3 ,
        0x0b605133ff7b013c4b38b2dda72eb3594e46a3e3dcecc1617467eb976637fcb1 ,
        0x0afcdcfe020fcf36cf30c0d432989a123c01e70afef90b009c87d50000000000 ,
        0x0000000000000000000000000000000000000000000000000000000000000000 ,
        0x0000000000000000000000000000000000000000000000000000000000000000 ,
        0x0000000000000000000000000000000000000000000000000000000000000000 ,
        0x0000000000000000000000000000000000000000000000000000000000000000 ,
        0x0000000000000000000000000000000000000000000000000000000000000000 ,
        0x0000000000000000000000000000000000000000000000000000000000000000 ,
        0x0000000000000000000000000000000000000000000000000000000000000000 ,
        0x0000000000000000000000000000000000000000000000000000000000000000 ,
        0x0000000000000000000000000000000000000000000000000000000000000000 ,
        0x0000000000000000000000000000000000000000000000000000000000000000 ,
        0x0000000000000000000000000000000000000000000000000000000000000000 ,
        0x0000000000000000000000000000000000000000000000000000000000000000 ,
        0x0000000000000000000000000000000000000000000000000000000000000000 ,
        0x0000000000000000000000000000000000000000000000000000000000000000 ,
        0x0000000000000000000000000000000000000000000000000000000000000000 ,
        0x0000000000000000000000000000000000000000000000000000000000000000 ,
        0x0000000000000000000000000000000000000000000000000000000000000000 ,
        0x0000000000000000000000000000000000000000000000000000000000000000 ,
        0x0000000000000000000000000000000000000000000000000000000000000000 ,
        0x0000000000000000000000000000000000000000000000000000000000000000 ,
        0x0000000000000000000000000000000000000000000000000000000000000000 ,
        0x0000000000000000000000000000000000000000000000000000000000000000 ,
        0x0000000000000000000000000000000000000000000000000000000000000000 ,
        0x0000000000000000000000000000000000000000000000000000000000000000 ,
        0x0000000000000000000000000000000000000000000000000000000000000000 ,
        0x0000000000000000000000000000000000000000000000000000000000000000 ,
        0x0000000000000000000000000000000000000000000000000000000000000000 ,
        0x0000000000000000000000000000000000000000000000000000000000000000 ,
        0x0000000000000000000000000000000000000000000000000000000000000000 ,
        0x0000000000000000000000000000000000000000000000000000000000000000 ,
        0x0000000000000000000000000000000000000000000000000000000000000000 ,
        0x0000000000000000000000000000000000000000000000000000000000000000 ,
        0x0000000000000000000000000000000000000000000000000000000000000000 ,
        0x0000000000000000000000000000000000000000000000000000000000000000 ,
        0x0000000000000000000000000000000000000000000000000000000000000000 ,
        0x0000000000000000000000000000000000000000000000000000000000000000 ,
        0x0000000000000000000000000000000000000000000000000000000000000000 ,
        0x0000000000000000000000000000000000000000000000000000000000000000 ,
        0x0000000000000000000000000000000000000000000000000000000000000000 ,
        0x0000000000000000000000000000000000000000000000000000000000000000 ,
        0x0000000000000000000000000000000000000000000000000000000000000000 ,
        0x0000000000000000000000000000000000000000000000000000000000000000 ,
        0x0000000000000000000000000000000000000000000000000000000000000000 ,
        0x0000000000000000000000000000000000000000000000000000000000000000 ,
        0x0000000000000000000000000000000000000000000000000000000000000000 ,
        0x0000000000000000000000000000000000000000000000000000000000000000 ,
        0x0000000000000000000000000000000000000000000000000000000000000000 ,
        0x0000000000000000000000000000000000000000000000000000000000000000 ,
        0x0000000000000000000000000000000000000000000000000000000000000000 ,
        0x0000000000000000000000000000000000000000000000000000000000000000 ,
        0x0000000000000000000000000000000000000000000000000000000000000000 ,
        0x0000000000000000000000000000000000000000000000000000000000000000 ,
        0x0000000000000000000000000000000000000000000000000000000000000000 ,
        0x0000000000000000000000000000000000000000000000000000000000000000 ,
        0x0000000000000000000000000000000000000000000000000000000000000000 ,
        0x0000000000000000000000000000000000000000000000000000000000000000 ,
        0x0000000000000000000000000000000000000000000000000000000000000000 ,
        0x0000000000000000000000000000000000000000000000000000000000000000 ,
        0x0000000000000000000000000000000000000000000000000000000000000000 ,
        0x0000000000000000000000000000000000000000000000000000000000000000 ,
        0x0000000000000000000000000000000000000000000000000000000000000000 ,
        0x0000000000000000000000000000000000000000000000000000000000000000 ,
        0x0000000000000000000000000000000000000000000000000000000000000000 ,
        0x0000000000000000000000000000000000000000000000000000000000000000 ,
        0x0000000000000000000000000000000000000000000000000000000000000000 ,
        0x0000000000000000000000000000000000000000000000000000000000000000 ,
        0x0000000000000000000000000000000000000000000000000000000000000000 ,
        0x0000000000000000000000000000000000000000000000000000000000000000 ,
        0x0000000000000000000000000000000000000000000000000000000000000000 ,
        0x0000000000000000000000000000000000000000000000000000000000000000 ,
        0x0000000000000000000000000000000000000000000000000000000000000000 ,
        0x0000000000000000000000000000000000000000000000000000000000000000 ,
        0x0000000000000000000000000000000000000000000000000000000000000000 ,
        0x0000000000000000000000000000000000000000000000000000000000000000 ,
        0x0000000000000000000000000000000000000000000000000000000000000000 ,
        0x0000000000000000000000000000000000000000000000000000000000000000 ,
        0x0000000000000000000000000000000000000000000000000000000000000000 ,
        0x0000000000000000000000000000000000000000000000000000000000000000 ,
        0x0000000000000000000000000000000000000000000000000000000000000000 ,
        0x0000000000000000000000000000000000000000000000000000000000000000 ,
        0x0000000000000000000000000000000000000000000000000000000000000000 ,
        0x0000000000000000000000000000000000000000000000000000000000000000 ,
        0x0000000000000000000000000000000000000000000000000000000000000000 ,
        0x0000000000000000000000000000000000000000000000000000000000000000 ,
        0x0000000000000000000000000000000000000000000000000000000000000000 ,
        0x0000000000000000000000000000000000000000000000000000000000000000 ,
        0x0000000000000000000000000000000000000000000000000000000000000000 ,
        0x0000000000000000000000000000000000000000000000000000000000000000 ,
        0x0000000000000000000000000000000000000000000000000000000000000000 ,
        0x0000000000000000000000000000000000000000000000000000000000000000 ,
        0x0000000000000000000000000000000000000000000000000000000000000000 ,
        0x0000000000000000000000000000000000000000000000000000000000000000 ,
        0x0000000000000000000000000000000000000000000000000000000000000000 ,
        0x0000000000000000000000000000000000000000000000000000000000000000 ,
        0x0000000000000000000000000000000000000000000000000000000000000000 ,
        0x0000000000000000000000000000000000000000000000000000000000000000 ,
        0x0000000000000000000000000000000000000000000000000000000000000000 ,
        0x0000000000000000000000000000000000000000000000000000000000000000 ,
        0x0000000000000000000000000000000000000000000000000000000000000000 ,
        0x0000000000000000000000000000000000000000000000000000000000000000 ,
        0x0000000000000000000000000000000000000000000000000000000000000000 ,
        0x0000000000000000000000000000000000000000000000000000000000000000 ,
        0x0000000000000000000000000000000000000000000000000000000000000000 ,
        0x0000000000000000000000000000000000000000000000000000000000000000 ,
        0x0000000000000000000000000000000000000000000000000000000000000000 ,
        0x0000000000000000000000000000000000000000000000000000000000000000 ,
        0x0000000000000000000000000000000000000000000000000000000000000000 ,
        0x0000000000000000000000000000000000000000000000000000000000000000 ,
        0x0000000000000000000000000000000000000000000000000000000000000000 ,
        0x0000000000000000000000000000000000000000000000000000000000000000 ,
        0x0000000000000000000000000000000000000000000000000000000000000000 ,
        0x0000000000000000000000000000000000000000000000000000000000000000 ,
        0x0000000000000000000000000000000000000000000000000000000000000000 ,
        0x0000000000000000000000000000000000000000000000000000000000000000 ,
        0x0000000000000000000000000000000000000000000000000000000000000000 ,
        0x0000000000000000000000000000000000000000000000000000000000000000 ,
        0x0000000000000000000000000000000000000000000000000000000000000000 ,
        0x0000000000000000000000000000000000000000000000000000000000000000 ,
        0x0000000000000000000000000000000000000000000000000000000000000000 ,
        0x0000000000000000000000000000000000000000000000000000000000000000 ,
        0x0000000000000000000000000000000000000000000000000000000000000000 ,
        0x0000000000000000000000000000000000000000000000000000000000000000 ,
        0x0000000000000000000000000000000000000000000000000000000000000000 ,
        0x0000000000000000000000000000000000000000000000000000000000000000 ,
        0x0000000000000000000000000000000000000000000000000000000000000000 ,
        0x0000000000000000000000000000000000000000000000000000000000000000 ,
        0x0000000000000000000000000000000000000000000000000000000000000000 ,
        0x0000000000000000000000000000000000000000000000000000000000000000 ,
        0x0000000000000000
    end
    prtdevnamesw = begin
        0x040025003b000100000000000000000000000000000000000000000000000000 ,
        0x0000000000000000000000000000000000000000000000000000000000000000 ,
        0x0000000000000000000000000000000000000000000000000000000000000000 ,
        0x00000000000000000000000000000000000000000000310030002e0031003000 ,
        0x36002e003200340039002e00310032000000
    end
    nosavectiwhendisabled =1
    begin
        begin label
            backstyle =0
            fontsize =11
            bordercolor =8355711
            forecolor =6710886
            fontname ="Yu Gothic UI"
            gridlinecolor =10921638
            themefontindex =1
            backthemecolorindex =1
            borderthemecolorindex =0
            bordertint =50.0
            forethemecolorindex =0
            foretint =60.0
            gridlinethemecolorindex =1
            gridlineshade =65.0
        end
        begin commandbutton
            fontsize =11
            fontweight =400
            forecolor =4210752
            fontname ="Yu Gothic UI"
            gridlinecolor =10921638
            forethemecolorindex =0
            foretint =75.0
            gridlinethemecolorindex =1
            gridlineshade =65.0
            usetheme =1
            shape =1
            gradient =12
            backcolor =6750034
            backthemecolorindex =4
            backtint =60.0
            borderlinestyle =0
            bordercolor =6750034
            borderthemecolorindex =4
            bordertint =60.0
            themefontindex =1
            hovercolor =10092428
            hoverthemecolorindex =4
            hovertint =40.0
            pressedcolor =1287680
            pressedthemecolorindex =4
            pressedshade =75.0
            hoverforecolor =4210752
            hoverforethemecolorindex =0
            hoverforetint =75.0
            pressedforecolor =4210752
            pressedforethemecolorindex =0
            pressedforetint =75.0
        end
        begin textbox
            addcolon = notdefault
            felinebreak = notdefault
            borderlinestyle =0
            labelx =-1800
            fontsize =11
            bordercolor =10921638
            forecolor =4210752
            fontname ="Yu Gothic UI"
            asianlinebreak =1
            gridlinecolor =10921638
            showdatepicker =0
            backthemecolorindex =1
            borderthemecolorindex =1
            bordershade =65.0
            themefontindex =1
            forethemecolorindex =0
            foretint =75.0
            gridlinethemecolorindex =1
            gridlineshade =65.0
        end
        begin combobox
            addcolon = notdefault
            borderlinestyle =0
            labelx =-1800
            fontsize =11
            bordercolor =10921638
            forecolor =2039583
            fontname ="Yu Gothic UI"
            gridlinecolor =10921638
            allowvaluelistedits =1
            inheritvaluelist =1
            themefontindex =1
            backthemecolorindex =1
            borderthemecolorindex =1
            bordershade =65.0
            forethemecolorindex =2
            foreshade =50.0
            gridlinethemecolorindex =1
            gridlineshade =65.0
        end
        begin formheader
            keeptogether = notdefault
            height =360
            name ="ReportHeader"
            guid = begin
                0xadcbf9228b82524f93cbc44cea71d57b
            end
            alternatebackthemecolorindex =1
            alternatebackshade =95.0
            backthemecolorindex =1
            begin
                begin label
                    overlapflags =4
                    textalign =1
                    left =360
                    width =840
                    height =345
                    fontweight =700
                    bordercolor =4342338
                    forecolor =0
                    name ="Label69"
                    caption ="Req ID"
                    fontname ="Segoe UI"
                    tag ="lbl.L1"
                    guid = begin
                        0x25355fb168497b4d9a3b06e4ce042cb6
                    end
                    layoutcachedleft =360
                    layoutcachedwidth =1200
                    layoutcachedheight =345
                    themefontindex =-1
                    borderthemecolorindex =-1
                    foretint =100.0
                end
                begin label
                    left =1260
                    width =1080
                    height =345
                    fontweight =700
                    bordercolor =4342338
                    forecolor =0
                    name ="Label70"
                    caption ="PN"
                    fontname ="Segoe UI"
                    tag ="lbl.L1"
                    guid = begin
                        0xd09a72d634f511428779e42f26402b7d
                    end
                    layoutcachedleft =1260
                    layoutcachedwidth =2340
                    layoutcachedheight =345
                    themefontindex =-1
                    borderthemecolorindex =-1
                    foretint =100.0
                end
                begin label
                    left =6300
                    width =585
                    height =345
                    fontweight =700
                    bordercolor =4342338
                    forecolor =0
                    name ="Label74"
                    caption ="PPV"
                    fontname ="Segoe UI"
                    tag ="lbl.L1"
                    guid = begin
                        0x9267be3360d6f1499236cb4f957de1b7
                    end
                    layoutcachedleft =6300
                    layoutcachedwidth =6885
                    layoutcachedheight =345
                    themefontindex =-1
                    borderthemecolorindex =-1
                    foretint =100.0
                end
                begin label
                    left =8520
                    width =1020
                    height =345
                    fontweight =700
                    bordercolor =4342338
                    forecolor =0
                    name ="Label76"
                    caption ="Volume"
                    fontname ="Segoe UI"
                    tag ="lbl.L1"
                    guid = begin
                        0xc01b8fd83d009e488a241bc85b681919
                    end
                    layoutcachedleft =8520
                    layoutcachedwidth =9540
                    layoutcachedheight =345
                    themefontindex =-1
                    borderthemecolorindex =-1
                    foretint =100.0
                end
                begin label
                    left =2400
                    width =840
                    height =345
                    fontweight =700
                    bordercolor =4342338
                    forecolor =0
                    name ="Label71"
                    caption ="Unit"
                    fontname ="Segoe UI"
                    tag ="lbl.L1"
                    guid = begin
                        0x9c3ed09052fe5f4e889c75649f73f33a
                    end
                    layoutcachedleft =2400
                    layoutcachedwidth =3240
                    layoutcachedheight =345
                    themefontindex =-1
                    borderthemecolorindex =-1
                    foretint =100.0
                end
                begin label
                    left =3300
                    width =1800
                    height =345
                    fontweight =700
                    bordercolor =4342338
                    forecolor =0
                    name ="Label72"
                    caption ="Production Type"
                    fontname ="Segoe UI"
                    tag ="lbl.L1"
                    guid = begin
                        0x9230e3db0b6b874195e144df7d868b57
                    end
                    layoutcachedleft =3300
                    layoutcachedwidth =5100
                    layoutcachedheight =345
                    themefontindex =-1
                    borderthemecolorindex =-1
                    foretint =100.0
                end
                begin label
                    left =5160
                    width =1080
                    height =345
                    fontweight =700
                    bordercolor =4342338
                    forecolor =0
                    name ="Label73"
                    caption ="Tonnage"
                    fontname ="Segoe UI"
                    tag ="lbl.L1"
                    guid = begin
                        0xbee031611b610940a9f170c375b76077
                    end
                    layoutcachedleft =5160
                    layoutcachedwidth =6240
                    layoutcachedheight =345
                    themefontindex =-1
                    borderthemecolorindex =-1
                    foretint =100.0
                end
                begin label
                    left =6960
                    width =1515
                    height =345
                    fontweight =700
                    bordercolor =4342338
                    forecolor =0
                    name ="Label75"
                    caption ="Volume Type"
                    fontname ="Segoe UI"
                    tag ="lbl.L1"
                    guid = begin
                        0x751f5efd3708da44a3d0f85ce394ca3a
                    end
                    layoutcachedleft =6960
                    layoutcachedwidth =8475
                    layoutcachedheight =345
                    themefontindex =-1
                    borderthemecolorindex =-1
                    foretint =100.0
                end
                begin label
                    left =9600
                    width =1680
                    height =345
                    fontweight =700
                    bordercolor =4342338
                    forecolor =0
                    name ="Label77"
                    caption ="Volume Timing"
                    fontname ="Segoe UI"
                    tag ="lbl.L1"
                    guid = begin
                        0x426d793af2547341912537e1e35ab160
                    end
                    layoutcachedleft =9600
                    layoutcachedwidth =11280
                    layoutcachedheight =345
                    themefontindex =-1
                    borderthemecolorindex =-1
                    foretint =100.0
                end
                begin label
                    left =11340
                    width =1845
                    height =345
                    fontweight =700
                    bordercolor =4342338
                    forecolor =0
                    name ="Label78"
                    caption ="Capacity Results"
                    fontname ="Segoe UI"
                    tag ="lbl.L1"
                    guid = begin
                        0x089aa7aca59fb1438d2802d5a1f739e1
                    end
                    layoutcachedleft =11340
                    layoutcachedwidth =13185
                    layoutcachedheight =345
                    themefontindex =-1
                    borderthemecolorindex =-1
                    foretint =100.0
                end
                begin label
                    left =13200
                    width =1195
                    height =360
                    fontweight =700
                    bordercolor =4342338
                    forecolor =0
                    name ="Quote_Label"
                    caption ="Quote"
                    fontname ="Segoe UI"
                    tag ="lbl.L1"
                    guid = begin
                        0x1df091947cf92c4c812734c33020118f
                    end
                    layoutcachedleft =13200
                    layoutcachedwidth =14395
                    layoutcachedheight =360
                    themefontindex =-1
                    borderthemecolorindex =-1
                    foretint =100.0
                end
            end
        end
        begin section
            keeptogether = notdefault
            height =360
            name ="Detail"
            guid = begin
                0x550a7b9407f977439afcc9dc9c2da7b1
            end
            alternatebackcolor =15921906
            alternatebackthemecolorindex =1
            alternatebackshade =95.0
            backthemecolorindex =1
            begin
                begin textbox
                    locked = notdefault
                    overlapflags =4
                    textalign =1
                    imesentencemode =3
                    left =360
                    width =840
                    height =345
                    bordercolor =6381921
                    forecolor =0
                    name ="requestId"
                    controlsource ="requestId"
                    tag ="txt.L2"
                    guid = begin
                        0x168e89f49bb9cf4ab456daeaa0a995ec
                    end
                    showdatepicker =1

                    layoutcachedleft =360
                    layoutcachedwidth =1200
                    layoutcachedheight =345
                    borderthemecolorindex =-1
                    foretint =100.0
                end
                begin textbox
                    imesentencemode =3
                    left =1260
                    width =1020
                    height =345
                    tabindex =1
                    bordercolor =6381921
                    forecolor =0
                    name ="partNumber"
                    controlsource ="partNumber"
                    tag ="txtContrastBorder.L2"
                    guid = begin
                        0x859b9b8e0227154ba15ac4921e8efa6b
                    end
                    showdatepicker =1

                    layoutcachedleft =1260
                    layoutcachedwidth =2280
                    layoutcachedheight =345
                    borderthemecolorindex =-1
                    foretint =100.0
                end
                begin textbox
                    imesentencemode =3
                    left =6300
                    width =600
                    height =345
                    tabindex =2
                    bordercolor =6381921
                    forecolor =0
                    name ="ppv"
                    controlsource ="ppv"
                    afterupdate ="=trackUpdate()"
                    tag ="txtContrastBorder.L2"
                    guid = begin
                        0x660ef533d15b3b49a5e10059f85374a5
                    end
                    showdatepicker =1

                    layoutcachedleft =6300
                    layoutcachedwidth =6900
                    layoutcachedheight =345
                    borderthemecolorindex =-1
                    foretint =100.0
                end
                begin textbox
                    imesentencemode =3
                    left =8520
                    width =1020
                    height =345
                    tabindex =3
                    bordercolor =6381921
                    forecolor =0
                    name ="volume"
                    controlsource ="volume"
                    afterupdate ="=trackUpdate()"
                    tag ="txtContrastBorder.L2"
                    guid = begin
                        0x8121290285753d4db0b07f34ba62e4ae
                    end
                    showdatepicker =1

                    layoutcachedleft =8520
                    layoutcachedwidth =9540
                    layoutcachedheight =345
                    borderthemecolorindex =-1
                    foretint =100.0
                end
                begin combobox
                    limittolist = notdefault
                    imesentencemode =3
                    columncount =2
                    left =2340
                    width =900
                    height =345
                    tabindex =4
                    bordercolor =6381921
                    forecolor =0
                    columninfo ="\"\";\"\";\"\";\"\";\"10\";\"510\""
                    guid = begin
                        0x062867ad66735240b16aed879cbb5936
                    end
                    name ="unitId"
                    controlsource ="unitId"
                    rowsourcetype ="Table/Query"
                    rowsource ="SELECT tblUnits.recordID, tblUnits.unitName FROM tblUnits ORDER BY tblUnits.unit"
                        "Number;"
                    columnwidths ="0;1440"
                    afterupdate ="=trackUpdate()"
                    tag ="txtContrastBorder.L2"
                    baseinfo ="\"select tblunits.recordid, tblunits.unitname from tblunits order by tblunits.un"
                        "itNumber;\";\"tblUnits\";\"\";\"recordID\";\"unitName\";\"PrimaryKey\""
                    allowvaluelistedits =0

                    layoutcachedleft =2340
                    layoutcachedwidth =3240
                    layoutcachedheight =345
                    borderthemecolorindex =-1
                    forethemecolorindex =0
                    foreshade =100.0
                end
                begin combobox
                    limittolist = notdefault
                    imesentencemode =3
                    columncount =2
                    left =3300
                    width =1785
                    height =345
                    tabindex =5
                    bordercolor =6381921
                    forecolor =0
                    columninfo ="\"\";\"\";\"\";\"\";\"10\";\"110\""
                    guid = begin
                        0xfc6221e02eebf24ebdd84911e625fac8
                    end
                    name ="productionType"
                    controlsource ="productionType"
                    rowsourcetype ="Table/Query"
                    rowsource ="SELECT tblDropDowns_StrategicPlanning.recordId, tblDropDowns_StrategicPlanning.p"
                        "roductionType FROM tblDropDowns_StrategicPlanning WHERE (((tblDropDowns_Strategi"
                        "cPlanning.productionType) Is Not Null)) ORDER BY tblDropDowns_StrategicPlanning."
                        "productionType;"
                    columnwidths ="0;1440"
                    afterupdate ="=trackUpdate()"
                    tag ="txtContrastBorder.L2"
                    allowvaluelistedits =0

                    layoutcachedleft =3300
                    layoutcachedwidth =5085
                    layoutcachedheight =345
                    borderthemecolorindex =-1
                    forethemecolorindex =0
                    foreshade =100.0
                end
                begin combobox
                    limittolist = notdefault
                    imesentencemode =3
                    left =5160
                    width =1080
                    height =345
                    tabindex =6
                    bordercolor =6381921
                    forecolor =0
                    columninfo ="\"\";\"\";\"10\";\"50\""
                    guid = begin
                        0x7478abb1b103344989f2a8e890a72c1b
                    end
                    name ="tonnage"
                    controlsource ="tonnage"
                    rowsourcetype ="Table/Query"
                    rowsource ="SELECT tblDropDownsSP.presssizeall FROM tblDropDownsSP WHERE (((tblDropDownsSP.p"
                        "resssizeall) Is Not Null));"
                    columnwidths ="1440"
                    afterupdate ="=trackUpdate()"
                    tag ="txtContrastBorder.L2"
                    allowvaluelistedits =0

                    layoutcachedleft =5160
                    layoutcachedwidth =6240
                    layoutcachedheight =345
                    borderthemecolorindex =-1
                    forethemecolorindex =0
                    foreshade =100.0
                end
                begin combobox
                    limittolist = notdefault
                    imesentencemode =3
                    columncount =2
                    left =6960
                    width =1500
                    height =345
                    tabindex =7
                    bordercolor =6381921
                    forecolor =0
                    columninfo ="\"\";\"\";\"\";\"\";\"10\";\"110\""
                    guid = begin
                        0x2a4da5ba6d3af845b31bef1c244b54e9
                    end
                    name ="volumeType"
                    controlsource ="volumeType"
                    rowsourcetype ="Table/Query"
                    rowsource ="SELECT tblDropDowns_StrategicPlanning.recordId, tblDropDowns_StrategicPlanning.v"
                        "olumeType FROM tblDropDowns_StrategicPlanning WHERE (((tblDropDowns_StrategicPla"
                        "nning.volumeType) Is Not Null)) ORDER BY tblDropDowns_StrategicPlanning.volumeTy"
                        "pe;"
                    columnwidths ="0;1440"
                    afterupdate ="=trackUpdate()"
                    tag ="txtContrastBorder.L2"
                    allowvaluelistedits =0

                    layoutcachedleft =6960
                    layoutcachedwidth =8460
                    layoutcachedheight =345
                    borderthemecolorindex =-1
                    forethemecolorindex =0
                    foreshade =100.0
                end
                begin combobox
                    limittolist = notdefault
                    imesentencemode =3
                    columncount =2
                    left =9600
                    width =1680
                    height =345
                    tabindex =8
                    bordercolor =6381921
                    forecolor =0
                    columninfo ="\"\";\"\";\"\";\"\";\"10\";\"50\""
                    guid = begin
                        0x069cb682f891f84c82540d91acbd434f
                    end
                    name ="volumeTiming"
                    controlsource ="volumeTiming"
                    rowsourcetype ="Table/Query"
                    rowsource ="SELECT tblDropDowns_StrategicPlanning.recordId, tblDropDowns_StrategicPlanning.v"
                        "olumeTiming FROM tblDropDowns_StrategicPlanning WHERE (((tblDropDowns_StrategicP"
                        "lanning.volumeTiming) Is Not Null)) ORDER BY tblDropDowns_StrategicPlanning.volu"
                        "meTiming;"
                    columnwidths ="0;1440"
                    afterupdate ="=trackUpdate()"
                    tag ="txtContrastBorder.L2"
                    allowvaluelistedits =0

                    layoutcachedleft =9600
                    layoutcachedwidth =11280
                    layoutcachedheight =345
                    borderthemecolorindex =-1
                    forethemecolorindex =0
                    foreshade =100.0
                end
                begin combobox
                    limittolist = notdefault
                    imesentencemode =3
                    columncount =2
                    left =11340
                    width =1860
                    height =345
                    tabindex =9
                    bordercolor =6381921
                    forecolor =0
                    columninfo ="\"\";\"\";\"\";\"\";\"10\";\"200\""
                    guid = begin
                        0x78452729e81f4f478a765ed9bc87e27c
                    end
                    name ="capacityResults"
                    controlsource ="capacityResults"
                    rowsourcetype ="Table/Query"
                    rowsource ="SELECT tblDropDowns_StrategicPlanning.recordId, tblDropDowns_StrategicPlanning.r"
                        "esults FROM tblDropDowns_StrategicPlanning WHERE (((tblDropDowns_StrategicPlanni"
                        "ng.results) Is Not Null)) ORDER BY tblDropDowns_StrategicPlanning.results;"
                    columnwidths ="0;1440"
                    afterupdate ="=trackUpdate()"
                    tag ="txtContrastBorder.L2"
                    allowvaluelistedits =0

                    layoutcachedleft =11340
                    layoutcachedwidth =13200
                    layoutcachedheight =345
                    borderthemecolorindex =-1
                    forethemecolorindex =0
                    foreshade =100.0
                end
                begin combobox
                    limittolist = notdefault
                    imesentencemode =3
                    columncount =2
                    listwidth =1440
                    left =13260
                    width =1195
                    height =345
                    tabindex =10
                    bordercolor =6381921
                    forecolor =0
                    columninfo ="\"\";\"\";\"\";\"\";\"10\";\"50\""
                    guid = begin
                        0xffbdebea1a7eb9489eeb3a6a7bb054a2
                    end
                    name ="quoteStatus"
                    controlsource ="quoteStatus"
                    rowsourcetype ="Table/Query"
                    rowsource ="SELECT tblDropDowns_StrategicPlanning.recordId, tblDropDowns_StrategicPlanning.q"
                        "uoteAward FROM tblDropDowns_StrategicPlanning WHERE (((tblDropDowns_StrategicPla"
                        "nning.quoteAward) Is Not Null)) ORDER BY tblDropDowns_StrategicPlanning.quoteAwa"
                        "rd; "
                    columnwidths ="0;1440"
                    afterupdate ="=trackUpdate()"
                    fontname ="Segoe UI"
                    tag ="txtContrastBorder.L2"
                    allowvaluelistedits =0

                    layoutcachedleft =13260
                    layoutcachedwidth =14455
                    layoutcachedheight =345
                    themefontindex =-1
                    borderthemecolorindex =-1
                    bordertint =75.0
                    bordershade =100.0
                    forethemecolorindex =0
                    foreshade =100.0
                end
                begin commandbutton
                    picturetype =1
                    width =360
                    tabindex =11
                    name ="Command2"
                    caption ="Command2"
                    tag ="btnContrastBorder.L3"
                    picture ="\\\\data\\mdbdata\\WorkingDB\\Pictures\\Core\\customerXref.ico"
                    guid = begin
                        0x4136a125c3281347859e77c9110e7b72
                    end

                    cursoronhover =1
                    layoutcachedwidth =360
                    layoutcachedheight =360
                    webimagepaddingleft =2
                    webimagepaddingtop =2
                    webimagepaddingright =1
                    webimagepaddingbottom =1
                    overlaps =1
                end
            end
        end
        begin formfooter
            keeptogether = notdefault
            height =0
            name ="ReportFooter"
            guid = begin
                0xad217bc3d6b5f54b8e853a5d017fcd8b
            end
            alternatebackthemecolorindex =1
            alternatebackshade =95.0
            backthemecolorindex =1
        end
    end
end
