˙žversion =21
versionrequired =20
publishoption =1
checksum =653912988
begin report
    layoutforprint = notdefault
    dividinglines = notdefault
    allowdesignchanges = notdefault
    dategrouping =1
    grpkeeptogether =1
    picturealignment =2
    datasheetgridlinesbehavior =3
    gridx =24
    gridy =24
    width =15360
    datasheetfontheight =11
    itemsuffix =3
    right =19035
    bottom =11985
    datasheetgridlinescolor =14211288
    recsrcdt = begin
        0x04221332f184e640
    end
    guid = begin
        0xcbfbb54a98b2b84cb4b27949e0b92345
    end
    recordsource ="tblCapacityRequest_partnumbers"
    datasheetfontname ="Yu Gothic UI"
    prtmip = begin
        0x6801000068010000680100006801000000000000201c0000e010000001000000 ,
        0x010000006801000000000000a10700000100000001000000
    end
    prtdevmode = begin
        0x0000000000000000000000000000000000000000000000000000000000000000 ,
        0x010400209c000c120fff800301000100ea0a6f08640001000700580202000100 ,
        0x5802020000000000000000000000000000000000000000000000000000000000 ,
        0x0000000000000000000000000000000000000000000000000000000001000000 ,
        0x0200000000020000010000000000000000000000000000000000000031304452 ,
        0xd6e70a3c1286f756000000004f040000789c7554cb72db300cfc179f7b883b4d ,
        0xdbe467343009496c4082c3871fe9f4dfbba464cb8d9b9b885d2cc005a8dfbb5c ,
        0x28584a36d2c4797021d652125d76af3baa45db67666153765f3e503d5b47e512 ,
        0x19d428e402c0c4e662842dc8c2a5709a99ac57db39c905442c8f54a5c9d91a85 ,
        0xcf2baae38850cd20a8875820cfc3aade1a698a3ab9d018f758cfe0d1855ef497 ,
        0x1ed678d0e4497acd55d7d9ffe7643ab21e39095d2c151a46271ca9cc2002a518 ,
        0xc5192a4ec3bbaa3f92d426b17f7a02c8810ec242694246e49435f48a2e4ced4a ,
        0xa15d524df51c4a76ef2d6f710571537351bf64011a6a7005b80b66069ad856c3 ,
        0x1cba34c2a32b45bb74d7794c170e5399879e8eee96f63e924ece82e33d185ff7 ,
        0xcf2f9fcb2c941f2fdf3e15590bfd7c6e751e8dd95a7d85bf9e296b72981ec9da ,
        0x3f8e30a5dbda56431316cdb54925451473b96e04268a8fcce51659d6e676c4d8 ,
        0xb43674dfd6b275393337a583ea9bdce7253a8d09cd1c14d34fb7784bbb468206 ,
        0xde52877b48231a56e1b1a0598dcd19154d8713b0fed5c79655ea7aa9efdd8929 ,
        0x519c9dc9eb9a1ff1923ab53b442285cf85f241c8bcdd3a5ad60aa2022bb697d3 ,
        0x0b605133ff7b013c4b38b2dda72eb3594e46a3e3dcecc1617467eb976637fcb1 ,
        0x0afcdcfe020fcf36cf30c0d432989a123c01e70afef90b009c87d50000000000 ,
        0x0000000000000000000000000000000000000000000000000000000000000000 ,
        0x0000000000000000000000000000000000000000000000000000000000000000 ,
        0x0000000000000000000000000000000000000000000000000000000000000000 ,
        0x0000000000000000000000000000000000000000000000000000000000000000 ,
        0x0000000000000000000000000000000000000000000000000000000000000000 ,
        0x0000000000000000000000000000000000000000000000000000000000000000 ,
        0x0000000000000000000000000000000000000000000000000000000000000000 ,
        0x0000000000000000000000000000000000000000000000000000000000000000 ,
        0x0000000000000000000000000000000000000000000000000000000000000000 ,
        0x0000000000000000000000000000000000000000000000000000000000000000 ,
        0x0000000000000000000000000000000000000000000000000000000000000000 ,
        0x0000000000000000000000000000000000000000000000000000000000000000 ,
        0x0000000000000000000000000000000000000000000000000000000000000000 ,
        0x0000000000000000000000000000000000000000000000000000000000000000 ,
        0x0000000000000000000000000000000000000000000000000000000000000000 ,
        0x0000000000000000000000000000000000000000000000000000000000000000 ,
        0x0000000000000000000000000000000000000000000000000000000000000000 ,
        0x0000000000000000000000000000000000000000000000000000000000000000 ,
        0x0000000000000000000000000000000000000000000000000000000000000000 ,
        0x0000000000000000000000000000000000000000000000000000000000000000 ,
        0x0000000000000000000000000000000000000000000000000000000000000000 ,
        0x0000000000000000000000000000000000000000000000000000000000000000 ,
        0x0000000000000000000000000000000000000000000000000000000000000000 ,
        0x0000000000000000000000000000000000000000000000000000000000000000 ,
        0x0000000000000000000000000000000000000000000000000000000000000000 ,
        0x0000000000000000000000000000000000000000000000000000000000000000 ,
        0x0000000000000000000000000000000000000000000000000000000000000000 ,
        0x0000000000000000000000000000000000000000000000000000000000000000 ,
        0x0000000000000000000000000000000000000000000000000000000000000000 ,
        0x0000000000000000000000000000000000000000000000000000000000000000 ,
        0x0000000000000000000000000000000000000000000000000000000000000000 ,
        0x0000000000000000000000000000000000000000000000000000000000000000 ,
        0x0000000000000000000000000000000000000000000000000000000000000000 ,
        0x0000000000000000000000000000000000000000000000000000000000000000 ,
        0x0000000000000000000000000000000000000000000000000000000000000000 ,
        0x0000000000000000000000000000000000000000000000000000000000000000 ,
        0x0000000000000000000000000000000000000000000000000000000000000000 ,
        0x0000000000000000000000000000000000000000000000000000000000000000 ,
        0x0000000000000000000000000000000000000000000000000000000000000000 ,
        0x0000000000000000000000000000000000000000000000000000000000000000 ,
        0x0000000000000000000000000000000000000000000000000000000000000000 ,
        0x0000000000000000000000000000000000000000000000000000000000000000 ,
        0x0000000000000000000000000000000000000000000000000000000000000000 ,
        0x0000000000000000000000000000000000000000000000000000000000000000 ,
        0x0000000000000000000000000000000000000000000000000000000000000000 ,
        0x0000000000000000000000000000000000000000000000000000000000000000 ,
        0x0000000000000000000000000000000000000000000000000000000000000000 ,
        0x0000000000000000000000000000000000000000000000000000000000000000 ,
        0x0000000000000000000000000000000000000000000000000000000000000000 ,
        0x0000000000000000000000000000000000000000000000000000000000000000 ,
        0x0000000000000000000000000000000000000000000000000000000000000000 ,
        0x0000000000000000000000000000000000000000000000000000000000000000 ,
        0x0000000000000000000000000000000000000000000000000000000000000000 ,
        0x0000000000000000000000000000000000000000000000000000000000000000 ,
        0x0000000000000000000000000000000000000000000000000000000000000000 ,
        0x0000000000000000000000000000000000000000000000000000000000000000 ,
        0x0000000000000000000000000000000000000000000000000000000000000000 ,
        0x0000000000000000000000000000000000000000000000000000000000000000 ,
        0x0000000000000000000000000000000000000000000000000000000000000000 ,
        0x0000000000000000000000000000000000000000000000000000000000000000 ,
        0x0000000000000000000000000000000000000000000000000000000000000000 ,
        0x0000000000000000000000000000000000000000000000000000000000000000 ,
        0x0000000000000000000000000000000000000000000000000000000000000000 ,
        0x0000000000000000000000000000000000000000000000000000000000000000 ,
        0x0000000000000000000000000000000000000000000000000000000000000000 ,
        0x0000000000000000000000000000000000000000000000000000000000000000 ,
        0x0000000000000000000000000000000000000000000000000000000000000000 ,
        0x0000000000000000000000000000000000000000000000000000000000000000 ,
        0x0000000000000000000000000000000000000000000000000000000000000000 ,
        0x0000000000000000000000000000000000000000000000000000000000000000 ,
        0x0000000000000000000000000000000000000000000000000000000000000000 ,
        0x0000000000000000000000000000000000000000000000000000000000000000 ,
        0x0000000000000000000000000000000000000000000000000000000000000000 ,
        0x0000000000000000000000000000000000000000000000000000000000000000 ,
        0x0000000000000000000000000000000000000000000000000000000000000000 ,
        0x0000000000000000000000000000000000000000000000000000000000000000 ,
        0x0000000000000000000000000000000000000000000000000000000000000000 ,
        0x0000000000000000000000000000000000000000000000000000000000000000 ,
        0x0000000000000000000000000000000000000000000000000000000000000000 ,
        0x0000000000000000000000000000000000000000000000000000000000000000 ,
        0x0000000000000000000000000000000000000000000000000000000000000000 ,
        0x0000000000000000000000000000000000000000000000000000000000000000 ,
        0x0000000000000000000000000000000000000000000000000000000000000000 ,
        0x0000000000000000000000000000000000000000000000000000000000000000 ,
        0x0000000000000000000000000000000000000000000000000000000000000000 ,
        0x0000000000000000000000000000000000000000000000000000000000000000 ,
        0x0000000000000000000000000000000000000000000000000000000000000000 ,
        0x0000000000000000000000000000000000000000000000000000000000000000 ,
        0x0000000000000000000000000000000000000000000000000000000000000000 ,
        0x0000000000000000000000000000000000000000000000000000000000000000 ,
        0x0000000000000000000000000000000000000000000000000000000000000000 ,
        0x0000000000000000000000000000000000000000000000000000000000000000 ,
        0x0000000000000000000000000000000000000000000000000000000000000000 ,
        0x0000000000000000000000000000000000000000000000000000000000000000 ,
        0x0000000000000000000000000000000000000000000000000000000000000000 ,
        0x0000000000000000000000000000000000000000000000000000000000000000 ,
        0x0000000000000000000000000000000000000000000000000000000000000000 ,
        0x0000000000000000000000000000000000000000000000000000000000000000 ,
        0x0000000000000000000000000000000000000000000000000000000000000000 ,
        0x0000000000000000000000000000000000000000000000000000000000000000 ,
        0x0000000000000000000000000000000000000000000000000000000000000000 ,
        0x0000000000000000000000000000000000000000000000000000000000000000 ,
        0x0000000000000000000000000000000000000000000000000000000000000000 ,
        0x0000000000000000000000000000000000000000000000000000000000000000 ,
        0x0000000000000000000000000000000000000000000000000000000000000000 ,
        0x0000000000000000000000000000000000000000000000000000000000000000 ,
        0x0000000000000000000000000000000000000000000000000000000000000000 ,
        0x0000000000000000000000000000000000000000000000000000000000000000 ,
        0x0000000000000000000000000000000000000000000000000000000000000000 ,
        0x0000000000000000000000000000000000000000000000000000000000000000 ,
        0x0000000000000000000000000000000000000000000000000000000000000000 ,
        0x0000000000000000000000000000000000000000000000000000000000000000 ,
        0x0000000000000000000000000000000000000000000000000000000000000000 ,
        0x0000000000000000000000000000000000000000000000000000000000000000 ,
        0x0000000000000000000000000000000000000000000000000000000000000000 ,
        0x0000000000000000000000000000000000000000000000000000000000000000 ,
        0x0000000000000000000000000000000000000000000000000000000000000000 ,
        0x0000000000000000000000000000000000000000000000000000000000000000 ,
        0x0000000000000000000000000000000000000000000000000000000000000000 ,
        0x0000000000000000000000000000000000000000000000000000000000000000 ,
        0x0000000000000000000000000000000000000000000000000000000000000000 ,
        0x0000000000000000000000000000000000000000000000000000000000000000 ,
        0x0000000000000000000000000000000000000000000000000000000000000000 ,
        0x0000000000000000000000000000000000000000000000000000000000000000 ,
        0x0000000000000000000000000000000000000000000000000000000000000000 ,
        0x0000000000000000000000000000000000000000000000000000000000000000 ,
        0x0000000000000000000000000000000000000000000000000000000000000000 ,
        0x0000000000000000000000000000000000000000000000000000000000000000 ,
        0x0000000000000000
    end
    prtdevnames = begin
        0x080029003f000100000000000000000000000000000000000000000000000000 ,
        0x0000000000000000000000000000000000000000000000000000000000000031 ,
        0x302e3130362e3234392e313200
    end
    filteronload =0
    fittopage =1
    displayonsharepointsite =1
    datasheetalternatebackcolor =15921906
    datasheetgridlinescolor12 =0
    fittoscreen =1
    datasheetbackthemecolorindex =1
    borderthemecolorindex =3
    themefontindex =1
    forethemecolorindex =0
    alternatebackthemecolorindex =1
    alternatebackshade =95.0
    prtdevmodew = begin
        0x0000000000000000000000000000000000000000000000000000000000000000 ,
        0x45005300490047004e0000002d0044003300440030002d003400420036000000 ,
        0x01040020dc000c120fff800301000100ea0a6f08640001000700580202000100 ,
        0x5802020000000000000000000000000000000000000000000000000000000000 ,
        0x0000000000000000000000000000000000000000000000000000000000000000 ,
        0x0000000000000000000000000000000000000000000000000000000001000000 ,
        0x0200000000020000010000000000000000000000000000000000000031304452 ,
        0xd6e70a3c1286f756000000004f040000789c7554cb72db300cfc179f7b883b4d ,
        0xdbe467343009496c4082c3871fe9f4dfbba464cb8d9b9b885d2cc005a8dfbb5c ,
        0x28584a36d2c4797021d652125d76af3baa45db67666153765f3e503d5b47e512 ,
        0x19d428e402c0c4e662842dc8c2a5709a99ac57db39c905442c8f54a5c9d91a85 ,
        0xcf2baae38850cd20a8875820cfc3aade1a698a3ab9d018f758cfe0d1855ef497 ,
        0x1ed678d0e4497acd55d7d9ffe7643ab21e39095d2c151a46271ca9cc2002a518 ,
        0xc5192a4ec3bbaa3f92d426b17f7a02c8810ec242694246e49435f48a2e4ced4a ,
        0xa15d524df51c4a76ef2d6f710571537351bf64011a6a7005b80b66069ad856c3 ,
        0x1cba34c2a32b45bb74d7794c170e5399879e8eee96f63e924ece82e33d185ff7 ,
        0xcf2f9fcb2c941f2fdf3e15590bfd7c6e751e8dd95a7d85bf9e296b72981ec9da ,
        0x3f8e30a5dbda56431316cdb54925451473b96e04268a8fcce51659d6e676c4d8 ,
        0xb43674dfd6b275393337a583ea9bdce7253a8d09cd1c14d34fb7784bbb468206 ,
        0xde52877b48231a56e1b1a0598dcd19154d8713b0fed5c79655ea7aa9efdd8929 ,
        0x519c9dc9eb9a1ff1923ab53b442285cf85f241c8bcdd3a5ad60aa2022bb697d3 ,
        0x0b605133ff7b013c4b38b2dda72eb3594e46a3e3dcecc1617467eb976637fcb1 ,
        0x0afcdcfe020fcf36cf30c0d432989a123c01e70afef90b009c87d50000000000 ,
        0x0000000000000000000000000000000000000000000000000000000000000000 ,
        0x0000000000000000000000000000000000000000000000000000000000000000 ,
        0x0000000000000000000000000000000000000000000000000000000000000000 ,
        0x0000000000000000000000000000000000000000000000000000000000000000 ,
        0x0000000000000000000000000000000000000000000000000000000000000000 ,
        0x0000000000000000000000000000000000000000000000000000000000000000 ,
        0x0000000000000000000000000000000000000000000000000000000000000000 ,
        0x0000000000000000000000000000000000000000000000000000000000000000 ,
        0x0000000000000000000000000000000000000000000000000000000000000000 ,
        0x0000000000000000000000000000000000000000000000000000000000000000 ,
        0x0000000000000000000000000000000000000000000000000000000000000000 ,
        0x0000000000000000000000000000000000000000000000000000000000000000 ,
        0x0000000000000000000000000000000000000000000000000000000000000000 ,
        0x0000000000000000000000000000000000000000000000000000000000000000 ,
        0x0000000000000000000000000000000000000000000000000000000000000000 ,
        0x0000000000000000000000000000000000000000000000000000000000000000 ,
        0x0000000000000000000000000000000000000000000000000000000000000000 ,
        0x0000000000000000000000000000000000000000000000000000000000000000 ,
        0x0000000000000000000000000000000000000000000000000000000000000000 ,
        0x0000000000000000000000000000000000000000000000000000000000000000 ,
        0x0000000000000000000000000000000000000000000000000000000000000000 ,
        0x0000000000000000000000000000000000000000000000000000000000000000 ,
        0x0000000000000000000000000000000000000000000000000000000000000000 ,
        0x0000000000000000000000000000000000000000000000000000000000000000 ,
        0x0000000000000000000000000000000000000000000000000000000000000000 ,
        0x0000000000000000000000000000000000000000000000000000000000000000 ,
        0x0000000000000000000000000000000000000000000000000000000000000000 ,
        0x0000000000000000000000000000000000000000000000000000000000000000 ,
        0x0000000000000000000000000000000000000000000000000000000000000000 ,
        0x0000000000000000000000000000000000000000000000000000000000000000 ,
        0x0000000000000000000000000000000000000000000000000000000000000000 ,
        0x0000000000000000000000000000000000000000000000000000000000000000 ,
        0x0000000000000000000000000000000000000000000000000000000000000000 ,
        0x0000000000000000000000000000000000000000000000000000000000000000 ,
        0x0000000000000000000000000000000000000000000000000000000000000000 ,
        0x0000000000000000000000000000000000000000000000000000000000000000 ,
        0x0000000000000000000000000000000000000000000000000000000000000000 ,
        0x0000000000000000000000000000000000000000000000000000000000000000 ,
        0x0000000000000000000000000000000000000000000000000000000000000000 ,
        0x0000000000000000000000000000000000000000000000000000000000000000 ,
        0x0000000000000000000000000000000000000000000000000000000000000000 ,
        0x0000000000000000000000000000000000000000000000000000000000000000 ,
        0x0000000000000000000000000000000000000000000000000000000000000000 ,
        0x0000000000000000000000000000000000000000000000000000000000000000 ,
        0x0000000000000000000000000000000000000000000000000000000000000000 ,
        0x0000000000000000000000000000000000000000000000000000000000000000 ,
        0x0000000000000000000000000000000000000000000000000000000000000000 ,
        0x0000000000000000000000000000000000000000000000000000000000000000 ,
        0x0000000000000000000000000000000000000000000000000000000000000000 ,
        0x0000000000000000000000000000000000000000000000000000000000000000 ,
        0x0000000000000000000000000000000000000000000000000000000000000000 ,
        0x0000000000000000000000000000000000000000000000000000000000000000 ,
        0x0000000000000000000000000000000000000000000000000000000000000000 ,
        0x0000000000000000000000000000000000000000000000000000000000000000 ,
        0x0000000000000000000000000000000000000000000000000000000000000000 ,
        0x0000000000000000000000000000000000000000000000000000000000000000 ,
        0x0000000000000000000000000000000000000000000000000000000000000000 ,
        0x0000000000000000000000000000000000000000000000000000000000000000 ,
        0x0000000000000000000000000000000000000000000000000000000000000000 ,
        0x0000000000000000000000000000000000000000000000000000000000000000 ,
        0x0000000000000000000000000000000000000000000000000000000000000000 ,
        0x0000000000000000000000000000000000000000000000000000000000000000 ,
        0x0000000000000000000000000000000000000000000000000000000000000000 ,
        0x0000000000000000000000000000000000000000000000000000000000000000 ,
        0x0000000000000000000000000000000000000000000000000000000000000000 ,
        0x0000000000000000000000000000000000000000000000000000000000000000 ,
        0x0000000000000000000000000000000000000000000000000000000000000000 ,
        0x0000000000000000000000000000000000000000000000000000000000000000 ,
        0x0000000000000000000000000000000000000000000000000000000000000000 ,
        0x0000000000000000000000000000000000000000000000000000000000000000 ,
        0x0000000000000000000000000000000000000000000000000000000000000000 ,
        0x0000000000000000000000000000000000000000000000000000000000000000 ,
        0x0000000000000000000000000000000000000000000000000000000000000000 ,
        0x0000000000000000000000000000000000000000000000000000000000000000 ,
        0x0000000000000000000000000000000000000000000000000000000000000000 ,
        0x0000000000000000000000000000000000000000000000000000000000000000 ,
        0x0000000000000000000000000000000000000000000000000000000000000000 ,
        0x0000000000000000000000000000000000000000000000000000000000000000 ,
        0x0000000000000000000000000000000000000000000000000000000000000000 ,
        0x0000000000000000000000000000000000000000000000000000000000000000 ,
        0x0000000000000000000000000000000000000000000000000000000000000000 ,
        0x0000000000000000000000000000000000000000000000000000000000000000 ,
        0x0000000000000000000000000000000000000000000000000000000000000000 ,
        0x0000000000000000000000000000000000000000000000000000000000000000 ,
        0x0000000000000000000000000000000000000000000000000000000000000000 ,
        0x0000000000000000000000000000000000000000000000000000000000000000 ,
        0x0000000000000000000000000000000000000000000000000000000000000000 ,
        0x0000000000000000000000000000000000000000000000000000000000000000 ,
        0x0000000000000000000000000000000000000000000000000000000000000000 ,
        0x0000000000000000000000000000000000000000000000000000000000000000 ,
        0x0000000000000000000000000000000000000000000000000000000000000000 ,
        0x0000000000000000000000000000000000000000000000000000000000000000 ,
        0x0000000000000000000000000000000000000000000000000000000000000000 ,
        0x0000000000000000000000000000000000000000000000000000000000000000 ,
        0x0000000000000000000000000000000000000000000000000000000000000000 ,
        0x0000000000000000000000000000000000000000000000000000000000000000 ,
        0x0000000000000000000000000000000000000000000000000000000000000000 ,
        0x0000000000000000000000000000000000000000000000000000000000000000 ,
        0x0000000000000000000000000000000000000000000000000000000000000000 ,
        0x0000000000000000000000000000000000000000000000000000000000000000 ,
        0x0000000000000000000000000000000000000000000000000000000000000000 ,
        0x0000000000000000000000000000000000000000000000000000000000000000 ,
        0x0000000000000000000000000000000000000000000000000000000000000000 ,
        0x0000000000000000000000000000000000000000000000000000000000000000 ,
        0x0000000000000000000000000000000000000000000000000000000000000000 ,
        0x0000000000000000000000000000000000000000000000000000000000000000 ,
        0x0000000000000000000000000000000000000000000000000000000000000000 ,
        0x0000000000000000000000000000000000000000000000000000000000000000 ,
        0x0000000000000000000000000000000000000000000000000000000000000000 ,
        0x0000000000000000000000000000000000000000000000000000000000000000 ,
        0x0000000000000000000000000000000000000000000000000000000000000000 ,
        0x0000000000000000000000000000000000000000000000000000000000000000 ,
        0x0000000000000000000000000000000000000000000000000000000000000000 ,
        0x0000000000000000000000000000000000000000000000000000000000000000 ,
        0x0000000000000000000000000000000000000000000000000000000000000000 ,
        0x0000000000000000000000000000000000000000000000000000000000000000 ,
        0x0000000000000000000000000000000000000000000000000000000000000000 ,
        0x0000000000000000000000000000000000000000000000000000000000000000 ,
        0x0000000000000000000000000000000000000000000000000000000000000000 ,
        0x0000000000000000000000000000000000000000000000000000000000000000 ,
        0x0000000000000000000000000000000000000000000000000000000000000000 ,
        0x0000000000000000000000000000000000000000000000000000000000000000 ,
        0x0000000000000000000000000000000000000000000000000000000000000000 ,
        0x0000000000000000000000000000000000000000000000000000000000000000 ,
        0x0000000000000000000000000000000000000000000000000000000000000000 ,
        0x0000000000000000000000000000000000000000000000000000000000000000 ,
        0x0000000000000000000000000000000000000000000000000000000000000000 ,
        0x0000000000000000000000000000000000000000000000000000000000000000 ,
        0x0000000000000000
    end
    prtdevnamesw = begin
        0x040025003b000100000000000000000000000000000000000000000000000000 ,
        0x0000000000000000000000000000000000000000000000000000000000000000 ,
        0x0000000000000000000000000000000000000000000000000000000000000000 ,
        0x00000000000000000000000000000000000000000000310030002e0031003000 ,
        0x36002e003200340039002e00310032000000
    end
    nosavectiwhendisabled =1
    begin
        begin label
            backstyle =0
            fontsize =11
            bordercolor =8355711
            forecolor =6710886
            fontname ="Yu Gothic UI"
            gridlinecolor =10921638
            themefontindex =1
            backthemecolorindex =1
            borderthemecolorindex =0
            bordertint =50.0
            forethemecolorindex =0
            foretint =60.0
            gridlinethemecolorindex =1
            gridlineshade =65.0
        end
        begin commandbutton
            fontsize =11
            fontweight =400
            forecolor =4210752
            fontname ="Yu Gothic UI"
            gridlinecolor =10921638
            forethemecolorindex =0
            foretint =75.0
            gridlinethemecolorindex =1
            gridlineshade =65.0
            usetheme =1
            shape =1
            gradient =12
            backcolor =6750034
            backthemecolorindex =4
            backtint =60.0
            borderlinestyle =0
            bordercolor =6750034
            borderthemecolorindex =4
            bordertint =60.0
            themefontindex =1
            hovercolor =10092428
            hoverthemecolorindex =4
            hovertint =40.0
            pressedcolor =1287680
            pressedthemecolorindex =4
            pressedshade =75.0
            hoverforecolor =4210752
            hoverforethemecolorindex =0
            hoverforetint =75.0
            pressedforecolor =4210752
            pressedforethemecolorindex =0
            pressedforetint =75.0
        end
        begin textbox
            addcolon = notdefault
            felinebreak = notdefault
            borderlinestyle =0
            labelx =-1800
            fontsize =11
            bordercolor =10921638
            forecolor =4210752
            fontname ="Yu Gothic UI"
            asianlinebreak =1
            gridlinecolor =10921638
            showdatepicker =0
            backthemecolorindex =1
            borderthemecolorindex =1
            bordershade =65.0
            themefontindex =1
            forethemecolorindex =0
            foretint =75.0
            gridlinethemecolorindex =1
            gridlineshade =65.0
        end
        begin combobox
            addcolon = notdefault
            borderlinestyle =0
            labelx =-1800
            fontsize =11
            bordercolor =10921638
            forecolor =2039583
            fontname ="Yu Gothic UI"
            gridlinecolor =10921638
            allowvaluelistedits =1
            inheritvaluelist =1
            themefontindex =1
            backthemecolorindex =1
            borderthemecolorindex =1
            bordershade =65.0
            forethemecolorindex =2
            foreshade =50.0
            gridlinethemecolorindex =1
            gridlineshade =65.0
        end
        begin subform
            borderlinestyle =0
            gridlinecolor =10921638
            gridlinethemecolorindex =1
            gridlineshade =65.0
        end
        begin formheader
            keeptogether = notdefault
            height =360
            backcolor =14277081
            name ="ReportHeader"
            guid = begin
                0x34d99650cf6f8d44a3d3989610c5234b
            end
            autoheight =1
            alternatebackthemecolorindex =1
            alternatebackshade =95.0
            backthemecolorindex =2
            backtint =20.0
            begin
                begin label
                    left =840
                    width =1200
                    height =345
                    fontweight =700
                    bordercolor =4342338
                    forecolor =0
                    name ="Label69"
                    caption ="Req ID"
                    fontname ="Segoe UI"
                    tag ="lbl.L1"
                    guid = begin
                        0xae2425c3dc4e2449953e208638623c6e
                    end
                    layoutcachedleft =840
                    layoutcachedwidth =2040
                    layoutcachedheight =345
                    themefontindex =-1
                    borderthemecolorindex =-1
                    foretint =100.0
                end
                begin label
                    left =2100
                    width =1080
                    height =345
                    fontweight =700
                    bordercolor =4342338
                    forecolor =0
                    name ="Label70"
                    caption ="PN"
                    fontname ="Segoe UI"
                    tag ="lbl.L1"
                    guid = begin
                        0x4593f7ab8fb28b49b4fac0ea664d3ab7
                    end
                    layoutcachedleft =2100
                    layoutcachedwidth =3180
                    layoutcachedheight =345
                    themefontindex =-1
                    borderthemecolorindex =-1
                    foretint =100.0
                end
                begin label
                    left =7140
                    width =585
                    height =345
                    fontweight =700
                    bordercolor =4342338
                    forecolor =0
                    name ="Label74"
                    caption ="PPV"
                    fontname ="Segoe UI"
                    tag ="lbl.L1"
                    guid = begin
                        0x320a8c1de4edc84cad5ca3ca50007d54
                    end
                    layoutcachedleft =7140
                    layoutcachedwidth =7725
                    layoutcachedheight =345
                    themefontindex =-1
                    borderthemecolorindex =-1
                    foretint =100.0
                end
                begin label
                    left =9360
                    width =1020
                    height =345
                    fontweight =700
                    bordercolor =4342338
                    forecolor =0
                    name ="Label76"
                    caption ="Volume"
                    fontname ="Segoe UI"
                    tag ="lbl.L1"
                    guid = begin
                        0x2dce2e5b70ced84385f96efe5cc2c1b9
                    end
                    layoutcachedleft =9360
                    layoutcachedwidth =10380
                    layoutcachedheight =345
                    themefontindex =-1
                    borderthemecolorindex =-1
                    foretint =100.0
                end
                begin label
                    left =3240
                    width =840
                    height =345
                    fontweight =700
                    bordercolor =4342338
                    forecolor =0
                    name ="Label71"
                    caption ="Unit"
                    fontname ="Segoe UI"
                    tag ="lbl.L1"
                    guid = begin
                        0xeb83b8cfd26ee241badde2b941accec3
                    end
                    layoutcachedleft =3240
                    layoutcachedwidth =4080
                    layoutcachedheight =345
                    themefontindex =-1
                    borderthemecolorindex =-1
                    foretint =100.0
                end
                begin label
                    left =4140
                    width =1800
                    height =345
                    fontweight =700
                    bordercolor =4342338
                    forecolor =0
                    name ="Label72"
                    caption ="Production Type"
                    fontname ="Segoe UI"
                    tag ="lbl.L1"
                    guid = begin
                        0xa6a17c474093cb408562c1461a3444f4
                    end
                    layoutcachedleft =4140
                    layoutcachedwidth =5940
                    layoutcachedheight =345
                    themefontindex =-1
                    borderthemecolorindex =-1
                    foretint =100.0
                end
                begin label
                    left =6000
                    width =1080
                    height =345
                    fontweight =700
                    bordercolor =4342338
                    forecolor =0
                    name ="Label73"
                    caption ="Tonnage"
                    fontname ="Segoe UI"
                    tag ="lbl.L1"
                    guid = begin
                        0x159cdf3859c230438bae2bcc45487bc2
                    end
                    layoutcachedleft =6000
                    layoutcachedwidth =7080
                    layoutcachedheight =345
                    themefontindex =-1
                    borderthemecolorindex =-1
                    foretint =100.0
                end
                begin label
                    left =7800
                    width =1515
                    height =345
                    fontweight =700
                    bordercolor =4342338
                    forecolor =0
                    name ="Label75"
                    caption ="Volume Type"
                    fontname ="Segoe UI"
                    tag ="lbl.L1"
                    guid = begin
                        0x58629d232ab1534aba8574be2434c296
                    end
                    layoutcachedleft =7800
                    layoutcachedwidth =9315
                    layoutcachedheight =345
                    themefontindex =-1
                    borderthemecolorindex =-1
                    foretint =100.0
                end
                begin label
                    left =10440
                    width =1680
                    height =345
                    fontweight =700
                    bordercolor =4342338
                    forecolor =0
                    name ="Label77"
                    caption ="Volume Timing"
                    fontname ="Segoe UI"
                    tag ="lbl.L1"
                    guid = begin
                        0xf981e8e1846ae640985f8a1a72123607
                    end
                    layoutcachedleft =10440
                    layoutcachedwidth =12120
                    layoutcachedheight =345
                    themefontindex =-1
                    borderthemecolorindex =-1
                    foretint =100.0
                end
                begin label
                    left =12180
                    width =1845
                    height =345
                    fontweight =700
                    bordercolor =4342338
                    forecolor =0
                    name ="Label78"
                    caption ="Capacity Results"
                    fontname ="Segoe UI"
                    tag ="lbl.L1"
                    guid = begin
                        0xdcad4aecb80a7d49b4abd871339abaf1
                    end
                    layoutcachedleft =12180
                    layoutcachedwidth =14025
                    layoutcachedheight =345
                    themefontindex =-1
                    borderthemecolorindex =-1
                    foretint =100.0
                end
                begin label
                    left =14040
                    width =1195
                    height =360
                    fontweight =700
                    bordercolor =4342338
                    forecolor =0
                    name ="Quote_Label"
                    caption ="Quote"
                    fontname ="Segoe UI"
                    tag ="lbl.L1"
                    guid = begin
                        0x9fec4f4596bc3a4e8573a44381c86770
                    end
                    layoutcachedleft =14040
                    layoutcachedwidth =15235
                    layoutcachedheight =360
                    themefontindex =-1
                    borderthemecolorindex =-1
                    foretint =100.0
                end
            end
        end
        begin section
            keeptogether = notdefault
            cangrow = notdefault
            height =420
            name ="Detail"
            guid = begin
                0xc1f9344a0aed2946a1d79f5cf7838aa3
            end
            alternatebackcolor =15921906
            alternatebackthemecolorindex =1
            alternatebackshade =95.0
            backthemecolorindex =1
            begin
                begin textbox
                    locked = notdefault
                    imesentencemode =3
                    left =840
                    width =1200
                    height =345
                    bordercolor =6381921
                    forecolor =0
                    name ="requestId"
                    controlsource ="requestId"
                    tag ="txt.L2"
                    guid = begin
                        0xcb6034c96a6cd042a16436e15addc53b
                    end
                    showdatepicker =1

                    layoutcachedleft =840
                    layoutcachedwidth =2040
                    layoutcachedheight =345
                    borderthemecolorindex =-1
                    foretint =100.0
                end
                begin textbox
                    imesentencemode =3
                    left =2100
                    width =1020
                    height =345
                    tabindex =1
                    bordercolor =6381921
                    forecolor =0
                    name ="partNumber"
                    controlsource ="partNumber"
                    tag ="txtContrastBorder.L2"
                    guid = begin
                        0xb3b9cdbc64123e40b8a6952b966a1db9
                    end
                    showdatepicker =1

                    layoutcachedleft =2100
                    layoutcachedwidth =3120
                    layoutcachedheight =345
                    borderthemecolorindex =-1
                    foretint =100.0
                end
                begin textbox
                    imesentencemode =3
                    left =7140
                    width =600
                    height =345
                    tabindex =2
                    bordercolor =6381921
                    forecolor =0
                    name ="ppv"
                    controlsource ="ppv"
                    afterupdate ="=trackUpdate()"
                    tag ="txtContrastBorder.L2"
                    guid = begin
                        0x7e44d9d1a28e35459abc02ac28095e52
                    end
                    showdatepicker =1

                    layoutcachedleft =7140
                    layoutcachedwidth =7740
                    layoutcachedheight =345
                    borderthemecolorindex =-1
                    foretint =100.0
                end
                begin textbox
                    imesentencemode =3
                    left =9360
                    width =1020
                    height =345
                    tabindex =3
                    bordercolor =6381921
                    forecolor =0
                    name ="volume"
                    controlsource ="volume"
                    afterupdate ="=trackUpdate()"
                    tag ="txtContrastBorder.L2"
                    guid = begin
                        0x9333fe50c19e0e45bdfb9efa915f2b08
                    end
                    showdatepicker =1

                    layoutcachedleft =9360
                    layoutcachedwidth =10380
                    layoutcachedheight =345
                    borderthemecolorindex =-1
                    foretint =100.0
                end
                begin combobox
                    limittolist = notdefault
                    imesentencemode =3
                    columncount =2
                    left =3180
                    width =900
                    height =345
                    tabindex =4
                    bordercolor =6381921
                    forecolor =0
                    columninfo ="\"\";\"\";\"\";\"\";\"10\";\"510\""
                    guid = begin
                        0x63bf0b53626af14d9104fd69fa73ad36
                    end
                    name ="unitId"
                    controlsource ="unitId"
                    rowsourcetype ="Table/Query"
                    rowsource ="SELECT tblUnits.recordID, tblUnits.unitName FROM tblUnits ORDER BY tblUnits.unit"
                        "Number;"
                    columnwidths ="0;1440"
                    afterupdate ="=trackUpdate()"
                    tag ="txtContrastBorder.L2"
                    baseinfo ="\"select tblunits.recordid, tblunits.unitname from tblunits order by tblunits.un"
                        "itNumber;\";\"tblUnits\";\"\";\"recordID\";\"unitName\";\"PrimaryKey\""
                    allowvaluelistedits =0

                    layoutcachedleft =3180
                    layoutcachedwidth =4080
                    layoutcachedheight =345
                    borderthemecolorindex =-1
                    forethemecolorindex =0
                    foreshade =100.0
                end
                begin combobox
                    limittolist = notdefault
                    imesentencemode =3
                    columncount =2
                    left =4140
                    width =1785
                    height =345
                    tabindex =5
                    bordercolor =6381921
                    forecolor =0
                    columninfo ="\"\";\"\";\"\";\"\";\"10\";\"110\""
                    guid = begin
                        0xd650d21c5dd93b49a43c6190ea7b394a
                    end
                    name ="productionType"
                    controlsource ="productionType"
                    rowsourcetype ="Table/Query"
                    rowsource ="SELECT tblDropDowns_StrategicPlanning.recordId, tblDropDowns_StrategicPlanning.p"
                        "roductionType FROM tblDropDowns_StrategicPlanning WHERE (((tblDropDowns_Strategi"
                        "cPlanning.productionType) Is Not Null)) ORDER BY tblDropDowns_StrategicPlanning."
                        "productionType;"
                    columnwidths ="0;1440"
                    afterupdate ="=trackUpdate()"
                    tag ="txtContrastBorder.L2"
                    allowvaluelistedits =0

                    layoutcachedleft =4140
                    layoutcachedwidth =5925
                    layoutcachedheight =345
                    borderthemecolorindex =-1
                    forethemecolorindex =0
                    foreshade =100.0
                end
                begin combobox
                    limittolist = notdefault
                    imesentencemode =3
                    left =6000
                    width =1080
                    height =345
                    tabindex =6
                    bordercolor =6381921
                    forecolor =0
                    columninfo ="\"\";\"\";\"10\";\"50\""
                    guid = begin
                        0xe3e197385f901342a3babe5f75299847
                    end
                    name ="tonnage"
                    controlsource ="tonnage"
                    rowsourcetype ="Table/Query"
                    rowsource ="SELECT tblDropDownsSP.presssizeall FROM tblDropDownsSP WHERE (((tblDropDownsSP.p"
                        "resssizeall) Is Not Null));"
                    columnwidths ="1440"
                    afterupdate ="=trackUpdate()"
                    tag ="txtContrastBorder.L2"
                    allowvaluelistedits =0

                    layoutcachedleft =6000
                    layoutcachedwidth =7080
                    layoutcachedheight =345
                    borderthemecolorindex =-1
                    forethemecolorindex =0
                    foreshade =100.0
                end
                begin combobox
                    limittolist = notdefault
                    imesentencemode =3
                    columncount =2
                    left =7800
                    width =1500
                    height =345
                    tabindex =7
                    bordercolor =6381921
                    forecolor =0
                    columninfo ="\"\";\"\";\"\";\"\";\"10\";\"110\""
                    guid = begin
                        0xda23f83782639047b9f904e82a510bf6
                    end
                    name ="volumeType"
                    controlsource ="volumeType"
                    rowsourcetype ="Table/Query"
                    rowsource ="SELECT tblDropDowns_StrategicPlanning.recordId, tblDropDowns_StrategicPlanning.v"
                        "olumeType FROM tblDropDowns_StrategicPlanning WHERE (((tblDropDowns_StrategicPla"
                        "nning.volumeType) Is Not Null)) ORDER BY tblDropDowns_StrategicPlanning.volumeTy"
                        "pe;"
                    columnwidths ="0;1440"
                    afterupdate ="=trackUpdate()"
                    tag ="txtContrastBorder.L2"
                    allowvaluelistedits =0

                    layoutcachedleft =7800
                    layoutcachedwidth =9300
                    layoutcachedheight =345
                    borderthemecolorindex =-1
                    forethemecolorindex =0
                    foreshade =100.0
                end
                begin combobox
                    limittolist = notdefault
                    imesentencemode =3
                    columncount =2
                    left =10440
                    width =1680
                    height =345
                    tabindex =8
                    bordercolor =6381921
                    forecolor =0
                    columninfo ="\"\";\"\";\"\";\"\";\"10\";\"50\""
                    guid = begin
                        0x6458bd92394624469e268aba800a61e8
                    end
                    name ="volumeTiming"
                    controlsource ="volumeTiming"
                    rowsourcetype ="Table/Query"
                    rowsource ="SELECT tblDropDowns_StrategicPlanning.recordId, tblDropDowns_StrategicPlanning.v"
                        "olumeTiming FROM tblDropDowns_StrategicPlanning WHERE (((tblDropDowns_StrategicP"
                        "lanning.volumeTiming) Is Not Null)) ORDER BY tblDropDowns_StrategicPlanning.volu"
                        "meTiming;"
                    columnwidths ="0;1440"
                    afterupdate ="=trackUpdate()"
                    tag ="txtContrastBorder.L2"
                    allowvaluelistedits =0

                    layoutcachedleft =10440
                    layoutcachedwidth =12120
                    layoutcachedheight =345
                    borderthemecolorindex =-1
                    forethemecolorindex =0
                    foreshade =100.0
                end
                begin combobox
                    limittolist = notdefault
                    imesentencemode =3
                    columncount =2
                    left =12180
                    width =1860
                    height =345
                    tabindex =9
                    bordercolor =6381921
                    forecolor =0
                    columninfo ="\"\";\"\";\"\";\"\";\"10\";\"200\""
                    guid = begin
                        0x2da4992c1d41c84080af2c3a828b67e9
                    end
                    name ="capacityResults"
                    controlsource ="capacityResults"
                    rowsourcetype ="Table/Query"
                    rowsource ="SELECT tblDropDowns_StrategicPlanning.recordId, tblDropDowns_StrategicPlanning.r"
                        "esults FROM tblDropDowns_StrategicPlanning WHERE (((tblDropDowns_StrategicPlanni"
                        "ng.results) Is Not Null)) ORDER BY tblDropDowns_StrategicPlanning.results;"
                    columnwidths ="0;1440"
                    afterupdate ="=trackUpdate()"
                    tag ="txtContrastBorder.L2"
                    allowvaluelistedits =0

                    layoutcachedleft =12180
                    layoutcachedwidth =14040
                    layoutcachedheight =345
                    borderthemecolorindex =-1
                    forethemecolorindex =0
                    foreshade =100.0
                end
                begin combobox
                    limittolist = notdefault
                    imesentencemode =3
                    columncount =2
                    listwidth =1440
                    left =14100
                    width =1195
                    height =345
                    tabindex =10
                    bordercolor =6381921
                    forecolor =0
                    columninfo ="\"\";\"\";\"\";\"\";\"10\";\"50\""
                    guid = begin
                        0x6f41f532c29c3f4386aa961c61802f36
                    end
                    name ="quoteStatus"
                    controlsource ="quoteStatus"
                    rowsourcetype ="Table/Query"
                    rowsource ="SELECT tblDropDowns_StrategicPlanning.recordId, tblDropDowns_StrategicPlanning.q"
                        "uoteAward FROM tblDropDowns_StrategicPlanning WHERE (((tblDropDowns_StrategicPla"
                        "nning.quoteAward) Is Not Null)) ORDER BY tblDropDowns_StrategicPlanning.quoteAwa"
                        "rd; "
                    columnwidths ="0;1440"
                    afterupdate ="=trackUpdate()"
                    fontname ="Segoe UI"
                    tag ="txtContrastBorder.L2"
                    allowvaluelistedits =0

                    layoutcachedleft =14100
                    layoutcachedwidth =15295
                    layoutcachedheight =345
                    themefontindex =-1
                    borderthemecolorindex =-1
                    bordertint =75.0
                    bordershade =100.0
                    forethemecolorindex =0
                    foreshade =100.0
                end
                begin commandbutton
                    picturetype =1
                    left =180
                    width =480
                    tabindex =11
                    name ="Command2"
                    caption ="Command2"
                    onclick ="[Event Procedure]"
                    tag ="btnContrastBorder.L3"
                    picture ="\\\\data\\mdbdata\\WorkingDB\\Pictures\\Core\\customerXref.ico"
                    guid = begin
                        0xb097e2155a131d498dd073707cde26d6
                    end

                    cursoronhover =1
                    layoutcachedleft =180
                    layoutcachedwidth =660
                    layoutcachedheight =360
                    webimagepaddingleft =2
                    webimagepaddingtop =2
                    webimagepaddingright =1
                    webimagepaddingbottom =1
                    overlaps =1
                end
            end
        end
        begin formfooter
            keeptogether = notdefault
            height =0
            name ="ReportFooter"
            guid = begin
                0x7084aaa89ea6c14da15842bf5ec95030
            end
            alternatebackthemecolorindex =1
            alternatebackshade =95.0
            backthemecolorindex =1
        end
    end
end
codebehindform
attribute vb_globalnamespace = false
attribute vb_creatable = true
attribute vb_predeclaredid = true
attribute vb_exposed = false



private sub command2_click()
on error goto errhandler
 
    if isnull(me.requestid) then exit sub
 
    docmd.openform "frmCapacityRequestDetails", acnormal, , "recordId = " & me.requestid
 
exit sub
errhandler:
    msgbox "Open Details error " & err.number & ":" & vbcrlf & err.description, vbexclamation

end sub
